<?xml version="1.0" encoding="UTF-8"?>
<coverage generated="1742376376463" clover="3.2.0">
  <project timestamp="1742376376463" name="All files">
    <metrics statements="1750" coveredstatements="993" conditionals="747" coveredconditionals="204" methods="712" coveredmethods="174" elements="3209" coveredelements="1371" complexity="0" loc="1750" ncloc="1750" packages="41" files="153" classes="153"/>
    <package name="src">
      <metrics statements="241" coveredstatements="114" conditionals="93" coveredconditionals="26" methods="92" coveredmethods="25"/>
      <file name="AbsoluteUrl.ts" path="/Users/enguerran/Sites/betagouv/immersion-facile/shared/src/AbsoluteUrl.ts">
        <metrics statements="5" coveredstatements="5" conditionals="5" coveredconditionals="5" methods="2" coveredmethods="2"/>
        <line num="7" count="3" type="stmt"/>
        <line num="16" count="3" type="stmt"/>
        <line num="18" count="4" type="stmt"/>
        <line num="29" count="3" type="stmt"/>
        <line num="30" count="8" type="cond" truecount="2" falsecount="0"/>
      </file>
      <file name="Builder.ts" path="/Users/enguerran/Sites/betagouv/immersion-facile/shared/src/Builder.ts">
        <metrics statements="0" coveredstatements="0" conditionals="0" coveredconditionals="0" methods="0" coveredmethods="0"/>
      </file>
      <file name="ShareLinkByEmailDto.ts" path="/Users/enguerran/Sites/betagouv/immersion-facile/shared/src/ShareLinkByEmailDto.ts">
        <metrics statements="1" coveredstatements="1" conditionals="0" coveredconditionals="0" methods="0" coveredmethods="0"/>
        <line num="14" count="1" type="stmt"/>
      </file>
      <file name="acquisition.dto.ts" path="/Users/enguerran/Sites/betagouv/immersion-facile/shared/src/acquisition.dto.ts">
        <metrics statements="1" coveredstatements="1" conditionals="0" coveredconditionals="0" methods="0" coveredmethods="0"/>
        <line num="8" count="2" type="stmt"/>
      </file>
      <file name="domElementIds.ts" path="/Users/enguerran/Sites/betagouv/immersion-facile/shared/src/domElementIds.ts">
        <metrics statements="16" coveredstatements="5" conditionals="0" coveredconditionals="0" methods="15" coveredmethods="4"/>
        <line num="38" count="21" type="stmt"/>
        <line num="39" count="12" type="stmt"/>
        <line num="40" count="13" type="stmt"/>
        <line num="41" count="23" type="stmt"/>
        <line num="43" count="1" type="stmt"/>
        <line num="216" count="0" type="stmt"/>
        <line num="406" count="0" type="stmt"/>
        <line num="408" count="0" type="stmt"/>
        <line num="451" count="0" type="stmt"/>
        <line num="453" count="0" type="stmt"/>
        <line num="468" count="0" type="stmt"/>
        <line num="470" count="0" type="stmt"/>
        <line num="535" count="0" type="stmt"/>
        <line num="537" count="0" type="stmt"/>
        <line num="567" count="0" type="stmt"/>
        <line num="585" count="0" type="stmt"/>
      </file>
      <file name="envHelpers.ts" path="/Users/enguerran/Sites/betagouv/immersion-facile/shared/src/envHelpers.ts">
        <metrics statements="31" coveredstatements="5" conditionals="18" coveredconditionals="0" methods="10" coveredmethods="0"/>
        <line num="11" count="1" type="stmt"/>
        <line num="12" count="0" type="stmt"/>
        <line num="17" count="0" type="stmt"/>
        <line num="19" count="0" type="cond" truecount="0" falsecount="2"/>
        <line num="20" count="0" type="cond" truecount="0" falsecount="2"/>
        <line num="21" count="0" type="stmt"/>
        <line num="26" count="0" type="stmt"/>
        <line num="30" count="1" type="stmt"/>
        <line num="31" count="0" type="cond" truecount="0" falsecount="2"/>
        <line num="32" count="0" type="cond" truecount="0" falsecount="2"/>
        <line num="33" count="0" type="stmt"/>
        <line num="34" count="0" type="stmt"/>
        <line num="38" count="1" type="stmt"/>
        <line num="39" count="0" type="stmt"/>
        <line num="43" count="0" type="cond" truecount="0" falsecount="2"/>
        <line num="44" count="0" type="cond" truecount="0" falsecount="2"/>
        <line num="46" count="0" type="stmt"/>
        <line num="47" count="0" type="cond" truecount="0" falsecount="2"/>
        <line num="48" count="0" type="stmt"/>
        <line num="52" count="0" type="stmt"/>
        <line num="58" count="1" type="stmt"/>
        <line num="59" count="0" type="stmt"/>
        <line num="60" count="0" type="stmt"/>
        <line num="61" count="0" type="cond" truecount="0" falsecount="2"/>
        <line num="62" count="0" type="cond" truecount="0" falsecount="2"/>
        <line num="63" count="0" type="stmt"/>
        <line num="66" count="0" type="stmt"/>
        <line num="78" count="1" type="stmt"/>
        <line num="79" count="0" type="stmt"/>
        <line num="80" count="0" type="stmt"/>
        <line num="81" count="0" type="stmt"/>
      </file>
      <file name="environment.ts" path="/Users/enguerran/Sites/betagouv/immersion-facile/shared/src/environment.ts">
        <metrics statements="1" coveredstatements="1" conditionals="0" coveredconditionals="0" methods="0" coveredmethods="0"/>
        <line num="1" count="1" type="stmt"/>
      </file>
      <file name="headers.ts" path="/Users/enguerran/Sites/betagouv/immersion-facile/shared/src/headers.ts">
        <metrics statements="4" coveredstatements="3" conditionals="0" coveredconditionals="0" methods="1" coveredmethods="0"/>
        <line num="7" count="1" type="stmt"/>
        <line num="13" count="1" type="stmt"/>
        <line num="15" count="0" type="stmt"/>
        <line num="21" count="1" type="stmt"/>
      </file>
      <file name="index.ts" path="/Users/enguerran/Sites/betagouv/immersion-facile/shared/src/index.ts">
        <metrics statements="0" coveredstatements="0" conditionals="0" coveredconditionals="0" methods="0" coveredmethods="0"/>
      </file>
      <file name="npsForms.ts" path="/Users/enguerran/Sites/betagouv/immersion-facile/shared/src/npsForms.ts">
        <metrics statements="1" coveredstatements="1" conditionals="0" coveredconditionals="0" methods="0" coveredmethods="0"/>
        <line num="1" count="1" type="stmt"/>
      </file>
      <file name="phone.schema.ts" path="/Users/enguerran/Sites/betagouv/immersion-facile/shared/src/phone.schema.ts">
        <metrics statements="10" coveredstatements="9" conditionals="2" coveredconditionals="2" methods="3" coveredmethods="2"/>
        <line num="7" count="3" type="stmt"/>
        <line num="9" count="3" type="stmt"/>
        <line num="10" count="432" type="stmt"/>
        <line num="11" count="456" type="stmt"/>
        <line num="14" count="432" type="cond" truecount="2" falsecount="0"/>
        <line num="15" count="6" type="stmt"/>
        <line num="19" count="6" type="stmt"/>
        <line num="21" count="426" type="stmt"/>
        <line num="24" count="3" type="stmt"/>
        <line num="29" count="0" type="stmt"/>
      </file>
      <file name="pipeWithValue.ts" path="/Users/enguerran/Sites/betagouv/immersion-facile/shared/src/pipeWithValue.ts">
        <metrics statements="11" coveredstatements="2" conditionals="10" coveredconditionals="1" methods="1" coveredmethods="1"/>
        <line num="82" count="7" type="cond" truecount="1" falsecount="9"/>
        <line num="84" count="0" type="stmt"/>
        <line num="86" count="0" type="stmt"/>
        <line num="88" count="0" type="stmt"/>
        <line num="90" count="7" type="stmt"/>
        <line num="92" count="0" type="stmt"/>
        <line num="94" count="0" type="stmt"/>
        <line num="96" count="0" type="stmt"/>
        <line num="98" count="0" type="stmt"/>
        <line num="100" count="0" type="stmt"/>
        <line num="102" count="0" type="stmt"/>
      </file>
      <file name="rome.ts" path="/Users/enguerran/Sites/betagouv/immersion-facile/shared/src/rome.ts">
        <metrics statements="2" coveredstatements="2" conditionals="0" coveredconditionals="0" methods="0" coveredmethods="0"/>
        <line num="4" count="1" type="stmt"/>
        <line num="6" count="1" type="stmt"/>
      </file>
      <file name="tallyForm.ts" path="/Users/enguerran/Sites/betagouv/immersion-facile/shared/src/tallyForm.ts">
        <metrics statements="6" coveredstatements="2" conditionals="4" coveredconditionals="0" methods="3" coveredmethods="0"/>
        <line num="5" count="1" type="stmt"/>
        <line num="37" count="1" type="stmt"/>
        <line num="41" count="0" type="stmt"/>
        <line num="42" count="0" type="cond" truecount="0" falsecount="4"/>
        <line num="43" count="0" type="stmt"/>
        <line num="45" count="0" type="stmt"/>
      </file>
      <file name="test.helpers.ts" path="/Users/enguerran/Sites/betagouv/immersion-facile/shared/src/test.helpers.ts">
        <metrics statements="46" coveredstatements="16" conditionals="6" coveredconditionals="0" methods="15" coveredmethods="3"/>
        <line num="6" count="5" type="stmt"/>
        <line num="7" count="0" type="stmt"/>
        <line num="10" count="5" type="stmt"/>
        <line num="14" count="0" type="stmt"/>
        <line num="15" count="0" type="stmt"/>
        <line num="16" count="0" type="cond" truecount="0" falsecount="2"/>
        <line num="17" count="0" type="stmt"/>
        <line num="21" count="5" type="stmt"/>
        <line num="25" count="0" type="stmt"/>
        <line num="26" count="0" type="stmt"/>
        <line num="27" count="0" type="stmt"/>
        <line num="29" count="0" type="stmt"/>
        <line num="30" count="0" type="cond" truecount="0" falsecount="2"/>
        <line num="31" count="0" type="stmt"/>
        <line num="32" count="0" type="stmt"/>
        <line num="36" count="5" type="stmt"/>
        <line num="37" count="0" type="stmt"/>
        <line num="40" count="5" type="stmt"/>
        <line num="41" count="0" type="stmt"/>
        <line num="44" count="5" type="stmt"/>
        <line num="45" count="0" type="stmt"/>
        <line num="46" count="0" type="stmt"/>
        <line num="47" count="0" type="stmt"/>
        <line num="48" count="0" type="stmt"/>
        <line num="49" count="0" type="stmt"/>
        <line num="50" count="0" type="stmt"/>
        <line num="53" count="5" type="stmt"/>
        <line num="57" count="0" type="stmt"/>
        <line num="58" count="0" type="stmt"/>
        <line num="61" count="5" type="stmt"/>
        <line num="68" count="18" type="stmt"/>
        <line num="70" count="5" type="stmt"/>
        <line num="77" count="0" type="stmt"/>
        <line num="78" count="0" type="stmt"/>
        <line num="81" count="5" type="stmt"/>
        <line num="82" count="64" type="stmt"/>
        <line num="85" count="5" type="stmt"/>
        <line num="91" count="0" type="stmt"/>
        <line num="92" count="0" type="stmt"/>
        <line num="93" count="0" type="cond" truecount="0" falsecount="2"/>
        <line num="96" count="5" type="stmt"/>
        <line num="97" count="0" type="stmt"/>
        <line num="100" count="5" type="stmt"/>
        <line num="104" count="0" type="stmt"/>
        <line num="107" count="5" type="stmt"/>
        <line num="108" count="0" type="stmt"/>
      </file>
      <file name="typeFlavors.ts" path="/Users/enguerran/Sites/betagouv/immersion-facile/shared/src/typeFlavors.ts">
        <metrics statements="0" coveredstatements="0" conditionals="0" coveredconditionals="0" methods="0" coveredmethods="0"/>
      </file>
      <file name="typeGuard.ts" path="/Users/enguerran/Sites/betagouv/immersion-facile/shared/src/typeGuard.ts">
        <metrics statements="4" coveredstatements="3" conditionals="0" coveredconditionals="0" methods="3" coveredmethods="2"/>
        <line num="2" count="2" type="stmt"/>
        <line num="3" count="2" type="stmt"/>
        <line num="4" count="0" type="stmt"/>
        <line num="6" count="8" type="stmt"/>
      </file>
      <file name="utils.ts" path="/Users/enguerran/Sites/betagouv/immersion-facile/shared/src/utils.ts">
        <metrics statements="50" coveredstatements="22" conditionals="19" coveredconditionals="4" methods="25" coveredmethods="3"/>
        <line num="9" count="3" type="stmt"/>
        <line num="10" count="0" type="stmt"/>
        <line num="11" count="0" type="stmt"/>
        <line num="14" count="3" type="stmt"/>
        <line num="17" count="0" type="stmt"/>
        <line num="19" count="0" type="stmt"/>
        <line num="21" count="0" type="stmt"/>
        <line num="26" count="3" type="stmt"/>
        <line num="28" count="3" type="stmt"/>
        <line num="33" count="3" type="stmt"/>
        <line num="37" count="0" type="stmt"/>
        <line num="38" count="0" type="stmt"/>
        <line num="64" count="3" type="stmt"/>
        <line num="66" count="0" type="stmt"/>
        <line num="69" count="3" type="stmt"/>
        <line num="71" count="3" type="stmt"/>
        <line num="72" count="0" type="cond" truecount="0" falsecount="2"/>
        <line num="74" count="3" type="stmt"/>
        <line num="78" count="0" type="stmt"/>
        <line num="87" count="3" type="stmt"/>
        <line num="92" count="0" type="stmt"/>
        <line num="93" count="0" type="stmt"/>
        <line num="96" count="3" type="stmt"/>
        <line num="100" count="0" type="stmt"/>
        <line num="104" count="0" type="stmt"/>
        <line num="106" count="0" type="stmt"/>
        <line num="108" count="0" type="cond" truecount="0" falsecount="2"/>
        <line num="109" count="0" type="stmt"/>
        <line num="112" count="3" type="stmt"/>
        <line num="116" count="0" type="stmt"/>
        <line num="119" count="0" type="cond" truecount="0" falsecount="1"/>
        <line num="120" count="0" type="cond" truecount="0" falsecount="2"/>
        <line num="148" count="3" type="stmt"/>
        <line num="149" count="0" type="stmt"/>
        <line num="150" count="0" type="stmt"/>
        <line num="167" count="3" type="stmt"/>
        <line num="170" count="1" type="stmt"/>
        <line num="171" count="1" type="stmt"/>
        <line num="173" count="5" type="cond" truecount="2" falsecount="0"/>
        <line num="182" count="3" type="stmt"/>
        <line num="183" count="327" type="cond" truecount="2" falsecount="0"/>
        <line num="185" count="3" type="stmt"/>
        <line num="186" count="0" type="cond" truecount="0" falsecount="2"/>
        <line num="187" count="0" type="stmt"/>
        <line num="188" count="0" type="stmt"/>
        <line num="189" count="0" type="cond" truecount="0" falsecount="2"/>
        <line num="191" count="0" type="stmt"/>
        <line num="195" count="3" type="stmt"/>
        <line num="196" count="0" type="cond" truecount="0" falsecount="2"/>
        <line num="200" count="3" type="stmt"/>
      </file>
      <file name="zodUtils.ts" path="/Users/enguerran/Sites/betagouv/immersion-facile/shared/src/zodUtils.ts">
        <metrics statements="52" coveredstatements="36" conditionals="29" coveredconditionals="14" methods="14" coveredmethods="8"/>
        <line num="6" count="10" type="stmt"/>
        <line num="7" count="203" type="cond" truecount="4" falsecount="0"/>
        <line num="8" count="4" type="stmt"/>
        <line num="12" count="199" type="cond" truecount="1" falsecount="1"/>
        <line num="13" count="0" type="stmt"/>
        <line num="17" count="199" type="cond" truecount="3" falsecount="1"/>
        <line num="18" count="0" type="stmt"/>
        <line num="25" count="199" type="cond" truecount="4" falsecount="0"/>
        <line num="26" count="37" type="stmt"/>
        <line num="30" count="162" type="stmt"/>
        <line num="33" count="10" type="stmt"/>
        <line num="56" count="33" type="stmt"/>
        <line num="64" count="10" type="stmt"/>
        <line num="69" count="10" type="stmt"/>
        <line num="74" count="10" type="stmt"/>
        <line num="79" count="10" type="stmt"/>
        <line num="81" count="10" type="stmt"/>
        <line num="82" count="12" type="stmt"/>
        <line num="84" count="10" type="stmt"/>
        <line num="85" count="21" type="stmt"/>
        <line num="87" count="10" type="stmt"/>
        <line num="89" count="10" type="stmt"/>
        <line num="93" count="10" type="stmt"/>
        <line num="94" count="0" type="stmt"/>
        <line num="95" count="0" type="stmt"/>
        <line num="96" count="0" type="stmt"/>
        <line num="98" count="10" type="stmt"/>
        <line num="100" count="10" type="stmt"/>
        <line num="103" count="12" type="cond" truecount="2" falsecount="0"/>
        <line num="106" count="10" type="stmt"/>
        <line num="108" count="10" type="stmt"/>
        <line num="110" count="10" type="stmt"/>
        <line num="114" count="10" type="stmt"/>
        <line num="117" count="10" type="stmt"/>
        <line num="119" count="10" type="stmt"/>
        <line num="123" count="10" type="stmt"/>
        <line num="135" count="10" type="stmt"/>
        <line num="136" count="3" type="stmt"/>
        <line num="137" count="3" type="stmt"/>
        <line num="139" count="10" type="stmt"/>
        <line num="141" count="10" type="stmt"/>
        <line num="145" count="0" type="stmt"/>
        <line num="146" count="0" type="cond" truecount="0" falsecount="2"/>
        <line num="148" count="0" type="cond" truecount="0" falsecount="4"/>
        <line num="149" count="0" type="stmt"/>
        <line num="151" count="0" type="stmt"/>
        <line num="155" count="0" type="stmt"/>
        <line num="158" count="0" type="stmt"/>
        <line num="159" count="0" type="stmt"/>
        <line num="160" count="0" type="cond" truecount="0" falsecount="2"/>
        <line num="161" count="0" type="stmt"/>
        <line num="164" count="0" type="stmt"/>
      </file>
    </package>
    <package name="src.address">
      <metrics statements="21" coveredstatements="14" conditionals="1" coveredconditionals="0" methods="6" coveredmethods="0"/>
      <file name="address.dto.ts" path="/Users/enguerran/Sites/betagouv/immersion-facile/shared/src/address/address.dto.ts">
        <metrics statements="6" coveredstatements="2" conditionals="1" coveredconditionals="0" methods="4" coveredmethods="0"/>
        <line num="46" count="1" type="stmt"/>
        <line num="156" count="1" type="stmt"/>
        <line num="176" count="0" type="stmt"/>
        <line num="180" count="0" type="stmt"/>
        <line num="184" count="0" type="stmt"/>
        <line num="188" count="0" type="stmt"/>
      </file>
      <file name="address.response.ts" path="/Users/enguerran/Sites/betagouv/immersion-facile/shared/src/address/address.response.ts">
        <metrics statements="1" coveredstatements="1" conditionals="0" coveredconditionals="0" methods="0" coveredmethods="0"/>
        <line num="9" count="1" type="stmt"/>
      </file>
      <file name="address.schema.ts" path="/Users/enguerran/Sites/betagouv/immersion-facile/shared/src/address/address.schema.ts">
        <metrics statements="14" coveredstatements="11" conditionals="0" coveredconditionals="0" methods="2" coveredmethods="0"/>
        <line num="13" count="2" type="stmt"/>
        <line num="15" count="2" type="stmt"/>
        <line num="22" count="2" type="stmt"/>
        <line num="27" count="2" type="stmt"/>
        <line num="33" count="2" type="stmt"/>
        <line num="36" count="2" type="stmt"/>
        <line num="38" count="2" type="stmt"/>
        <line num="39" count="2" type="stmt"/>
        <line num="42" count="2" type="stmt"/>
        <line num="44" count="2" type="stmt"/>
        <line num="50" count="0" type="stmt"/>
        <line num="54" count="0" type="stmt"/>
        <line num="57" count="0" type="stmt"/>
        <line num="63" count="2" type="stmt"/>
      </file>
    </package>
    <package name="src.admin">
      <metrics statements="22" coveredstatements="12" conditionals="0" coveredconditionals="0" methods="10" coveredmethods="0"/>
      <file name="admin.dto.ts" path="/Users/enguerran/Sites/betagouv/immersion-facile/shared/src/admin/admin.dto.ts">
        <metrics statements="4" coveredstatements="2" conditionals="0" coveredconditionals="0" methods="2" coveredmethods="0"/>
        <line num="34" count="1" type="stmt"/>
        <line num="36" count="0" type="stmt"/>
        <line num="38" count="1" type="stmt"/>
        <line num="40" count="0" type="stmt"/>
      </file>
      <file name="admin.routes.ts" path="/Users/enguerran/Sites/betagouv/immersion-facile/shared/src/admin/admin.routes.ts">
        <metrics statements="1" coveredstatements="1" conditionals="0" coveredconditionals="0" methods="0" coveredmethods="0"/>
        <line num="31" count="1" type="stmt"/>
      </file>
      <file name="admin.schema.ts" path="/Users/enguerran/Sites/betagouv/immersion-facile/shared/src/admin/admin.schema.ts">
        <metrics statements="7" coveredstatements="7" conditionals="0" coveredconditionals="0" methods="0" coveredmethods="0"/>
        <line num="22" count="1" type="stmt"/>
        <line num="28" count="1" type="stmt"/>
        <line num="37" count="1" type="stmt"/>
        <line num="43" count="1" type="stmt"/>
        <line num="54" count="1" type="stmt"/>
        <line num="59" count="1" type="stmt"/>
        <line num="63" count="1" type="stmt"/>
      </file>
      <file name="adminTabs.ts" path="/Users/enguerran/Sites/betagouv/immersion-facile/shared/src/admin/adminTabs.ts">
        <metrics statements="10" coveredstatements="2" conditionals="0" coveredconditionals="0" methods="8" coveredmethods="0"/>
        <line num="9" count="1" type="stmt"/>
        <line num="12" count="0" type="stmt"/>
        <line num="16" count="0" type="stmt"/>
        <line num="20" count="0" type="stmt"/>
        <line num="24" count="0" type="stmt"/>
        <line num="28" count="0" type="stmt"/>
        <line num="32" count="0" type="stmt"/>
        <line num="36" count="0" type="stmt"/>
        <line num="40" count="0" type="stmt"/>
        <line num="44" count="1" type="stmt"/>
      </file>
    </package>
    <package name="src.agency">
      <metrics statements="74" coveredstatements="43" conditionals="22" coveredconditionals="0" methods="27" coveredmethods="1"/>
      <file name="AgencyDtoBuilder.ts" path="/Users/enguerran/Sites/betagouv/immersion-facile/shared/src/agency/AgencyDtoBuilder.ts">
        <metrics statements="21" coveredstatements="3" conditionals="7" coveredconditionals="0" methods="18" coveredmethods="0"/>
        <line num="12" count="1" type="stmt"/>
        <line num="19" count="1" type="stmt"/>
        <line num="21" count="1" type="stmt"/>
        <line num="47" count="0" type="stmt"/>
        <line num="51" count="0" type="stmt"/>
        <line num="58" count="0" type="stmt"/>
        <line num="62" count="0" type="stmt"/>
        <line num="66" count="0" type="stmt"/>
        <line num="79" count="0" type="stmt"/>
        <line num="86" count="0" type="stmt"/>
        <line num="93" count="0" type="stmt"/>
        <line num="100" count="0" type="stmt"/>
        <line num="107" count="0" type="stmt"/>
        <line num="114" count="0" type="stmt"/>
        <line num="121" count="0" type="stmt"/>
        <line num="128" count="0" type="stmt"/>
        <line num="140" count="0" type="stmt"/>
        <line num="149" count="0" type="stmt"/>
        <line num="156" count="0" type="stmt"/>
        <line num="163" count="0" type="stmt"/>
        <line num="170" count="0" type="stmt"/>
      </file>
      <file name="agency.dto.ts" path="/Users/enguerran/Sites/betagouv/immersion-facile/shared/src/agency/agency.dto.ts">
        <metrics statements="13" coveredstatements="12" conditionals="2" coveredconditionals="0" methods="2" coveredmethods="1"/>
        <line num="17" count="2" type="stmt"/>
        <line num="84" count="2" type="stmt"/>
        <line num="92" count="2" type="stmt"/>
        <line num="109" count="2" type="stmt"/>
        <line num="123" count="2" type="stmt"/>
        <line num="128" count="2" type="stmt"/>
        <line num="130" count="2" type="stmt"/>
        <line num="131" count="22" type="stmt"/>
        <line num="143" count="2" type="stmt"/>
        <line num="145" count="2" type="stmt"/>
        <line num="181" count="2" type="stmt"/>
        <line num="189" count="2" type="stmt"/>
        <line num="192" count="0" type="stmt"/>
      </file>
      <file name="agency.schema.ts" path="/Users/enguerran/Sites/betagouv/immersion-facile/shared/src/agency/agency.schema.ts">
        <metrics statements="25" coveredstatements="22" conditionals="4" coveredconditionals="0" methods="2" coveredmethods="0"/>
        <line num="38" count="2" type="stmt"/>
        <line num="39" count="2" type="stmt"/>
        <line num="40" count="2" type="stmt"/>
        <line num="44" count="2" type="stmt"/>
        <line num="51" count="2" type="stmt"/>
        <line num="53" count="2" type="stmt"/>
        <line num="57" count="2" type="stmt"/>
        <line num="59" count="2" type="stmt"/>
        <line num="69" count="2" type="stmt"/>
        <line num="72" count="2" type="stmt"/>
        <line num="80" count="2" type="stmt"/>
        <line num="82" count="0" type="stmt"/>
        <line num="87" count="2" type="stmt"/>
        <line num="99" count="2" type="stmt"/>
        <line num="109" count="0" type="cond" truecount="0" falsecount="2"/>
        <line num="113" count="0" type="stmt"/>
        <line num="122" count="2" type="stmt"/>
        <line num="135" count="2" type="stmt"/>
        <line num="140" count="2" type="stmt"/>
        <line num="155" count="2" type="stmt"/>
        <line num="169" count="2" type="stmt"/>
        <line num="174" count="2" type="stmt"/>
        <line num="179" count="2" type="stmt"/>
        <line num="191" count="2" type="stmt"/>
        <line num="193" count="2" type="stmt"/>
      </file>
      <file name="agency.utils.ts" path="/Users/enguerran/Sites/betagouv/immersion-facile/shared/src/agency/agency.utils.ts">
        <metrics statements="12" coveredstatements="3" conditionals="9" coveredconditionals="0" methods="5" coveredmethods="0"/>
        <line num="7" count="1" type="stmt"/>
        <line num="11" count="0" type="cond" truecount="0" falsecount="2"/>
        <line num="16" count="0" type="stmt"/>
        <line num="21" count="0" type="stmt"/>
        <line num="46" count="1" type="stmt"/>
        <line num="49" count="0" type="stmt"/>
        <line num="50" count="0" type="stmt"/>
        <line num="53" count="0" type="stmt"/>
        <line num="56" count="1" type="stmt"/>
        <line num="57" count="0" type="stmt"/>
        <line num="58" count="0" type="stmt"/>
        <line num="61" count="0" type="stmt"/>
      </file>
      <file name="publicAgency.dto.ts" path="/Users/enguerran/Sites/betagouv/immersion-facile/shared/src/agency/publicAgency.dto.ts">
        <metrics statements="0" coveredstatements="0" conditionals="0" coveredconditionals="0" methods="0" coveredmethods="0"/>
      </file>
      <file name="publicAgency.schema.ts" path="/Users/enguerran/Sites/betagouv/immersion-facile/shared/src/agency/publicAgency.schema.ts">
        <metrics statements="3" coveredstatements="3" conditionals="0" coveredconditionals="0" methods="0" coveredmethods="0"/>
        <line num="16" count="1" type="stmt"/>
        <line num="28" count="1" type="stmt"/>
        <line num="35" count="1" type="stmt"/>
      </file>
    </package>
    <package name="src.agency-group">
      <metrics statements="0" coveredstatements="0" conditionals="0" coveredconditionals="0" methods="0" coveredmethods="0"/>
      <file name="agencyGroup.ts" path="/Users/enguerran/Sites/betagouv/immersion-facile/shared/src/agency-group/agencyGroup.ts">
        <metrics statements="0" coveredstatements="0" conditionals="0" coveredconditionals="0" methods="0" coveredmethods="0"/>
      </file>
    </package>
    <package name="src.apiConsumer">
      <metrics statements="35" coveredstatements="28" conditionals="2" coveredconditionals="0" methods="6" coveredmethods="0"/>
      <file name="ApiConsumer.ts" path="/Users/enguerran/Sites/betagouv/immersion-facile/shared/src/apiConsumer/ApiConsumer.ts">
        <metrics statements="15" coveredstatements="8" conditionals="2" coveredconditionals="0" methods="6" coveredmethods="0"/>
        <line num="18" count="1" type="stmt"/>
        <line num="38" count="1" type="stmt"/>
        <line num="57" count="1" type="stmt"/>
        <line num="80" count="1" type="stmt"/>
        <line num="89" count="0" type="cond" truecount="0" falsecount="2"/>
        <line num="91" count="1" type="stmt"/>
        <line num="104" count="1" type="stmt"/>
        <line num="107" count="0" type="stmt"/>
        <line num="110" count="0" type="stmt"/>
        <line num="136" count="1" type="stmt"/>
        <line num="138" count="0" type="stmt"/>
        <line num="163" count="1" type="stmt"/>
        <line num="167" count="0" type="stmt"/>
        <line num="168" count="0" type="stmt"/>
        <line num="169" count="0" type="stmt"/>
      </file>
      <file name="apiConsumer.schema.ts" path="/Users/enguerran/Sites/betagouv/immersion-facile/shared/src/apiConsumer/apiConsumer.schema.ts">
        <metrics statements="20" coveredstatements="20" conditionals="0" coveredconditionals="0" methods="0" coveredmethods="0"/>
        <line num="30" count="1" type="stmt"/>
        <line num="38" count="1" type="stmt"/>
        <line num="40" count="1" type="stmt"/>
        <line num="46" count="1" type="stmt"/>
        <line num="53" count="1" type="stmt"/>
        <line num="60" count="1" type="stmt"/>
        <line num="65" count="1" type="stmt"/>
        <line num="69" count="1" type="stmt"/>
        <line num="75" count="1" type="stmt"/>
        <line num="77" count="1" type="stmt"/>
        <line num="81" count="1" type="stmt"/>
        <line num="96" count="1" type="stmt"/>
        <line num="102" count="1" type="stmt"/>
        <line num="108" count="1" type="stmt"/>
        <line num="116" count="1" type="stmt"/>
        <line num="122" count="1" type="stmt"/>
        <line num="132" count="1" type="stmt"/>
        <line num="134" count="1" type="stmt"/>
        <line num="141" count="1" type="stmt"/>
        <line num="143" count="1" type="stmt"/>
      </file>
    </package>
    <package name="src.assessment">
      <metrics statements="28" coveredstatements="11" conditionals="7" coveredconditionals="0" methods="13" coveredmethods="0"/>
      <file name="AssessmentDtoBuilder.ts" path="/Users/enguerran/Sites/betagouv/immersion-facile/shared/src/assessment/AssessmentDtoBuilder.ts">
        <metrics statements="9" coveredstatements="2" conditionals="1" coveredconditionals="0" methods="5" coveredmethods="0"/>
        <line num="5" count="1" type="stmt"/>
        <line num="13" count="1" type="stmt"/>
        <line num="28" count="0" type="stmt"/>
        <line num="31" count="0" type="stmt"/>
        <line num="32" count="0" type="stmt"/>
        <line num="35" count="0" type="stmt"/>
        <line num="36" count="0" type="stmt"/>
        <line num="39" count="0" type="stmt"/>
        <line num="40" count="0" type="stmt"/>
      </file>
      <file name="assessment.dto.ts" path="/Users/enguerran/Sites/betagouv/immersion-facile/shared/src/assessment/assessment.dto.ts">
        <metrics statements="2" coveredstatements="2" conditionals="0" coveredconditionals="0" methods="0" coveredmethods="0"/>
        <line num="5" count="1" type="stmt"/>
        <line num="10" count="1" type="stmt"/>
      </file>
      <file name="assessment.helpers.ts" path="/Users/enguerran/Sites/betagouv/immersion-facile/shared/src/assessment/assessment.helpers.ts">
        <metrics statements="6" coveredstatements="1" conditionals="2" coveredconditionals="0" methods="5" coveredmethods="0"/>
        <line num="7" count="1" type="stmt"/>
        <line num="18" count="0" type="stmt"/>
        <line num="21" count="0" type="stmt"/>
        <line num="27" count="0" type="stmt"/>
        <line num="37" count="0" type="stmt"/>
        <line num="38" count="0" type="stmt"/>
      </file>
      <file name="assessment.schema.ts" path="/Users/enguerran/Sites/betagouv/immersion-facile/shared/src/assessment/assessment.schema.ts">
        <metrics statements="11" coveredstatements="6" conditionals="4" coveredconditionals="0" methods="3" coveredmethods="0"/>
        <line num="13" count="1" type="stmt"/>
        <line num="27" count="0" type="cond" truecount="0" falsecount="2"/>
        <line num="28" count="0" type="stmt"/>
        <line num="32" count="0" type="cond" truecount="0" falsecount="2"/>
        <line num="38" count="1" type="stmt"/>
        <line num="44" count="1" type="stmt"/>
        <line num="56" count="0" type="stmt"/>
        <line num="59" count="1" type="stmt"/>
        <line num="67" count="1" type="stmt"/>
        <line num="71" count="1" type="stmt"/>
        <line num="77" count="0" type="stmt"/>
      </file>
    </package>
    <package name="src.contactEstablishmentRequest">
      <metrics statements="17" coveredstatements="17" conditionals="0" coveredconditionals="0" methods="0" coveredmethods="0"/>
      <file name="contactEstablishmentRequest.dto.ts" path="/Users/enguerran/Sites/betagouv/immersion-facile/shared/src/contactEstablishmentRequest/contactEstablishmentRequest.dto.ts">
        <metrics statements="0" coveredstatements="0" conditionals="0" coveredconditionals="0" methods="0" coveredmethods="0"/>
      </file>
      <file name="contactEstablishmentRequest.schema.ts" path="/Users/enguerran/Sites/betagouv/immersion-facile/shared/src/contactEstablishmentRequest/contactEstablishmentRequest.schema.ts">
        <metrics statements="11" coveredstatements="11" conditionals="0" coveredconditionals="0" methods="0" coveredmethods="0"/>
        <line num="26" count="1" type="stmt"/>
        <line num="35" count="1" type="stmt"/>
        <line num="36" count="1" type="stmt"/>
        <line num="37" count="1" type="stmt"/>
        <line num="39" count="1" type="stmt"/>
        <line num="45" count="1" type="stmt"/>
        <line num="57" count="1" type="stmt"/>
        <line num="69" count="1" type="stmt"/>
        <line num="75" count="1" type="stmt"/>
        <line num="81" count="1" type="stmt"/>
        <line num="90" count="1" type="stmt"/>
      </file>
      <file name="legacyContactEstablishmentRequest.dto.ts" path="/Users/enguerran/Sites/betagouv/immersion-facile/shared/src/contactEstablishmentRequest/legacyContactEstablishmentRequest.dto.ts">
        <metrics statements="0" coveredstatements="0" conditionals="0" coveredconditionals="0" methods="0" coveredmethods="0"/>
      </file>
      <file name="legacyContactEstablishmentRequest.schema.ts" path="/Users/enguerran/Sites/betagouv/immersion-facile/shared/src/contactEstablishmentRequest/legacyContactEstablishmentRequest.schema.ts">
        <metrics statements="6" coveredstatements="6" conditionals="0" coveredconditionals="0" methods="0" coveredmethods="0"/>
        <line num="30" count="1" type="stmt"/>
        <line num="39" count="1" type="stmt"/>
        <line num="45" count="1" type="stmt"/>
        <line num="55" count="1" type="stmt"/>
        <line num="61" count="1" type="stmt"/>
        <line num="67" count="1" type="stmt"/>
      </file>
    </package>
    <package name="src.convention">
      <metrics statements="330" coveredstatements="221" conditionals="142" coveredconditionals="71" methods="119" coveredmethods="52"/>
      <file name="ConventionDtoBuilder.ts" path="/Users/enguerran/Sites/betagouv/immersion-facile/shared/src/convention/ConventionDtoBuilder.ts">
        <metrics statements="108" coveredstatements="46" conditionals="72" coveredconditionals="29" methods="60" coveredmethods="22"/>
        <line num="32" count="2" type="stmt"/>
        <line num="33" count="2" type="stmt"/>
        <line num="38" count="2" type="stmt"/>
        <line num="39" count="2" type="stmt"/>
        <line num="40" count="2" type="stmt"/>
        <line num="41" count="2" type="stmt"/>
        <line num="43" count="2" type="stmt"/>
        <line num="50" count="2" type="stmt"/>
        <line num="64" count="2" type="stmt"/>
        <line num="73" count="2" type="stmt"/>
        <line num="82" count="2" type="stmt"/>
        <line num="119" count="60" type="stmt"/>
        <line num="123" count="9" type="cond" truecount="1" falsecount="1"/>
        <line num="127" count="9" type="stmt"/>
        <line num="149" count="0" type="cond" truecount="0" falsecount="2"/>
        <line num="153" count="0" type="stmt"/>
        <line num="175" count="0" type="stmt"/>
        <line num="181" count="0" type="stmt"/>
        <line num="189" count="0" type="stmt"/>
        <line num="190" count="0" type="cond" truecount="0" falsecount="2"/>
        <line num="191" count="0" type="stmt"/>
        <line num="195" count="0" type="stmt"/>
        <line num="201" count="0" type="stmt"/>
        <line num="208" count="0" type="stmt"/>
        <line num="215" count="0" type="stmt"/>
        <line num="219" count="0" type="stmt"/>
        <line num="228" count="19" type="cond" truecount="4" falsecount="0"/>
        <line num="229" count="16" type="stmt"/>
        <line num="237" count="3" type="cond" truecount="1" falsecount="1"/>
        <line num="241" count="3" type="stmt"/>
        <line num="248" count="0" type="stmt"/>
        <line num="254" count="2" type="stmt"/>
        <line num="263" count="1" type="cond" truecount="1" falsecount="1"/>
        <line num="267" count="1" type="stmt"/>
        <line num="275" count="0" type="cond" truecount="0" falsecount="2"/>
        <line num="279" count="0" type="stmt"/>
        <line num="286" count="0" type="stmt"/>
        <line num="292" count="0" type="stmt"/>
        <line num="296" count="5" type="stmt"/>
        <line num="302" count="2" type="stmt"/>
        <line num="309" count="0" type="stmt"/>
        <line num="316" count="0" type="stmt"/>
        <line num="323" count="2" type="stmt"/>
        <line num="329" count="9" type="cond" truecount="2" falsecount="0"/>
        <line num="333" count="7" type="stmt"/>
        <line num="341" count="2" type="cond" truecount="1" falsecount="1"/>
        <line num="345" count="2" type="stmt"/>
        <line num="352" count="0" type="stmt"/>
        <line num="360" count="0" type="cond" truecount="0" falsecount="2"/>
        <line num="361" count="0" type="stmt"/>
        <line num="363" count="0" type="cond" truecount="0" falsecount="2"/>
        <line num="367" count="0" type="stmt"/>
        <line num="378" count="0" type="cond" truecount="0" falsecount="2"/>
        <line num="382" count="0" type="stmt"/>
        <line num="393" count="0" type="stmt"/>
        <line num="400" count="0" type="stmt"/>
        <line num="401" count="0" type="cond" truecount="0" falsecount="2"/>
        <line num="402" count="0" type="stmt"/>
        <line num="406" count="0" type="stmt"/>
        <line num="410" count="0" type="stmt"/>
        <line num="417" count="0" type="stmt"/>
        <line num="423" count="0" type="stmt"/>
        <line num="427" count="21" type="stmt"/>
        <line num="431" count="21" type="stmt"/>
        <line num="435" count="8" type="stmt"/>
        <line num="441" count="0" type="stmt"/>
        <line num="447" count="2" type="cond" truecount="1" falsecount="1"/>
        <line num="451" count="2" type="stmt"/>
        <line num="459" count="0" type="cond" truecount="0" falsecount="2"/>
        <line num="463" count="0" type="stmt"/>
        <line num="470" count="0" type="stmt"/>
        <line num="476" count="2" type="stmt"/>
        <line num="483" count="0" type="stmt"/>
        <line num="490" count="0" type="stmt"/>
        <line num="497" count="0" type="stmt"/>
        <line num="504" count="0" type="stmt"/>
        <line num="513" count="5" type="stmt"/>
        <line num="520" count="3" type="stmt"/>
        <line num="526" count="0" type="stmt"/>
        <line num="535" count="0" type="stmt"/>
        <line num="542" count="1" type="stmt"/>
        <line num="548" count="0" type="stmt"/>
        <line num="555" count="1" type="stmt"/>
        <line num="559" count="0" type="stmt"/>
        <line num="568" count="0" type="stmt"/>
        <line num="577" count="0" type="stmt"/>
        <line num="586" count="0" type="stmt"/>
        <line num="595" count="0" type="stmt"/>
        <line num="604" count="13" type="cond" truecount="2" falsecount="0"/>
        <line num="635" count="0" type="stmt"/>
        <line num="639" count="0" type="stmt"/>
        <line num="646" count="0" type="stmt"/>
        <line num="653" count="0" type="stmt"/>
        <line num="662" count="0" type="stmt"/>
        <line num="671" count="0" type="stmt"/>
        <line num="684" count="25" type="stmt"/>
        <line num="697" count="0" type="stmt"/>
        <line num="701" count="9" type="stmt"/>
        <line num="705" count="0" type="stmt"/>
        <line num="714" count="0" type="stmt"/>
        <line num="726" count="0" type="stmt"/>
        <line num="738" count="0" type="stmt"/>
        <line num="745" count="0" type="stmt"/>
        <line num="749" count="11" type="stmt"/>
        <line num="753" count="4" type="stmt"/>
        <line num="757" count="11" type="stmt"/>
        <line num="761" count="9" type="stmt"/>
        <line num="765" count="9" type="stmt"/>
      </file>
      <file name="addConventionInput.ts" path="/Users/enguerran/Sites/betagouv/immersion-facile/shared/src/convention/addConventionInput.ts">
        <metrics statements="1" coveredstatements="1" conditionals="0" coveredconditionals="0" methods="0" coveredmethods="0"/>
        <line num="15" count="1" type="stmt"/>
      </file>
      <file name="convention.dto.ts" path="/Users/enguerran/Sites/betagouv/immersion-facile/shared/src/convention/convention.dto.ts">
        <metrics statements="44" coveredstatements="35" conditionals="7" coveredconditionals="0" methods="11" coveredmethods="3"/>
        <line num="34" count="2" type="stmt"/>
        <line num="37" count="35" type="stmt"/>
        <line num="39" count="2" type="stmt"/>
        <line num="42" count="5" type="stmt"/>
        <line num="47" count="2" type="stmt"/>
        <line num="53" count="2" type="stmt"/>
        <line num="56" count="0" type="stmt"/>
        <line num="60" count="2" type="stmt"/>
        <line num="64" count="0" type="stmt"/>
        <line num="67" count="0" type="stmt"/>
        <line num="74" count="2" type="stmt"/>
        <line num="80" count="2" type="stmt"/>
        <line num="86" count="2" type="stmt"/>
        <line num="92" count="2" type="stmt"/>
        <line num="97" count="2" type="stmt"/>
        <line num="106" count="2" type="stmt"/>
        <line num="111" count="2" type="stmt"/>
        <line num="113" count="2" type="stmt"/>
        <line num="114" count="2" type="stmt"/>
        <line num="115" count="2" type="stmt"/>
        <line num="116" count="2" type="stmt"/>
        <line num="117" count="2" type="stmt"/>
        <line num="118" count="2" type="stmt"/>
        <line num="119" count="2" type="stmt"/>
        <line num="120" count="2" type="stmt"/>
        <line num="124" count="2" type="stmt"/>
        <line num="128" count="2" type="stmt"/>
        <line num="135" count="2" type="stmt"/>
        <line num="143" count="2" type="stmt"/>
        <line num="215" count="2" type="stmt"/>
        <line num="216" count="0" type="stmt"/>
        <line num="253" count="2" type="stmt"/>
        <line num="358" count="2" type="stmt"/>
        <line num="360" count="0" type="stmt"/>
        <line num="403" count="2" type="stmt"/>
        <line num="410" count="2" type="stmt"/>
        <line num="413" count="0" type="stmt"/>
        <line num="415" count="2" type="stmt"/>
        <line num="424" count="2" type="stmt"/>
        <line num="429" count="0" type="cond" truecount="0" falsecount="2"/>
        <line num="431" count="0" type="cond" truecount="0" falsecount="2"/>
        <line num="432" count="0" type="stmt"/>
        <line num="435" count="2" type="stmt"/>
        <line num="439" count="110" type="stmt"/>
      </file>
      <file name="convention.routes.ts" path="/Users/enguerran/Sites/betagouv/immersion-facile/shared/src/convention/convention.routes.ts">
        <metrics statements="3" coveredstatements="3" conditionals="0" coveredconditionals="0" methods="0" coveredmethods="0"/>
        <line num="24" count="1" type="stmt"/>
        <line num="131" count="1" type="stmt"/>
        <line num="173" count="1" type="stmt"/>
      </file>
      <file name="convention.schema.ts" path="/Users/enguerran/Sites/betagouv/immersion-facile/shared/src/convention/convention.schema.ts">
        <metrics statements="98" coveredstatements="93" conditionals="33" coveredconditionals="31" methods="19" coveredmethods="17"/>
        <line num="107" count="2" type="stmt"/>
        <line num="109" count="2" type="stmt"/>
        <line num="113" count="2" type="stmt"/>
        <line num="115" count="2" type="stmt"/>
        <line num="117" count="2" type="stmt"/>
        <line num="125" count="2" type="stmt"/>
        <line num="132" count="2" type="stmt"/>
        <line num="145" count="2" type="stmt"/>
        <line num="165" count="2" type="stmt"/>
        <line num="173" count="2" type="stmt"/>
        <line num="180" count="2" type="stmt"/>
        <line num="187" count="2" type="stmt"/>
        <line num="198" count="2" type="stmt"/>
        <line num="204" count="2" type="stmt"/>
        <line num="210" count="2" type="stmt"/>
        <line num="215" count="2" type="stmt"/>
        <line num="220" count="2" type="stmt"/>
        <line num="257" count="2" type="stmt"/>
        <line num="259" count="2" type="stmt"/>
        <line num="268" count="2" type="stmt"/>
        <line num="278" count="2" type="stmt"/>
        <line num="289" count="2" type="stmt"/>
        <line num="299" count="4" type="stmt"/>
        <line num="303" count="4" type="stmt"/>
        <line num="310" count="106" type="stmt"/>
        <line num="311" count="49" type="stmt"/>
        <line num="317" count="106" type="stmt"/>
        <line num="322" count="106" type="stmt"/>
        <line num="323" count="106" type="stmt"/>
        <line num="325" count="106" type="cond" truecount="2" falsecount="0"/>
        <line num="326" count="16" type="stmt"/>
        <line num="331" count="16" type="stmt"/>
        <line num="337" count="16" type="stmt"/>
        <line num="344" count="106" type="cond" truecount="2" falsecount="0"/>
        <line num="345" count="90" type="stmt"/>
        <line num="352" count="106" type="stmt"/>
        <line num="359" count="106" type="stmt"/>
        <line num="365" count="106" type="cond" truecount="2" falsecount="0"/>
        <line num="366" count="11" type="stmt"/>
        <line num="379" count="2" type="stmt"/>
        <line num="397" count="2" type="stmt"/>
        <line num="402" count="2" type="stmt"/>
        <line num="406" count="2" type="stmt"/>
        <line num="411" count="2" type="stmt"/>
        <line num="415" count="2" type="stmt"/>
        <line num="418" count="2" type="stmt"/>
        <line num="424" count="2" type="stmt"/>
        <line num="431" count="2" type="stmt"/>
        <line num="443" count="2" type="stmt"/>
        <line num="449" count="2" type="stmt"/>
        <line num="457" count="2" type="stmt"/>
        <line num="464" count="2" type="stmt"/>
        <line num="473" count="0" type="stmt"/>
        <line num="474" count="0" type="stmt"/>
        <line num="481" count="0" type="stmt"/>
        <line num="482" count="0" type="cond" truecount="0" falsecount="2"/>
        <line num="483" count="0" type="stmt"/>
        <line num="488" count="2" type="stmt"/>
        <line num="495" count="2" type="stmt"/>
        <line num="501" count="2" type="stmt"/>
        <line num="507" count="2" type="stmt"/>
        <line num="513" count="2" type="stmt"/>
        <line num="517" count="2" type="stmt"/>
        <line num="518" count="228" type="stmt"/>
        <line num="520" count="2" type="stmt"/>
        <line num="524" count="106" type="cond" truecount="2" falsecount="0"/>
        <line num="525" count="88" type="stmt"/>
        <line num="526" count="228" type="stmt"/>
        <line num="527" count="192" type="stmt"/>
        <line num="531" count="88" type="stmt"/>
        <line num="532" count="192" type="cond" truecount="2" falsecount="0"/>
        <line num="534" count="436" type="stmt"/>
        <line num="535" count="240" type="stmt"/>
        <line num="537" count="20" type="stmt"/>
        <line num="544" count="2" type="stmt"/>
        <line num="548" count="106" type="cond" truecount="2" falsecount="0"/>
        <line num="554" count="6" type="stmt"/>
        <line num="560" count="2" type="stmt"/>
        <line num="565" count="16" type="stmt"/>
        <line num="569" count="16" type="cond" truecount="2" falsecount="0"/>
        <line num="572" count="4" type="stmt"/>
        <line num="575" count="2" type="stmt"/>
        <line num="581" count="16" type="cond" truecount="2" falsecount="0"/>
        <line num="584" count="18" type="stmt"/>
        <line num="589" count="2" type="stmt"/>
        <line num="596" count="2" type="stmt"/>
        <line num="601" count="106" type="cond" truecount="2" falsecount="0"/>
        <line num="602" count="4" type="stmt"/>
        <line num="608" count="2" type="stmt"/>
        <line num="614" count="106" type="stmt"/>
        <line num="615" count="106" type="cond" truecount="2" falsecount="0"/>
        <line num="619" count="2" type="stmt"/>
        <line num="625" count="2" type="stmt"/>
        <line num="631" count="16" type="cond" truecount="2" falsecount="0"/>
        <line num="632" count="10" type="cond" truecount="2" falsecount="0"/>
        <line num="633" count="2" type="stmt"/>
        <line num="641" count="2" type="stmt"/>
        <line num="650" count="2" type="stmt"/>
      </file>
      <file name="convention.ts" path="/Users/enguerran/Sites/betagouv/immersion-facile/shared/src/convention/convention.ts">
        <metrics statements="48" coveredstatements="18" conditionals="19" coveredconditionals="2" methods="20" coveredmethods="3"/>
        <line num="20" count="2" type="stmt"/>
        <line num="22" count="0" type="stmt"/>
        <line num="24" count="2" type="stmt"/>
        <line num="25" count="6" type="cond" truecount="2" falsecount="0"/>
        <line num="27" count="2" type="stmt"/>
        <line num="28" count="0" type="cond" truecount="0" falsecount="2"/>
        <line num="29" count="0" type="stmt"/>
        <line num="32" count="2" type="stmt"/>
        <line num="37" count="0" type="cond" truecount="0" falsecount="4"/>
        <line num="39" count="0" type="stmt"/>
        <line num="44" count="0" type="cond" truecount="0" falsecount="2"/>
        <line num="45" count="0" type="stmt"/>
        <line num="48" count="0" type="stmt"/>
        <line num="56" count="0" type="stmt"/>
        <line num="64" count="0" type="stmt"/>
        <line num="65" count="0" type="stmt"/>
        <line num="67" count="0" type="cond" truecount="0" falsecount="2"/>
        <line num="68" count="0" type="stmt"/>
        <line num="78" count="2" type="stmt"/>
        <line num="83" count="0" type="stmt"/>
        <line num="89" count="0" type="stmt"/>
        <line num="96" count="2" type="stmt"/>
        <line num="97" count="0" type="stmt"/>
        <line num="101" count="66" type="stmt"/>
        <line num="103" count="2" type="stmt"/>
        <line num="106" count="0" type="stmt"/>
        <line num="108" count="0" type="stmt"/>
        <line num="110" count="0" type="stmt"/>
        <line num="118" count="2" type="stmt"/>
        <line num="122" count="0" type="stmt"/>
        <line num="126" count="0" type="stmt"/>
        <line num="129" count="2" type="stmt"/>
        <line num="138" count="0" type="cond" truecount="0" falsecount="3"/>
        <line num="145" count="2" type="stmt"/>
        <line num="147" count="0" type="stmt"/>
        <line num="149" count="2" type="stmt"/>
        <line num="151" count="0" type="stmt"/>
        <line num="155" count="0" type="stmt"/>
        <line num="163" count="2" type="stmt"/>
        <line num="166" count="0" type="stmt"/>
        <line num="167" count="0" type="stmt"/>
        <line num="170" count="2" type="stmt"/>
        <line num="171" count="0" type="stmt"/>
        <line num="173" count="2" type="stmt"/>
        <line num="177" count="0" type="stmt"/>
        <line num="185" count="2" type="stmt"/>
        <line num="210" count="2" type="stmt"/>
        <line num="216" count="0" type="stmt"/>
      </file>
      <file name="conventionRefinements.ts" path="/Users/enguerran/Sites/betagouv/immersion-facile/shared/src/convention/conventionRefinements.ts">
        <metrics statements="23" coveredstatements="23" conditionals="9" coveredconditionals="9" methods="7" coveredmethods="7"/>
        <line num="27" count="2" type="stmt"/>
        <line num="30" count="106" type="stmt"/>
        <line num="32" count="2" type="stmt"/>
        <line num="37" count="106" type="stmt"/>
        <line num="40" count="2" type="stmt"/>
        <line num="42" count="10" type="stmt"/>
        <line num="47" count="2" type="stmt"/>
        <line num="51" count="106" type="stmt"/>
        <line num="56" count="106" type="stmt"/>
        <line num="59" count="2" type="stmt"/>
        <line num="64" count="106" type="stmt"/>
        <line num="69" count="106" type="stmt"/>
        <line num="71" count="106" type="stmt"/>
        <line num="73" count="106" type="stmt"/>
        <line num="80" count="2" type="stmt"/>
        <line num="83" count="106" type="stmt"/>
        <line num="85" count="106" type="stmt"/>
        <line num="86" count="106" type="cond" truecount="2" falsecount="0"/>
        <line num="90" count="94" type="stmt"/>
        <line num="92" count="12" type="stmt"/>
        <line num="96" count="2" type="stmt"/>
        <line num="105" count="2" type="stmt"/>
        <line num="106" count="106" type="cond" truecount="2" falsecount="0"/>
      </file>
      <file name="conventionStatusTransitions.ts" path="/Users/enguerran/Sites/betagouv/immersion-facile/shared/src/convention/conventionStatusTransitions.ts">
        <metrics statements="5" coveredstatements="2" conditionals="2" coveredconditionals="0" methods="2" coveredmethods="0"/>
        <line num="13" count="1" type="stmt"/>
        <line num="23" count="1" type="stmt"/>
        <line num="46" count="0" type="stmt"/>
        <line num="87" count="0" type="stmt"/>
        <line num="88" count="0" type="stmt"/>
      </file>
    </package>
    <package name="src.dashboard">
      <metrics statements="11" coveredstatements="11" conditionals="0" coveredconditionals="0" methods="0" coveredmethods="0"/>
      <file name="dashboard.dto.ts" path="/Users/enguerran/Sites/betagouv/immersion-facile/shared/src/dashboard/dashboard.dto.ts">
        <metrics statements="6" coveredstatements="6" conditionals="0" coveredconditionals="0" methods="0" coveredmethods="0"/>
        <line num="15" count="1" type="stmt"/>
        <line num="21" count="1" type="stmt"/>
        <line num="23" count="1" type="stmt"/>
        <line num="30" count="1" type="stmt"/>
        <line num="39" count="1" type="stmt"/>
        <line num="41" count="1" type="stmt"/>
      </file>
      <file name="dashboard.schema.ts" path="/Users/enguerran/Sites/betagouv/immersion-facile/shared/src/dashboard/dashboard.schema.ts">
        <metrics statements="4" coveredstatements="4" conditionals="0" coveredconditionals="0" methods="0" coveredmethods="0"/>
        <line num="12" count="1" type="stmt"/>
        <line num="23" count="1" type="stmt"/>
        <line num="28" count="1" type="stmt"/>
        <line num="34" count="1" type="stmt"/>
      </file>
      <file name="establishmentDashboardTabs.ts" path="/Users/enguerran/Sites/betagouv/immersion-facile/shared/src/dashboard/establishmentDashboardTabs.ts">
        <metrics statements="1" coveredstatements="1" conditionals="0" coveredconditionals="0" methods="0" coveredmethods="0"/>
        <line num="1" count="1" type="stmt"/>
      </file>
    </package>
    <package name="src.discussion">
      <metrics statements="47" coveredstatements="16" conditionals="12" coveredconditionals="0" methods="22" coveredmethods="0"/>
      <file name="discussion.content.ts" path="/Users/enguerran/Sites/betagouv/immersion-facile/shared/src/discussion/discussion.content.ts">
        <metrics statements="9" coveredstatements="2" conditionals="6" coveredconditionals="0" methods="2" coveredmethods="0"/>
        <line num="9" count="1" type="stmt"/>
        <line num="12" count="0" type="stmt"/>
        <line num="30" count="1" type="stmt"/>
        <line num="33" count="0" type="cond" truecount="0" falsecount="2"/>
        <line num="34" count="0" type="cond" truecount="0" falsecount="2"/>
        <line num="35" count="0" type="stmt"/>
        <line num="36" count="0" type="cond" truecount="0" falsecount="2"/>
        <line num="37" count="0" type="stmt"/>
        <line num="38" count="0" type="stmt"/>
      </file>
      <file name="discussion.dto.ts" path="/Users/enguerran/Sites/betagouv/immersion-facile/shared/src/discussion/discussion.dto.ts">
        <metrics statements="29" coveredstatements="5" conditionals="6" coveredconditionals="0" methods="20" coveredmethods="0"/>
        <line num="21" count="1" type="stmt"/>
        <line num="23" count="1" type="stmt"/>
        <line num="129" count="1" type="stmt"/>
        <line num="131" count="1" type="stmt"/>
        <line num="176" count="1" type="stmt"/>
        <line num="189" count="0" type="stmt"/>
        <line num="190" count="0" type="cond" truecount="0" falsecount="2"/>
        <line num="191" count="0" type="stmt"/>
        <line num="192" count="0" type="stmt"/>
        <line num="217" count="0" type="stmt"/>
        <line num="221" count="0" type="stmt"/>
        <line num="228" count="0" type="stmt"/>
        <line num="235" count="0" type="stmt"/>
        <line num="242" count="0" type="stmt"/>
        <line num="251" count="0" type="stmt"/>
        <line num="261" count="0" type="stmt"/>
        <line num="268" count="0" type="stmt"/>
        <line num="272" count="0" type="stmt"/>
        <line num="281" count="0" type="stmt"/>
        <line num="291" count="0" type="stmt"/>
        <line num="298" count="0" type="stmt"/>
        <line num="308" count="0" type="stmt"/>
        <line num="310" count="0" type="stmt"/>
        <line num="320" count="0" type="stmt"/>
        <line num="331" count="0" type="stmt"/>
        <line num="343" count="0" type="stmt"/>
        <line num="356" count="0" type="stmt"/>
        <line num="370" count="0" type="stmt"/>
        <line num="378" count="0" type="stmt"/>
      </file>
      <file name="discussion.schema.ts" path="/Users/enguerran/Sites/betagouv/immersion-facile/shared/src/discussion/discussion.schema.ts">
        <metrics statements="9" coveredstatements="9" conditionals="0" coveredconditionals="0" methods="0" coveredmethods="0"/>
        <line num="27" count="1" type="stmt"/>
        <line num="29" count="1" type="stmt"/>
        <line num="31" count="1" type="stmt"/>
        <line num="36" count="1" type="stmt"/>
        <line num="46" count="1" type="stmt"/>
        <line num="56" count="1" type="stmt"/>
        <line num="64" count="1" type="stmt"/>
        <line num="68" count="1" type="stmt"/>
        <line num="72" count="1" type="stmt"/>
      </file>
    </package>
    <package name="src.email">
      <metrics statements="85" coveredstatements="25" conditionals="202" coveredconditionals="0" methods="59" coveredmethods="2"/>
      <file name="EmailParamsByEmailType.ts" path="/Users/enguerran/Sites/betagouv/immersion-facile/shared/src/email/EmailParamsByEmailType.ts">
        <metrics statements="0" coveredstatements="0" conditionals="0" coveredconditionals="0" methods="0" coveredmethods="0"/>
      </file>
      <file name="advices.ts" path="/Users/enguerran/Sites/betagouv/immersion-facile/shared/src/email/advices.ts">
        <metrics statements="1" coveredstatements="1" conditionals="0" coveredconditionals="0" methods="0" coveredmethods="0"/>
        <line num="1" count="1" type="stmt"/>
      </file>
      <file name="defaultConventionFinalLegals.ts" path="/Users/enguerran/Sites/betagouv/immersion-facile/shared/src/email/defaultConventionFinalLegals.ts">
        <metrics statements="2" coveredstatements="1" conditionals="2" coveredconditionals="0" methods="1" coveredmethods="0"/>
        <line num="3" count="1" type="stmt"/>
        <line num="4" count="0" type="cond" truecount="0" falsecount="2"/>
      </file>
      <file name="email.dto.ts" path="/Users/enguerran/Sites/betagouv/immersion-facile/shared/src/email/email.dto.ts">
        <metrics statements="0" coveredstatements="0" conditionals="0" coveredconditionals="0" methods="0" coveredmethods="0"/>
      </file>
      <file name="email.schema.ts" path="/Users/enguerran/Sites/betagouv/immersion-facile/shared/src/email/email.schema.ts">
        <metrics statements="10" coveredstatements="8" conditionals="0" coveredconditionals="0" methods="4" coveredmethods="2"/>
        <line num="7" count="3" type="stmt"/>
        <line num="14" count="3" type="stmt"/>
        <line num="18" count="3" type="stmt"/>
        <line num="19" count="3" type="stmt"/>
        <line num="21" count="473" type="stmt"/>
        <line num="29" count="3" type="stmt"/>
        <line num="31" count="0" type="stmt"/>
        <line num="32" count="0" type="stmt"/>
        <line num="36" count="3" type="stmt"/>
        <line num="37" count="88" type="stmt"/>
      </file>
      <file name="email.ts" path="/Users/enguerran/Sites/betagouv/immersion-facile/shared/src/email/email.ts">
        <metrics statements="0" coveredstatements="0" conditionals="0" coveredconditionals="0" methods="0" coveredmethods="0"/>
      </file>
      <file name="emailTemplatesByName.ts" path="/Users/enguerran/Sites/betagouv/immersion-facile/shared/src/email/emailTemplatesByName.ts">
        <metrics statements="62" coveredstatements="5" conditionals="200" coveredconditionals="0" methods="54" coveredmethods="0"/>
        <line num="15" count="1" type="stmt"/>
        <line num="16" count="0" type="cond" truecount="0" falsecount="2"/>
        <line num="28" count="1" type="stmt"/>
        <line num="41" count="0" type="stmt"/>
        <line num="75" count="0" type="stmt"/>
        <line num="106" count="0" type="stmt"/>
        <line num="142" count="0" type="stmt"/>
        <line num="193" count="0" type="stmt"/>
        <line num="230" count="0" type="stmt"/>
        <line num="271" count="0" type="cond" truecount="0" falsecount="2"/>
        <line num="274" count="0" type="stmt"/>
        <line num="347" count="0" type="stmt"/>
        <line num="380" count="0" type="stmt"/>
        <line num="408" count="0" type="stmt"/>
        <line num="439" count="0" type="stmt"/>
        <line num="472" count="0" type="stmt"/>
        <line num="503" count="0" type="stmt"/>
        <line num="584" count="0" type="stmt"/>
        <line num="650" count="0" type="stmt"/>
        <line num="708" count="0" type="stmt"/>
        <line num="773" count="0" type="stmt"/>
        <line num="825" count="0" type="stmt"/>
        <line num="876" count="0" type="stmt"/>
        <line num="914" count="0" type="stmt"/>
        <line num="952" count="0" type="stmt"/>
        <line num="989" count="0" type="stmt"/>
        <line num="1029" count="0" type="stmt"/>
        <line num="1089" count="0" type="stmt"/>
        <line num="1132" count="0" type="stmt"/>
        <line num="1178" count="0" type="stmt"/>
        <line num="1222" count="0" type="stmt"/>
        <line num="1272" count="0" type="stmt"/>
        <line num="1311" count="0" type="stmt"/>
        <line num="1341" count="0" type="stmt"/>
        <line num="1367" count="0" type="stmt"/>
        <line num="1392" count="0" type="stmt"/>
        <line num="1424" count="0" type="stmt"/>
        <line num="1467" count="0" type="stmt"/>
        <line num="1489" count="0" type="stmt"/>
        <line num="1508" count="0" type="stmt"/>
        <line num="1531" count="0" type="stmt"/>
        <line num="1551" count="0" type="stmt"/>
        <line num="1564" count="0" type="stmt"/>
        <line num="1587" count="0" type="stmt"/>
        <line num="1621" count="0" type="stmt"/>
        <line num="1652" count="0" type="stmt"/>
        <line num="1709" count="0" type="stmt"/>
        <line num="1744" count="0" type="stmt"/>
        <line num="1796" count="0" type="stmt"/>
        <line num="1824" count="0" type="stmt"/>
        <line num="1848" count="0" type="stmt"/>
        <line num="1863" count="0" type="stmt"/>
        <line num="1901" count="0" type="stmt"/>
        <line num="1926" count="1" type="stmt"/>
        <line num="1930" count="0" type="stmt"/>
        <line num="1934" count="1" type="stmt"/>
        <line num="1947" count="1" type="stmt"/>
        <line num="1955" count="0" type="stmt"/>
        <line num="1956" count="0" type="stmt"/>
        <line num="1957" count="0" type="stmt"/>
        <line num="1961" count="0" type="cond" truecount="0" falsecount="4"/>
        <line num="1963" count="0" type="stmt"/>
      </file>
      <file name="knownEmailsAddresses.ts" path="/Users/enguerran/Sites/betagouv/immersion-facile/shared/src/email/knownEmailsAddresses.ts">
        <metrics statements="5" coveredstatements="5" conditionals="0" coveredconditionals="0" methods="0" coveredmethods="0"/>
        <line num="2" count="1" type="stmt"/>
        <line num="5" count="1" type="stmt"/>
        <line num="7" count="1" type="stmt"/>
        <line num="12" count="1" type="stmt"/>
        <line num="15" count="1" type="stmt"/>
      </file>
      <file name="validateEmail.dto.ts" path="/Users/enguerran/Sites/betagouv/immersion-facile/shared/src/email/validateEmail.dto.ts">
        <metrics statements="2" coveredstatements="2" conditionals="0" coveredconditionals="0" methods="0" coveredmethods="0"/>
        <line num="3" count="1" type="stmt"/>
        <line num="26" count="1" type="stmt"/>
      </file>
      <file name="validateEmail.schema.ts" path="/Users/enguerran/Sites/betagouv/immersion-facile/shared/src/email/validateEmail.schema.ts">
        <metrics statements="3" coveredstatements="3" conditionals="0" coveredconditionals="0" methods="0" coveredmethods="0"/>
        <line num="9" count="1" type="stmt"/>
        <line num="13" count="1" type="stmt"/>
        <line num="16" count="1" type="stmt"/>
      </file>
    </package>
    <package name="src.errors">
      <metrics statements="185" coveredstatements="6" conditionals="29" coveredconditionals="0" methods="148" coveredmethods="0"/>
      <file name="errors.ts" path="/Users/enguerran/Sites/betagouv/immersion-facile/shared/src/errors/errors.ts">
        <metrics statements="128" coveredstatements="1" conditionals="15" coveredconditionals="0" methods="127" coveredmethods="0"/>
        <line num="51" count="1" type="stmt"/>
        <line num="54" count="0" type="stmt"/>
        <line num="60" count="0" type="stmt"/>
        <line num="62" count="0" type="stmt"/>
        <line num="63" count="0" type="stmt"/>
        <line num="65" count="0" type="stmt"/>
        <line num="69" count="0" type="stmt"/>
        <line num="73" count="0" type="stmt"/>
        <line num="77" count="0" type="stmt"/>
        <line num="81" count="0" type="stmt"/>
        <line num="85" count="0" type="stmt"/>
        <line num="97" count="0" type="cond" truecount="0" falsecount="4"/>
        <line num="103" count="0" type="stmt"/>
        <line num="105" count="0" type="stmt"/>
        <line num="111" count="0" type="stmt"/>
        <line num="115" count="0" type="stmt"/>
        <line num="119" count="0" type="stmt"/>
        <line num="121" count="0" type="stmt"/>
        <line num="125" count="0" type="stmt"/>
        <line num="129" count="0" type="stmt"/>
        <line num="133" count="0" type="stmt"/>
        <line num="137" count="0" type="stmt"/>
        <line num="147" count="0" type="stmt"/>
        <line num="161" count="0" type="stmt"/>
        <line num="167" count="0" type="stmt"/>
        <line num="175" count="0" type="stmt"/>
        <line num="183" count="0" type="stmt"/>
        <line num="193" count="0" type="stmt"/>
        <line num="197" count="0" type="stmt"/>
        <line num="207" count="0" type="stmt"/>
        <line num="211" count="0" type="stmt"/>
        <line num="214" count="0" type="stmt"/>
        <line num="222" count="0" type="stmt"/>
        <line num="226" count="0" type="stmt"/>
        <line num="232" count="0" type="stmt"/>
        <line num="236" count="0" type="stmt"/>
        <line num="243" count="0" type="stmt"/>
        <line num="245" count="0" type="stmt"/>
        <line num="255" count="0" type="stmt"/>
        <line num="265" count="0" type="stmt"/>
        <line num="275" count="0" type="stmt"/>
        <line num="289" count="0" type="stmt"/>
        <line num="293" count="0" type="stmt"/>
        <line num="295" count="0" type="stmt"/>
        <line num="299" count="0" type="stmt"/>
        <line num="303" count="0" type="stmt"/>
        <line num="307" count="0" type="stmt"/>
        <line num="311" count="0" type="stmt"/>
        <line num="315" count="0" type="stmt"/>
        <line num="319" count="0" type="stmt"/>
        <line num="323" count="0" type="stmt"/>
        <line num="327" count="0" type="stmt"/>
        <line num="339" count="0" type="stmt"/>
        <line num="352" count="0" type="stmt"/>
        <line num="364" count="0" type="cond" truecount="0" falsecount="2"/>
        <line num="378" count="0" type="stmt"/>
        <line num="382" count="0" type="stmt"/>
        <line num="384" count="0" type="stmt"/>
        <line num="390" count="0" type="stmt"/>
        <line num="396" count="0" type="stmt"/>
        <line num="402" count="0" type="stmt"/>
        <line num="414" count="0" type="stmt"/>
        <line num="431" count="0" type="stmt"/>
        <line num="435" count="0" type="stmt"/>
        <line num="437" count="0" type="stmt"/>
        <line num="441" count="0" type="stmt"/>
        <line num="454" count="0" type="stmt"/>
        <line num="458" count="0" type="stmt"/>
        <line num="462" count="0" type="stmt"/>
        <line num="466" count="0" type="stmt"/>
        <line num="468" count="0" type="stmt"/>
        <line num="472" count="0" type="stmt"/>
        <line num="476" count="0" type="stmt"/>
        <line num="480" count="0" type="stmt"/>
        <line num="486" count="0" type="stmt"/>
        <line num="497" count="0" type="stmt"/>
        <line num="502" count="0" type="stmt"/>
        <line num="508" count="0" type="stmt"/>
        <line num="515" count="0" type="stmt"/>
        <line num="517" count="0" type="stmt"/>
        <line num="519" count="0" type="stmt"/>
        <line num="521" count="0" type="stmt"/>
        <line num="525" count="0" type="stmt"/>
        <line num="527" count="0" type="stmt"/>
        <line num="531" count="0" type="stmt"/>
        <line num="541" count="0" type="stmt"/>
        <line num="551" count="0" type="stmt"/>
        <line num="555" count="0" type="stmt"/>
        <line num="559" count="0" type="stmt"/>
        <line num="563" count="0" type="stmt"/>
        <line num="567" count="0" type="stmt"/>
        <line num="571" count="0" type="stmt"/>
        <line num="575" count="0" type="stmt"/>
        <line num="579" count="0" type="stmt"/>
        <line num="583" count="0" type="stmt"/>
        <line num="593" count="0" type="stmt"/>
        <line num="601" count="0" type="stmt"/>
        <line num="608" count="0" type="stmt"/>
        <line num="618" count="0" type="stmt"/>
        <line num="622" count="0" type="stmt"/>
        <line num="628" count="0" type="stmt"/>
        <line num="638" count="0" type="stmt"/>
        <line num="642" count="0" type="stmt"/>
        <line num="650" count="0" type="stmt"/>
        <line num="654" count="0" type="stmt"/>
        <line num="656" count="0" type="stmt"/>
        <line num="658" count="0" type="stmt"/>
        <line num="662" count="0" type="stmt"/>
        <line num="666" count="0" type="stmt"/>
        <line num="669" count="0" type="stmt"/>
        <line num="671" count="0" type="stmt"/>
        <line num="675" count="0" type="stmt"/>
        <line num="679" count="0" type="stmt"/>
        <line num="683" count="0" type="stmt"/>
        <line num="690" count="0" type="stmt"/>
        <line num="694" count="0" type="stmt"/>
        <line num="703" count="0" type="stmt"/>
        <line num="707" count="0" type="stmt"/>
        <line num="713" count="0" type="stmt"/>
        <line num="717" count="0" type="stmt"/>
        <line num="721" count="0" type="stmt"/>
        <line num="731" count="0" type="stmt"/>
        <line num="737" count="0" type="stmt"/>
        <line num="739" count="0" type="stmt"/>
        <line num="743" count="0" type="stmt"/>
        <line num="747" count="0" type="stmt"/>
        <line num="753" count="0" type="stmt"/>
        <line num="762" count="0" type="stmt"/>
      </file>
      <file name="ftConnectErrors.ts" path="/Users/enguerran/Sites/betagouv/immersion-facile/shared/src/errors/ftConnectErrors.ts">
        <metrics statements="18" coveredstatements="2" conditionals="2" coveredconditionals="0" methods="8" coveredmethods="0"/>
        <line num="2" count="1" type="stmt"/>
        <line num="13" count="0" type="stmt"/>
        <line num="22" count="0" type="stmt"/>
        <line num="35" count="0" type="stmt"/>
        <line num="36" count="0" type="stmt"/>
        <line num="41" count="1" type="stmt"/>
        <line num="44" count="0" type="stmt"/>
        <line num="45" count="0" type="stmt"/>
        <line num="46" count="0" type="stmt"/>
        <line num="48" count="0" type="stmt"/>
        <line num="56" count="0" type="stmt"/>
        <line num="57" count="0" type="stmt"/>
        <line num="58" count="0" type="stmt"/>
        <line num="59" count="0" type="stmt"/>
        <line num="67" count="0" type="stmt"/>
        <line num="68" count="0" type="stmt"/>
        <line num="69" count="0" type="stmt"/>
        <line num="70" count="0" type="stmt"/>
      </file>
      <file name="httpErrors.ts" path="/Users/enguerran/Sites/betagouv/immersion-facile/shared/src/errors/httpErrors.ts">
        <metrics statements="39" coveredstatements="3" conditionals="12" coveredconditionals="0" methods="13" coveredmethods="0"/>
        <line num="16" count="0" type="stmt"/>
        <line num="17" count="0" type="stmt"/>
        <line num="22" count="0" type="stmt"/>
        <line num="25" count="0" type="stmt"/>
        <line num="26" count="0" type="stmt"/>
        <line num="30" count="5" type="stmt"/>
        <line num="31" count="0" type="cond" truecount="0" falsecount="2"/>
        <line num="34" count="0" type="stmt"/>
        <line num="37" count="0" type="stmt"/>
        <line num="38" count="0" type="stmt"/>
        <line num="43" count="0" type="stmt"/>
        <line num="46" count="0" type="stmt"/>
        <line num="47" count="0" type="stmt"/>
        <line num="52" count="0" type="stmt"/>
        <line num="55" count="0" type="stmt"/>
        <line num="56" count="0" type="stmt"/>
        <line num="61" count="0" type="stmt"/>
        <line num="64" count="0" type="stmt"/>
        <line num="65" count="0" type="stmt"/>
        <line num="70" count="0" type="stmt"/>
        <line num="73" count="0" type="stmt"/>
        <line num="74" count="0" type="stmt"/>
        <line num="79" count="0" type="stmt"/>
        <line num="82" count="0" type="stmt"/>
        <line num="83" count="0" type="stmt"/>
        <line num="88" count="0" type="stmt"/>
        <line num="91" count="0" type="stmt"/>
        <line num="92" count="0" type="stmt"/>
        <line num="97" count="0" type="stmt"/>
        <line num="103" count="0" type="stmt"/>
        <line num="108" count="0" type="stmt"/>
        <line num="112" count="5" type="stmt"/>
        <line num="113" count="0" type="cond" truecount="0" falsecount="2"/>
        <line num="114" count="0" type="stmt"/>
        <line num="118" count="0" type="cond" truecount="0" falsecount="2"/>
        <line num="119" count="0" type="stmt"/>
        <line num="122" count="5" type="stmt"/>
        <line num="126" count="0" type="cond" truecount="0" falsecount="4"/>
        <line num="127" count="0" type="stmt"/>
      </file>
    </package>
    <package name="src.establishment">
      <metrics statements="1" coveredstatements="1" conditionals="0" coveredconditionals="0" methods="1" coveredmethods="0"/>
      <file name="superEstablishment.ts" path="/Users/enguerran/Sites/betagouv/immersion-facile/shared/src/establishment/superEstablishment.ts">
        <metrics statements="1" coveredstatements="1" conditionals="0" coveredconditionals="0" methods="1" coveredmethods="0"/>
        <line num="1" count="1" type="stmt"/>
      </file>
    </package>
    <package name="src.featureFlag">
      <metrics statements="23" coveredstatements="21" conditionals="4" coveredconditionals="2" methods="4" coveredmethods="2"/>
      <file name="featureFlags.dto.ts" path="/Users/enguerran/Sites/betagouv/immersion-facile/shared/src/featureFlag/featureFlags.dto.ts">
        <metrics statements="15" coveredstatements="13" conditionals="4" coveredconditionals="2" methods="4" coveredmethods="2"/>
        <line num="5" count="2" type="stmt"/>
        <line num="9" count="2" type="stmt"/>
        <line num="18" count="2" type="stmt"/>
        <line num="20" count="0" type="stmt"/>
        <line num="24" count="2" type="stmt"/>
        <line num="79" count="2" type="stmt"/>
        <line num="80" count="6" type="stmt"/>
        <line num="88" count="3" type="cond" truecount="2" falsecount="0"/>
        <line num="89" count="1" type="stmt"/>
        <line num="90" count="2" type="stmt"/>
        <line num="97" count="2" type="stmt"/>
        <line num="98" count="2" type="stmt"/>
        <line num="102" count="2" type="stmt"/>
        <line num="104" count="2" type="stmt"/>
        <line num="107" count="0" type="cond" truecount="0" falsecount="2"/>
      </file>
      <file name="featureFlags.schema.ts" path="/Users/enguerran/Sites/betagouv/immersion-facile/shared/src/featureFlag/featureFlags.schema.ts">
        <metrics statements="8" coveredstatements="8" conditionals="0" coveredconditionals="0" methods="0" coveredmethods="0"/>
        <line num="13" count="1" type="stmt"/>
        <line num="20" count="1" type="stmt"/>
        <line num="31" count="1" type="stmt"/>
        <line num="37" count="1" type="stmt"/>
        <line num="44" count="1" type="stmt"/>
        <line num="51" count="1" type="stmt"/>
        <line num="55" count="1" type="stmt"/>
        <line num="60" count="1" type="stmt"/>
      </file>
    </package>
    <package name="src.federatedIdentities">
      <metrics statements="6" coveredstatements="5" conditionals="0" coveredconditionals="0" methods="1" coveredmethods="0"/>
      <file name="federatedIdentity.dto.ts" path="/Users/enguerran/Sites/betagouv/immersion-facile/shared/src/federatedIdentities/federatedIdentity.dto.ts">
        <metrics statements="5" coveredstatements="4" conditionals="0" coveredconditionals="0" methods="1" coveredmethods="0"/>
        <line num="9" count="1" type="stmt"/>
        <line num="31" count="1" type="stmt"/>
        <line num="32" count="1" type="stmt"/>
        <line num="55" count="1" type="stmt"/>
        <line num="58" count="0" type="stmt"/>
[...]
        <line num="521" count="89" type="cond" truecount="2" falsecount="0"/>
        <line num="525" count="86" type="stmt"/>
        <line num="531" count="2" type="stmt"/>
        <line num="536" count="15" type="stmt"/>
        <line num="537" count="15" type="stmt"/>
        <line num="538" count="15" type="stmt"/>
        <line num="540" count="105" type="cond" truecount="2" falsecount="0"/>
        <line num="541" count="119" type="stmt"/>
        <line num="545" count="99" type="stmt"/>
        <line num="546" count="693" type="stmt"/>
        <line num="548" count="99" type="cond" truecount="2" falsecount="0"/>
      </file>
    </package>
    <package name="src.search">
      <metrics statements="13" coveredstatements="9" conditionals="2" coveredconditionals="0" methods="2" coveredmethods="1"/>
      <file name="SearchQueryParams.dto.ts" path="/Users/enguerran/Sites/betagouv/immersion-facile/shared/src/search/SearchQueryParams.dto.ts">
        <metrics statements="1" coveredstatements="1" conditionals="0" coveredconditionals="0" methods="0" coveredmethods="0"/>
        <line num="9" count="1" type="stmt"/>
      </file>
      <file name="SearchQueryParams.schema.ts" path="/Users/enguerran/Sites/betagouv/immersion-facile/shared/src/search/SearchQueryParams.schema.ts">
        <metrics statements="2" coveredstatements="2" conditionals="0" coveredconditionals="0" methods="0" coveredmethods="0"/>
        <line num="10" count="1" type="stmt"/>
        <line num="28" count="1" type="stmt"/>
      </file>
      <file name="SearchResult.dto.ts" path="/Users/enguerran/Sites/betagouv/immersion-facile/shared/src/search/SearchResult.dto.ts">
        <metrics statements="0" coveredstatements="0" conditionals="0" coveredconditionals="0" methods="0" coveredmethods="0"/>
      </file>
      <file name="SearchResult.schema.ts" path="/Users/enguerran/Sites/betagouv/immersion-facile/shared/src/search/SearchResult.schema.ts">
        <metrics statements="2" coveredstatements="2" conditionals="0" coveredconditionals="0" methods="0" coveredmethods="0"/>
        <line num="11" count="1" type="stmt"/>
        <line num="47" count="1" type="stmt"/>
      </file>
      <file name="search.routes.ts" path="/Users/enguerran/Sites/betagouv/immersion-facile/shared/src/search/search.routes.ts">
        <metrics statements="1" coveredstatements="1" conditionals="0" coveredconditionals="0" methods="0" coveredmethods="0"/>
        <line num="14" count="1" type="stmt"/>
      </file>
      <file name="search.utils.ts" path="/Users/enguerran/Sites/betagouv/immersion-facile/shared/src/search/search.utils.ts">
        <metrics statements="5" coveredstatements="1" conditionals="2" coveredconditionals="0" methods="1" coveredmethods="0"/>
        <line num="3" count="1" type="stmt"/>
        <line num="4" count="0" type="cond" truecount="0" falsecount="2"/>
        <line num="5" count="0" type="stmt"/>
        <line num="6" count="0" type="stmt"/>
        <line num="7" count="0" type="stmt"/>
      </file>
      <file name="searchText.schema.ts" path="/Users/enguerran/Sites/betagouv/immersion-facile/shared/src/search/searchText.schema.ts">
        <metrics statements="2" coveredstatements="2" conditionals="0" coveredconditionals="0" methods="1" coveredmethods="1"/>
        <line num="3" count="6" type="stmt"/>
        <line num="5" count="4" type="stmt"/>
      </file>
    </package>
    <package name="src.shortLink">
      <metrics statements="0" coveredstatements="0" conditionals="0" coveredconditionals="0" methods="0" coveredmethods="0"/>
      <file name="shortLink.dto.ts" path="/Users/enguerran/Sites/betagouv/immersion-facile/shared/src/shortLink/shortLink.dto.ts">
        <metrics statements="0" coveredstatements="0" conditionals="0" coveredconditionals="0" methods="0" coveredmethods="0"/>
      </file>
    </package>
    <package name="src.siret">
      <metrics statements="22" coveredstatements="20" conditionals="0" coveredconditionals="0" methods="2" coveredmethods="0"/>
      <file name="siret.schema.ts" path="/Users/enguerran/Sites/betagouv/immersion-facile/shared/src/siret/siret.schema.ts">
        <metrics statements="7" coveredstatements="7" conditionals="0" coveredconditionals="0" methods="0" coveredmethods="0"/>
        <line num="18" count="3" type="stmt"/>
        <line num="20" count="3" type="stmt"/>
        <line num="24" count="3" type="stmt"/>
        <line num="28" count="3" type="stmt"/>
        <line num="37" count="3" type="stmt"/>
        <line num="41" count="3" type="stmt"/>
        <line num="42" count="3" type="stmt"/>
      </file>
      <file name="siret.ts" path="/Users/enguerran/Sites/betagouv/immersion-facile/shared/src/siret/siret.ts">
        <metrics statements="15" coveredstatements="13" conditionals="0" coveredconditionals="0" methods="2" coveredmethods="0"/>
        <line num="5" count="3" type="stmt"/>
        <line num="7" count="3" type="stmt"/>
        <line num="8" count="3" type="stmt"/>
        <line num="9" count="3" type="stmt"/>
        <line num="10" count="3" type="stmt"/>
        <line num="13" count="3" type="stmt"/>
        <line num="14" count="3" type="stmt"/>
        <line num="15" count="3" type="stmt"/>
        <line num="17" count="3" type="stmt"/>
        <line num="18" count="3" type="stmt"/>
        <line num="40" count="3" type="stmt"/>
        <line num="66" count="3" type="stmt"/>
        <line num="67" count="0" type="stmt"/>
        <line num="69" count="3" type="stmt"/>
        <line num="70" count="0" type="stmt"/>
      </file>
    </package>
    <package name="src.siretAndAppellation">
      <metrics statements="3" coveredstatements="3" conditionals="0" coveredconditionals="0" methods="0" coveredmethods="0"/>
      <file name="SiretAndAppellation.dto.ts" path="/Users/enguerran/Sites/betagouv/immersion-facile/shared/src/siretAndAppellation/SiretAndAppellation.dto.ts">
        <metrics statements="0" coveredstatements="0" conditionals="0" coveredconditionals="0" methods="0" coveredmethods="0"/>
      </file>
      <file name="SiretAndAppellation.schema.ts" path="/Users/enguerran/Sites/betagouv/immersion-facile/shared/src/siretAndAppellation/SiretAndAppellation.schema.ts">
        <metrics statements="3" coveredstatements="3" conditionals="0" coveredconditionals="0" methods="0" coveredmethods="0"/>
        <line num="10" count="1" type="stmt"/>
        <line num="16" count="1" type="stmt"/>
        <line num="18" count="1" type="stmt"/>
      </file>
    </package>
    <package name="src.siretAndRome">
      <metrics statements="1" coveredstatements="1" conditionals="0" coveredconditionals="0" methods="0" coveredmethods="0"/>
      <file name="SiretAndRome.dto.ts" path="/Users/enguerran/Sites/betagouv/immersion-facile/shared/src/siretAndRome/SiretAndRome.dto.ts">
        <metrics statements="0" coveredstatements="0" conditionals="0" coveredconditionals="0" methods="0" coveredmethods="0"/>
      </file>
      <file name="SiretAndRome.schema.ts" path="/Users/enguerran/Sites/betagouv/immersion-facile/shared/src/siretAndRome/SiretAndRome.schema.ts">
        <metrics statements="1" coveredstatements="1" conditionals="0" coveredconditionals="0" methods="0" coveredmethods="0"/>
        <line num="6" count="1" type="stmt"/>
      </file>
    </package>
    <package name="src.sms">
      <metrics statements="10" coveredstatements="7" conditionals="4" coveredconditionals="4" methods="5" coveredmethods="2"/>
      <file name="sms.schema.ts" path="/Users/enguerran/Sites/betagouv/immersion-facile/shared/src/sms/sms.schema.ts">
        <metrics statements="4" coveredstatements="4" conditionals="4" coveredconditionals="4" methods="1" coveredmethods="1"/>
        <line num="7" count="2" type="stmt"/>
        <line num="10" count="2" type="cond" truecount="2" falsecount="0"/>
        <line num="14" count="1" type="stmt"/>
        <line num="20" count="2" type="stmt"/>
      </file>
      <file name="smsTemplateByName.ts" path="/Users/enguerran/Sites/betagouv/immersion-facile/shared/src/sms/smsTemplateByName.ts">
        <metrics statements="6" coveredstatements="3" conditionals="0" coveredconditionals="0" methods="4" coveredmethods="1"/>
        <line num="32" count="1" type="stmt"/>
        <line num="38" count="1" type="stmt"/>
        <line num="41" count="1" type="stmt"/>
        <line num="44" count="0" type="stmt"/>
        <line num="48" count="0" type="stmt"/>
        <line num="52" count="0" type="stmt"/>
      </file>
    </package>
    <package name="src.tokens">
      <metrics statements="26" coveredstatements="10" conditionals="8" coveredconditionals="0" methods="9" coveredmethods="0"/>
      <file name="jwt.dto.ts" path="/Users/enguerran/Sites/betagouv/immersion-facile/shared/src/tokens/jwt.dto.ts">
        <metrics statements="2" coveredstatements="2" conditionals="0" coveredconditionals="0" methods="0" coveredmethods="0"/>
        <line num="12" count="2" type="stmt"/>
        <line num="22" count="2" type="stmt"/>
      </file>
      <file name="jwt.utils.ts" path="/Users/enguerran/Sites/betagouv/immersion-facile/shared/src/tokens/jwt.utils.ts">
        <metrics statements="24" coveredstatements="8" conditionals="8" coveredconditionals="0" methods="9" coveredmethods="0"/>
        <line num="11" count="1" type="stmt"/>
        <line num="14" count="0" type="stmt"/>
        <line num="15" count="1" type="stmt"/>
        <line num="17" count="1" type="stmt"/>
        <line num="18" count="0" type="stmt"/>
        <line num="19" count="0" type="stmt"/>
        <line num="21" count="0" type="stmt"/>
        <line num="22" count="0" type="stmt"/>
        <line num="27" count="1" type="stmt"/>
        <line num="28" count="0" type="stmt"/>
        <line num="30" count="1" type="stmt"/>
        <line num="31" count="0" type="stmt"/>
        <line num="32" count="0" type="stmt"/>
        <line num="33" count="0" type="stmt"/>
        <line num="35" count="0" type="stmt"/>
        <line num="36" count="0" type="stmt"/>
        <line num="40" count="1" type="stmt"/>
        <line num="44" count="0" type="stmt"/>
        <line num="46" count="1" type="stmt"/>
        <line num="56" count="0" type="stmt"/>
        <line num="57" count="0" type="cond" truecount="0" falsecount="2"/>
        <line num="59" count="0" type="stmt"/>
        <line num="70" count="1" type="stmt"/>
        <line num="83" count="0" type="stmt"/>
      </file>
      <file name="jwtPayload.dto.ts" path="/Users/enguerran/Sites/betagouv/immersion-facile/shared/src/tokens/jwtPayload.dto.ts">
        <metrics statements="0" coveredstatements="0" conditionals="0" coveredconditionals="0" methods="0" coveredmethods="0"/>
      </file>
    </package>
    <package name="src.utils">
      <metrics statements="112" coveredstatements="83" conditionals="66" coveredconditionals="37" methods="38" coveredmethods="21"/>
      <file name="address.ts" path="/Users/enguerran/Sites/betagouv/immersion-facile/shared/src/utils/address.ts">
        <metrics statements="18" coveredstatements="15" conditionals="10" coveredconditionals="5" methods="5" coveredmethods="3"/>
        <line num="11" count="2" type="stmt"/>
        <line num="16" count="3" type="stmt"/>
        <line num="17" count="3" type="stmt"/>
        <line num="18" count="3" type="stmt"/>
        <line num="19" count="3" type="stmt"/>
        <line num="20" count="3" type="stmt"/>
        <line num="22" count="3" type="stmt"/>
        <line num="29" count="3" type="stmt"/>
        <line num="31" count="2" type="stmt"/>
        <line num="44" count="2" type="stmt"/>
        <line num="45" count="2" type="cond" truecount="2" falsecount="0"/>
        <line num="46" count="1" type="stmt"/>
        <line num="48" count="1" type="stmt"/>
        <line num="51" count="2" type="stmt"/>
        <line num="52" count="0" type="cond" truecount="0" falsecount="2"/>
        <line num="56" count="2" type="stmt"/>
        <line num="57" count="0" type="stmt"/>
        <line num="58" count="0" type="stmt"/>
      </file>
      <file name="beneficiary.ts" path="/Users/enguerran/Sites/betagouv/immersion-facile/shared/src/utils/beneficiary.ts">
        <metrics statements="6" coveredstatements="6" conditionals="4" coveredconditionals="3" methods="3" coveredmethods="3"/>
        <line num="10" count="2" type="stmt"/>
        <line num="19" count="4" type="stmt"/>
        <line num="23" count="4" type="cond" truecount="1" falsecount="1"/>
        <line num="26" count="4" type="stmt"/>
        <line num="29" count="2" type="stmt"/>
        <line num="36" count="4" type="cond" truecount="2" falsecount="0"/>
      </file>
      <file name="csv.ts" path="/Users/enguerran/Sites/betagouv/immersion-facile/shared/src/utils/csv.ts">
        <metrics statements="10" coveredstatements="4" conditionals="4" coveredconditionals="0" methods="5" coveredmethods="0"/>
        <line num="3" count="1" type="stmt"/>
        <line num="6" count="0" type="stmt"/>
        <line num="9" count="0" type="stmt"/>
        <line num="16" count="1" type="stmt"/>
        <line num="18" count="0" type="stmt"/>
        <line num="20" count="1" type="stmt"/>
        <line num="21" count="0" type="cond" truecount="0" falsecount="2"/>
        <line num="22" count="0" type="stmt"/>
        <line num="25" count="0" type="cond" truecount="0" falsecount="2"/>
        <line num="28" count="1" type="stmt"/>
      </file>
      <file name="date.ts" path="/Users/enguerran/Sites/betagouv/immersion-facile/shared/src/utils/date.ts">
        <metrics statements="17" coveredstatements="16" conditionals="16" coveredconditionals="15" methods="5" coveredmethods="4"/>
        <line num="10" count="11" type="stmt"/>
        <line num="12" count="11" type="stmt"/>
        <line num="16" count="11" type="stmt"/>
        <line num="19" count="11" type="stmt"/>
        <line num="21" count="11" type="stmt"/>
        <line num="23" count="11" type="stmt"/>
        <line num="30" count="4" type="cond" truecount="2" falsecount="0"/>
        <line num="34" count="11" type="stmt"/>
        <line num="36" count="11" type="stmt"/>
        <line num="37" count="9947" type="cond" truecount="1" falsecount="1"/>
        <line num="38" count="0" type="stmt"/>
        <line num="41" count="11" type="stmt"/>
        <line num="48" count="5" type="stmt"/>
        <line num="49" count="5" type="stmt"/>
        <line num="50" count="5" type="cond" truecount="4" falsecount="0"/>
        <line num="51" count="5" type="cond" truecount="2" falsecount="0"/>
        <line num="52" count="3" type="stmt"/>
      </file>
      <file name="establishment.ts" path="/Users/enguerran/Sites/betagouv/immersion-facile/shared/src/utils/establishment.ts">
        <metrics statements="1" coveredstatements="1" conditionals="0" coveredconditionals="0" methods="0" coveredmethods="0"/>
        <line num="1" count="1" type="stmt"/>
      </file>
      <file name="json.ts" path="/Users/enguerran/Sites/betagouv/immersion-facile/shared/src/utils/json.ts">
        <metrics statements="5" coveredstatements="1" conditionals="0" coveredconditionals="0" methods="1" coveredmethods="0"/>
        <line num="1" count="1" type="stmt"/>
        <line num="2" count="0" type="stmt"/>
        <line num="3" count="0" type="stmt"/>
        <line num="5" count="0" type="stmt"/>
        <line num="6" count="0" type="stmt"/>
      </file>
      <file name="mergeObjectsExpectFalsyValues.ts" path="/Users/enguerran/Sites/betagouv/immersion-facile/shared/src/utils/mergeObjectsExpectFalsyValues.ts">
        <metrics statements="5" coveredstatements="1" conditionals="4" coveredconditionals="0" methods="2" coveredmethods="0"/>
        <line num="3" count="1" type="stmt"/>
        <line num="7" count="0" type="stmt"/>
        <line num="11" count="0" type="stmt"/>
        <line num="12" count="0" type="stmt"/>
        <line num="13" count="0" type="stmt"/>
      </file>
      <file name="postalCode.ts" path="/Users/enguerran/Sites/betagouv/immersion-facile/shared/src/utils/postalCode.ts">
        <metrics statements="2" coveredstatements="2" conditionals="0" coveredconditionals="0" methods="0" coveredmethods="0"/>
        <line num="4" count="3" type="stmt"/>
        <line num="5" count="3" type="stmt"/>
      </file>
      <file name="queryParams.ts" path="/Users/enguerran/Sites/betagouv/immersion-facile/shared/src/utils/queryParams.ts">
        <metrics statements="3" coveredstatements="3" conditionals="2" coveredconditionals="1" methods="2" coveredmethods="2"/>
        <line num="10" count="2" type="stmt"/>
        <line num="13" count="3" type="stmt"/>
        <line num="17" count="3" type="stmt"/>
      </file>
      <file name="searchResult.ts" path="/Users/enguerran/Sites/betagouv/immersion-facile/shared/src/utils/searchResult.ts">
        <metrics statements="4" coveredstatements="2" conditionals="0" coveredconditionals="0" methods="2" coveredmethods="0"/>
        <line num="4" count="1" type="stmt"/>
        <line num="5" count="0" type="stmt"/>
        <line num="6" count="1" type="stmt"/>
        <line num="7" count="0" type="stmt"/>
      </file>
      <file name="string.ts" path="/Users/enguerran/Sites/betagouv/immersion-facile/shared/src/utils/string.ts">
        <metrics statements="34" coveredstatements="25" conditionals="16" coveredconditionals="4" methods="11" coveredmethods="7"/>
        <line num="3" count="5" type="stmt"/>
        <line num="4" count="0" type="stmt"/>
        <line num="6" count="5" type="stmt"/>
        <line num="11" count="5" type="stmt"/>
        <line num="18" count="5" type="stmt"/>
        <line num="19" count="5" type="cond" truecount="2" falsecount="0"/>
        <line num="20" count="3" type="stmt"/>
        <line num="22" count="5" type="cond" truecount="2" falsecount="0"/>
        <line num="23" count="4" type="stmt"/>
        <line num="25" count="5" type="stmt"/>
        <line num="28" count="5" type="stmt"/>
        <line num="29" count="488" type="stmt"/>
        <line num="31" count="5" type="stmt"/>
        <line num="32" count="483" type="stmt"/>
        <line num="34" count="5" type="stmt"/>
        <line num="35" count="5" type="stmt"/>
        <line num="40" count="5" type="stmt"/>
        <line num="41" count="7" type="stmt"/>
        <line num="42" count="7" type="stmt"/>
        <line num="43" count="7" type="stmt"/>
        <line num="46" count="129" type="stmt"/>
        <line num="48" count="5" type="stmt"/>
        <line num="49" count="0" type="cond" truecount="0" falsecount="2"/>
        <line num="51" count="5" type="stmt"/>
        <line num="53" count="7" type="stmt"/>
        <line num="54" count="7" type="stmt"/>
        <line num="57" count="5" type="stmt"/>
        <line num="58" count="0" type="stmt"/>
        <line num="59" count="0" type="cond" truecount="0" falsecount="2"/>
        <line num="60" count="0" type="cond" truecount="0" falsecount="2"/>
        <line num="61" count="0" type="cond" truecount="0" falsecount="4"/>
        <line num="62" count="0" type="stmt"/>
        <line num="64" count="0" type="stmt"/>
        <line num="66" count="0" type="stmt"/>
      </file>
      <file name="toDotNotation.ts" path="/Users/enguerran/Sites/betagouv/immersion-facile/shared/src/utils/toDotNotation.ts">
        <metrics statements="7" coveredstatements="7" conditionals="10" coveredconditionals="9" methods="2" coveredmethods="2"/>
        <line num="1" count="2" type="stmt"/>
        <line num="2" count="14" type="cond" truecount="1" falsecount="1"/>
        <line num="3" count="36" type="stmt"/>
        <line num="4" count="36" type="cond" truecount="2" falsecount="0"/>
        <line num="6" count="36" type="cond" truecount="4" falsecount="0"/>
        <line num="7" count="14" type="cond" truecount="2" falsecount="0"/>
        <line num="12" count="22" type="stmt"/>
      </file>
    </package>
  </project>
</coverage>
