{"/Users/enguerran/Sites/betagouv/immersion-facile/shared/src/AbsoluteUrl.ts": {"path":"/Users/enguerran/Sites/betagouv/immersion-facile/shared/src/AbsoluteUrl.ts","statementMap":{"0":{"start":{"line":7,"column":56},"end":{"line":13,"column":28}},"1":{"start":{"line":16,"column":2},"end":{"line":27,"column":3}},"2":{"start":{"line":18,"column":6},"end":{"line":22,"column":7}},"3":{"start":{"line":29,"column":29},"end":{"line":30,"column":70}},"4":{"start":{"line":30,"column":2},"end":{"line":30,"column":70}}},"fnMap":{"0":{"name":"(anonymous_0)","decl":{"start":{"line":17,"column":4},"end":{"line":17,"column":5}},"loc":{"start":{"line":18,"column":6},"end":{"line":22,"column":7}},"line":18},"1":{"name":"(anonymous_1)","decl":{"start":{"line":29,"column":29},"end":{"line":29,"column":30}},"loc":{"start":{"line":30,"column":2},"end":{"line":30,"column":70}},"line":30}},"branchMap":{"0":{"loc":{"start":{"line":19,"column":8},"end":{"line":21,"column":31}},"type":"binary-expr","locations":[{"start":{"line":19,"column":8},"end":{"line":19,"column":37}},{"start":{"line":20,"column":8},"end":{"line":20,"column":37}},{"start":{"line":21,"column":8},"end":{"line":21,"column":31}}],"line":19},"1":{"loc":{"start":{"line":30,"column":2},"end":{"line":30,"column":70}},"type":"cond-expr","locations":[{"start":{"line":30,"column":31},"end":{"line":30,"column":47}},{"start":{"line":30,"column":51},"end":{"line":30,"column":69}}],"line":30}},"s":{"0":3,"1":3,"2":4,"3":3,"4":8},"f":{"0":4,"1":8},"b":{"0":[4,3,2],"1":[6,2]},"_coverageSchema":"1a1c01bbd47fc00a2c39e90264f33305004495a9","hash":"6610036a61035d21237eed7366113e1f5245af6b"}
,"/Users/enguerran/Sites/betagouv/immersion-facile/shared/src/Builder.ts": {"path":"/Users/enguerran/Sites/betagouv/immersion-facile/shared/src/Builder.ts","statementMap":{},"fnMap":{},"branchMap":{},"s":{},"f":{},"b":{},"_coverageSchema":"1a1c01bbd47fc00a2c39e90264f33305004495a9","hash":"6053becfa39ea589d4849818f4c71eb7c335f612"}
,"/Users/enguerran/Sites/betagouv/immersion-facile/shared/src/ShareLinkByEmailDto.ts": {"path":"/Users/enguerran/Sites/betagouv/immersion-facile/shared/src/ShareLinkByEmailDto.ts","statementMap":{"0":{"start":{"line":14,"column":69},"end":{"line":19,"column":2}}},"fnMap":{},"branchMap":{},"s":{"0":1},"f":{},"b":{},"_coverageSchema":"1a1c01bbd47fc00a2c39e90264f33305004495a9","hash":"8910af8622fa0f47661066782619a15549a13585"}
,"/Users/enguerran/Sites/betagouv/immersion-facile/shared/src/acquisition.dto.ts": {"path":"/Users/enguerran/Sites/betagouv/immersion-facile/shared/src/acquisition.dto.ts","statementMap":{"0":{"start":{"line":8,"column":64},"end":{"line":11,"column":2}}},"fnMap":{},"branchMap":{},"s":{"0":2},"f":{},"b":{},"_coverageSchema":"1a1c01bbd47fc00a2c39e90264f33305004495a9","hash":"350286cf9ad321446f3930839d337a188f9c2460"}
,"/Users/enguerran/Sites/betagouv/immersion-facile/shared/src/domElementIds.ts": {"path":"/Users/enguerran/Sites/betagouv/immersion-facile/shared/src/domElementIds.ts","statementMap":{"0":{"start":{"line":38,"column":29},"end":{"line":38,"column":73}},"1":{"start":{"line":38,"column":48},"end":{"line":38,"column":73}},"2":{"start":{"line":39,"column":26},"end":{"line":39,"column":71}},"3":{"start":{"line":39,"column":45},"end":{"line":39,"column":71}},"4":{"start":{"line":40,"column":30},"end":{"line":40,"column":75}},"5":{"start":{"line":40,"column":49},"end":{"line":40,"column":75}},"6":{"start":{"line":41,"column":29},"end":{"line":41,"column":73}},"7":{"start":{"line":41,"column":48},"end":{"line":41,"column":73}},"8":{"start":{"line":43,"column":29},"end":{"line":810,"column":25}},"9":{"start":{"line":216,"column":6},"end":{"line":216,"column":67}},"10":{"start":{"line":406,"column":8},"end":{"line":406,"column":76}},"11":{"start":{"line":408,"column":8},"end":{"line":408,"column":72}},"12":{"start":{"line":451,"column":8},"end":{"line":451,"column":74}},"13":{"start":{"line":453,"column":8},"end":{"line":453,"column":70}},"14":{"start":{"line":468,"column":8},"end":{"line":468,"column":82}},"15":{"start":{"line":470,"column":8},"end":{"line":470,"column":78}},"16":{"start":{"line":535,"column":6},"end":{"line":535,"column":64}},"17":{"start":{"line":537,"column":6},"end":{"line":537,"column":60}},"18":{"start":{"line":567,"column":8},"end":{"line":567,"column":74}},"19":{"start":{"line":585,"column":8},"end":{"line":585,"column":70}}},"fnMap":{"0":{"name":"(anonymous_0)","decl":{"start":{"line":38,"column":29},"end":{"line":38,"column":30}},"loc":{"start":{"line":38,"column":48},"end":{"line":38,"column":73}},"line":38},"1":{"name":"(anonymous_1)","decl":{"start":{"line":39,"column":26},"end":{"line":39,"column":27}},"loc":{"start":{"line":39,"column":45},"end":{"line":39,"column":71}},"line":39},"2":{"name":"(anonymous_2)","decl":{"start":{"line":40,"column":30},"end":{"line":40,"column":31}},"loc":{"start":{"line":40,"column":49},"end":{"line":40,"column":75}},"line":40},"3":{"name":"(anonymous_3)","decl":{"start":{"line":41,"column":29},"end":{"line":41,"column":30}},"loc":{"start":{"line":41,"column":48},"end":{"line":41,"column":73}},"line":41},"4":{"name":"(anonymous_4)","decl":{"start":{"line":215,"column":10},"end":{"line":215,"column":11}},"loc":{"start":{"line":216,"column":6},"end":{"line":216,"column":67}},"line":216},"5":{"name":"(anonymous_5)","decl":{"start":{"line":405,"column":37},"end":{"line":405,"column":38}},"loc":{"start":{"line":406,"column":8},"end":{"line":406,"column":76}},"line":406},"6":{"name":"(anonymous_6)","decl":{"start":{"line":407,"column":33},"end":{"line":407,"column":34}},"loc":{"start":{"line":408,"column":8},"end":{"line":408,"column":72}},"line":408},"7":{"name":"(anonymous_7)","decl":{"start":{"line":450,"column":37},"end":{"line":450,"column":38}},"loc":{"start":{"line":451,"column":8},"end":{"line":451,"column":74}},"line":451},"8":{"name":"(anonymous_8)","decl":{"start":{"line":452,"column":33},"end":{"line":452,"column":34}},"loc":{"start":{"line":453,"column":8},"end":{"line":453,"column":70}},"line":453},"9":{"name":"(anonymous_9)","decl":{"start":{"line":467,"column":37},"end":{"line":467,"column":38}},"loc":{"start":{"line":468,"column":8},"end":{"line":468,"column":82}},"line":468},"10":{"name":"(anonymous_10)","decl":{"start":{"line":469,"column":33},"end":{"line":469,"column":34}},"loc":{"start":{"line":470,"column":8},"end":{"line":470,"column":78}},"line":470},"11":{"name":"(anonymous_11)","decl":{"start":{"line":534,"column":27},"end":{"line":534,"column":28}},"loc":{"start":{"line":535,"column":6},"end":{"line":535,"column":64}},"line":535},"12":{"name":"(anonymous_12)","decl":{"start":{"line":536,"column":31},"end":{"line":536,"column":32}},"loc":{"start":{"line":537,"column":6},"end":{"line":537,"column":60}},"line":537},"13":{"name":"(anonymous_13)","decl":{"start":{"line":566,"column":29},"end":{"line":566,"column":30}},"loc":{"start":{"line":567,"column":8},"end":{"line":567,"column":74}},"line":567},"14":{"name":"(anonymous_14)","decl":{"start":{"line":584,"column":29},"end":{"line":584,"column":30}},"loc":{"start":{"line":585,"column":8},"end":{"line":585,"column":70}},"line":585}},"branchMap":{},"s":{"0":1,"1":21,"2":1,"3":12,"4":1,"5":13,"6":1,"7":23,"8":1,"9":0,"10":0,"11":0,"12":0,"13":0,"14":0,"15":0,"16":0,"17":0,"18":0,"19":0},"f":{"0":21,"1":12,"2":13,"3":23,"4":0,"5":0,"6":0,"7":0,"8":0,"9":0,"10":0,"11":0,"12":0,"13":0,"14":0},"b":{},"_coverageSchema":"1a1c01bbd47fc00a2c39e90264f33305004495a9","hash":"d02a78a1abdb1419bcd18df0b445e2c856e64065"}
,"/Users/enguerran/Sites/betagouv/immersion-facile/shared/src/envHelpers.ts": {"path":"/Users/enguerran/Sites/betagouv/immersion-facile/shared/src/envHelpers.ts","statementMap":{"0":{"start":{"line":11,"column":2},"end":{"line":27,"column":3}},"1":{"start":{"line":12,"column":2},"end":{"line":27,"column":3}},"2":{"start":{"line":17,"column":21},"end":{"line":17,"column":53}},"3":{"start":{"line":19,"column":18},"end":{"line":19,"column":49}},"4":{"start":{"line":20,"column":4},"end":{"line":25,"column":8}},"5":{"start":{"line":21,"column":6},"end":{"line":25,"column":8}},"6":{"start":{"line":26,"column":4},"end":{"line":26,"column":17}},"7":{"start":{"line":30,"column":2},"end":{"line":35,"column":3}},"8":{"start":{"line":30,"column":30},"end":{"line":35,"column":3}},"9":{"start":{"line":31,"column":18},"end":{"line":31,"column":58}},"10":{"start":{"line":32,"column":4},"end":{"line":33,"column":64}},"11":{"start":{"line":33,"column":6},"end":{"line":33,"column":64}},"12":{"start":{"line":34,"column":4},"end":{"line":34,"column":17}},"13":{"start":{"line":38,"column":2},"end":{"line":53,"column":3}},"14":{"start":{"line":39,"column":2},"end":{"line":53,"column":3}},"15":{"start":{"line":43,"column":18},"end":{"line":43,"column":58}},"16":{"start":{"line":44,"column":4},"end":{"line":44,"column":74}},"17":{"start":{"line":44,"column":16},"end":{"line":44,"column":74}},"18":{"start":{"line":46,"column":24},"end":{"line":46,"column":58}},"19":{"start":{"line":47,"column":4},"end":{"line":50,"column":8}},"20":{"start":{"line":48,"column":6},"end":{"line":50,"column":8}},"21":{"start":{"line":52,"column":4},"end":{"line":52,"column":28}},"22":{"start":{"line":58,"column":2},"end":{"line":69,"column":3}},"23":{"start":{"line":59,"column":2},"end":{"line":69,"column":3}},"24":{"start":{"line":60,"column":18},"end":{"line":60,"column":42}},"25":{"start":{"line":61,"column":4},"end":{"line":61,"column":74}},"26":{"start":{"line":61,"column":16},"end":{"line":61,"column":74}},"27":{"start":{"line":62,"column":4},"end":{"line":64,"column":5}},"28":{"start":{"line":63,"column":6},"end":{"line":63,"column":43}},"29":{"start":{"line":66,"column":4},"end":{"line":68,"column":6}},"30":{"start":{"line":78,"column":2},"end":{"line":82,"column":3}},"31":{"start":{"line":79,"column":2},"end":{"line":82,"column":3}},"32":{"start":{"line":80,"column":26},"end":{"line":80,"column":50}},"33":{"start":{"line":81,"column":4},"end":{"line":81,"column":51}}},"fnMap":{"0":{"name":"(anonymous_0)","decl":{"start":{"line":11,"column":2},"end":{"line":11,"column":3}},"loc":{"start":{"line":12,"column":2},"end":{"line":27,"column":3}},"line":12},"1":{"name":"(anonymous_1)","decl":{"start":{"line":12,"column":2},"end":{"line":12,"column":3}},"loc":{"start":{"line":16,"column":39},"end":{"line":27,"column":3}},"line":16},"2":{"name":"(anonymous_2)","decl":{"start":{"line":30,"column":2},"end":{"line":30,"column":3}},"loc":{"start":{"line":30,"column":30},"end":{"line":35,"column":3}},"line":30},"3":{"name":"(anonymous_3)","decl":{"start":{"line":30,"column":30},"end":{"line":30,"column":31}},"loc":{"start":{"line":30,"column":79},"end":{"line":35,"column":3}},"line":30},"4":{"name":"(anonymous_4)","decl":{"start":{"line":38,"column":2},"end":{"line":38,"column":3}},"loc":{"start":{"line":39,"column":2},"end":{"line":53,"column":3}},"line":39},"5":{"name":"(anonymous_5)","decl":{"start":{"line":39,"column":2},"end":{"line":39,"column":3}},"loc":{"start":{"line":42,"column":20},"end":{"line":53,"column":3}},"line":42},"6":{"name":"(anonymous_6)","decl":{"start":{"line":58,"column":2},"end":{"line":58,"column":3}},"loc":{"start":{"line":59,"column":2},"end":{"line":69,"column":3}},"line":59},"7":{"name":"(anonymous_7)","decl":{"start":{"line":59,"column":2},"end":{"line":59,"column":3}},"loc":{"start":{"line":59,"column":50},"end":{"line":69,"column":3}},"line":59},"8":{"name":"(anonymous_8)","decl":{"start":{"line":78,"column":2},"end":{"line":78,"column":3}},"loc":{"start":{"line":79,"column":2},"end":{"line":82,"column":3}},"line":79},"9":{"name":"(anonymous_9)","decl":{"start":{"line":79,"column":2},"end":{"line":79,"column":3}},"loc":{"start":{"line":79,"column":37},"end":{"line":82,"column":3}},"line":79}},"branchMap":{"0":{"loc":{"start":{"line":19,"column":19},"end":{"line":19,"column":43}},"type":"binary-expr","locations":[{"start":{"line":19,"column":19},"end":{"line":19,"column":27}},{"start":{"line":19,"column":31},"end":{"line":19,"column":43}}],"line":19},"1":{"loc":{"start":{"line":20,"column":4},"end":{"line":25,"column":8}},"type":"if","locations":[{"start":{"line":20,"column":4},"end":{"line":25,"column":8}},{"start":{},"end":{}}],"line":20},"2":{"loc":{"start":{"line":31,"column":18},"end":{"line":31,"column":58}},"type":"binary-expr","locations":[{"start":{"line":31,"column":18},"end":{"line":31,"column":42}},{"start":{"line":31,"column":46},"end":{"line":31,"column":58}}],"line":31},"3":{"loc":{"start":{"line":32,"column":4},"end":{"line":33,"column":64}},"type":"if","locations":[{"start":{"line":32,"column":4},"end":{"line":33,"column":64}},{"start":{},"end":{}}],"line":32},"4":{"loc":{"start":{"line":43,"column":18},"end":{"line":43,"column":58}},"type":"binary-expr","locations":[{"start":{"line":43,"column":18},"end":{"line":43,"column":42}},{"start":{"line":43,"column":46},"end":{"line":43,"column":58}}],"line":43},"5":{"loc":{"start":{"line":44,"column":4},"end":{"line":44,"column":74}},"type":"if","locations":[{"start":{"line":44,"column":4},"end":{"line":44,"column":74}},{"start":{},"end":{}}],"line":44},"6":{"loc":{"start":{"line":47,"column":4},"end":{"line":50,"column":8}},"type":"if","locations":[{"start":{"line":47,"column":4},"end":{"line":50,"column":8}},{"start":{},"end":{}}],"line":47},"7":{"loc":{"start":{"line":61,"column":4},"end":{"line":61,"column":74}},"type":"if","locations":[{"start":{"line":61,"column":4},"end":{"line":61,"column":74}},{"start":{},"end":{}}],"line":61},"8":{"loc":{"start":{"line":62,"column":4},"end":{"line":64,"column":5}},"type":"if","locations":[{"start":{"line":62,"column":4},"end":{"line":64,"column":5}},{"start":{},"end":{}}],"line":62}},"s":{"0":1,"1":0,"2":0,"3":0,"4":0,"5":0,"6":0,"7":1,"8":0,"9":0,"10":0,"11":0,"12":0,"13":1,"14":0,"15":0,"16":0,"17":0,"18":0,"19":0,"20":0,"21":0,"22":1,"23":0,"24":0,"25":0,"26":0,"27":0,"28":0,"29":0,"30":1,"31":0,"32":0,"33":0},"f":{"0":0,"1":0,"2":0,"3":0,"4":0,"5":0,"6":0,"7":0,"8":0,"9":0},"b":{"0":[0,0],"1":[0,0],"2":[0,0],"3":[0,0],"4":[0,0],"5":[0,0],"6":[0,0],"7":[0,0],"8":[0,0]},"_coverageSchema":"1a1c01bbd47fc00a2c39e90264f33305004495a9","hash":"a93f6b3f3dd6cf0af5e6853d7dfd062ad4c63f71"}
,"/Users/enguerran/Sites/betagouv/immersion-facile/shared/src/environment.ts": {"path":"/Users/enguerran/Sites/betagouv/immersion-facile/shared/src/environment.ts","statementMap":{"0":{"start":{"line":1,"column":28},"end":{"line":7,"column":10}}},"fnMap":{},"branchMap":{},"s":{"0":1},"f":{},"b":{},"_coverageSchema":"1a1c01bbd47fc00a2c39e90264f33305004495a9","hash":"4ed123a46b0940667f8a062e165386c35114be3c"}
,"/Users/enguerran/Sites/betagouv/immersion-facile/shared/src/headers.ts": {"path":"/Users/enguerran/Sites/betagouv/immersion-facile/shared/src/headers.ts","statementMap":{"0":{"start":{"line":7,"column":2},"end":{"line":11,"column":3}},"1":{"start":{"line":13,"column":48},"end":{"line":19,"column":1}},"2":{"start":{"line":15,"column":4},"end":{"line":15,"column":56}},"3":{"start":{"line":21,"column":40},"end":{"line":23,"column":1}}},"fnMap":{"0":{"name":"(anonymous_0)","decl":{"start":{"line":14,"column":19},"end":{"line":14,"column":20}},"loc":{"start":{"line":15,"column":4},"end":{"line":15,"column":56}},"line":15}},"branchMap":{},"s":{"0":1,"1":1,"2":0,"3":1},"f":{"0":0},"b":{},"_coverageSchema":"1a1c01bbd47fc00a2c39e90264f33305004495a9","hash":"28467c6754d3688bc943641ac74df115af54646c"}
,"/Users/enguerran/Sites/betagouv/immersion-facile/shared/src/index.ts": {"path":"/Users/enguerran/Sites/betagouv/immersion-facile/shared/src/index.ts","statementMap":{},"fnMap":{},"branchMap":{},"s":{},"f":{},"b":{},"_coverageSchema":"1a1c01bbd47fc00a2c39e90264f33305004495a9","hash":"5a0b395c75c005f150b9ea932a92fd61f488a444"}
,"/Users/enguerran/Sites/betagouv/immersion-facile/shared/src/npsForms.ts": {"path":"/Users/enguerran/Sites/betagouv/immersion-facile/shared/src/npsForms.ts","statementMap":{"0":{"start":{"line":1,"column":26},"end":{"line":4,"column":1}}},"fnMap":{},"branchMap":{},"s":{"0":1},"f":{},"b":{},"_coverageSchema":"1a1c01bbd47fc00a2c39e90264f33305004495a9","hash":"d805dd3a06ef400faf4e10c0b4b8f890dca50c7b"}
,"/Users/enguerran/Sites/betagouv/immersion-facile/shared/src/phone.schema.ts": {"path":"/Users/enguerran/Sites/betagouv/immersion-facile/shared/src/phone.schema.ts","statementMap":{"0":{"start":{"line":7,"column":44},"end":{"line":7,"column":74}},"1":{"start":{"line":9,"column":27},"end":{"line":22,"column":2}},"2":{"start":{"line":10,"column":22},"end":{"line":12,"column":3}},"3":{"start":{"line":11,"column":4},"end":{"line":11,"column":42}},"4":{"start":{"line":14,"column":2},"end":{"line":20,"column":3}},"5":{"start":{"line":15,"column":4},"end":{"line":18,"column":7}},"6":{"start":{"line":19,"column":4},"end":{"line":19,"column":19}},"7":{"start":{"line":21,"column":2},"end":{"line":21,"column":62}},"8":{"start":{"line":24,"column":34},"end":{"line":30,"column":1}},"9":{"start":{"line":29,"column":2},"end":{"line":29,"column":62}}},"fnMap":{"0":{"name":"(anonymous_0)","decl":{"start":{"line":9,"column":55},"end":{"line":9,"column":56}},"loc":{"start":{"line":9,"column":71},"end":{"line":22,"column":1}},"line":9},"1":{"name":"(anonymous_1)","decl":{"start":{"line":10,"column":48},"end":{"line":10,"column":49}},"loc":{"start":{"line":11,"column":4},"end":{"line":11,"column":42}},"line":11},"2":{"name":"(anonymous_2)","decl":{"start":{"line":24,"column":34},"end":{"line":24,"column":35}},"loc":{"start":{"line":24,"column":58},"end":{"line":30,"column":1}},"line":24}},"branchMap":{"0":{"loc":{"start":{"line":14,"column":2},"end":{"line":20,"column":3}},"type":"if","locations":[{"start":{"line":14,"column":2},"end":{"line":20,"column":3}},{"start":{},"end":{}}],"line":14}},"s":{"0":3,"1":3,"2":432,"3":456,"4":432,"5":6,"6":6,"7":426,"8":3,"9":0},"f":{"0":432,"1":456,"2":0},"b":{"0":[6,426]},"_coverageSchema":"1a1c01bbd47fc00a2c39e90264f33305004495a9","hash":"49dab5fc457061a6e526794cd5eb489b3d5dda59"}
,"/Users/enguerran/Sites/betagouv/immersion-facile/shared/src/pipeWithValue.ts": {"path":"/Users/enguerran/Sites/betagouv/immersion-facile/shared/src/pipeWithValue.ts","statementMap":{"0":{"start":{"line":82,"column":2},"end":{"line":105,"column":3}},"1":{"start":{"line":84,"column":6},"end":{"line":84,"column":15}},"2":{"start":{"line":86,"column":6},"end":{"line":86,"column":21}},"3":{"start":{"line":88,"column":6},"end":{"line":88,"column":27}},"4":{"start":{"line":90,"column":6},"end":{"line":90,"column":33}},"5":{"start":{"line":92,"column":6},"end":{"line":92,"column":39}},"6":{"start":{"line":94,"column":6},"end":{"line":94,"column":45}},"7":{"start":{"line":96,"column":6},"end":{"line":96,"column":51}},"8":{"start":{"line":98,"column":6},"end":{"line":98,"column":57}},"9":{"start":{"line":100,"column":6},"end":{"line":100,"column":63}},"10":{"start":{"line":102,"column":6},"end":{"line":104,"column":8}}},"fnMap":{"0":{"name":"pipeWithValue","decl":{"start":{"line":70,"column":16},"end":{"line":70,"column":29}},"loc":{"start":{"line":80,"column":11},"end":{"line":106,"column":1}},"line":80}},"branchMap":{"0":{"loc":{"start":{"line":82,"column":2},"end":{"line":105,"column":3}},"type":"switch","locations":[{"start":{"line":83,"column":4},"end":{"line":84,"column":15}},{"start":{"line":85,"column":4},"end":{"line":86,"column":21}},{"start":{"line":87,"column":4},"end":{"line":88,"column":27}},{"start":{"line":89,"column":4},"end":{"line":90,"column":33}},{"start":{"line":91,"column":4},"end":{"line":92,"column":39}},{"start":{"line":93,"column":4},"end":{"line":94,"column":45}},{"start":{"line":95,"column":4},"end":{"line":96,"column":51}},{"start":{"line":97,"column":4},"end":{"line":98,"column":57}},{"start":{"line":99,"column":4},"end":{"line":100,"column":63}},{"start":{"line":101,"column":4},"end":{"line":104,"column":8}}],"line":82}},"s":{"0":7,"1":0,"2":0,"3":0,"4":7,"5":0,"6":0,"7":0,"8":0,"9":0,"10":0},"f":{"0":7},"b":{"0":[0,0,0,7,0,0,0,0,0,0]},"_coverageSchema":"1a1c01bbd47fc00a2c39e90264f33305004495a9","hash":"27551023d99fdf0d84c8ba90f367fcba337ace14"}
,"/Users/enguerran/Sites/betagouv/immersion-facile/shared/src/rome.ts": {"path":"/Users/enguerran/Sites/betagouv/immersion-facile/shared/src/rome.ts","statementMap":{"0":{"start":{"line":4,"column":22},"end":{"line":4,"column":36}},"1":{"start":{"line":6,"column":30},"end":{"line":8,"column":46}}},"fnMap":{},"branchMap":{},"s":{"0":1,"1":1},"f":{},"b":{},"_coverageSchema":"1a1c01bbd47fc00a2c39e90264f33305004495a9","hash":"c7a10c181d835fca7a40ec2721083edc27840b27"}
,"/Users/enguerran/Sites/betagouv/immersion-facile/shared/src/tallyForm.ts": {"path":"/Users/enguerran/Sites/betagouv/immersion-facile/shared/src/tallyForm.ts","statementMap":{"0":{"start":{"line":5,"column":31},"end":{"line":35,"column":16}},"1":{"start":{"line":37,"column":35},"end":{"line":46,"column":1}},"2":{"start":{"line":41,"column":16},"end":{"line":41,"column":76}},"3":{"start":{"line":41,"column":54},"end":{"line":41,"column":75}},"4":{"start":{"line":42,"column":2},"end":{"line":44,"column":3}},"5":{"start":{"line":43,"column":4},"end":{"line":43,"column":79}},"6":{"start":{"line":43,"column":43},"end":{"line":43,"column":71}},"7":{"start":{"line":45,"column":2},"end":{"line":45,"column":22}}},"fnMap":{"0":{"name":"(anonymous_0)","decl":{"start":{"line":37,"column":35},"end":{"line":37,"column":36}},"loc":{"start":{"line":40,"column":25},"end":{"line":46,"column":1}},"line":40},"1":{"name":"(anonymous_1)","decl":{"start":{"line":41,"column":43},"end":{"line":41,"column":44}},"loc":{"start":{"line":41,"column":54},"end":{"line":41,"column":75}},"line":41},"2":{"name":"(anonymous_2)","decl":{"start":{"line":43,"column":31},"end":{"line":43,"column":32}},"loc":{"start":{"line":43,"column":43},"end":{"line":43,"column":71}},"line":43}},"branchMap":{"0":{"loc":{"start":{"line":42,"column":2},"end":{"line":44,"column":3}},"type":"if","locations":[{"start":{"line":42,"column":2},"end":{"line":44,"column":3}},{"start":{},"end":{}}],"line":42},"1":{"loc":{"start":{"line":42,"column":6},"end":{"line":42,"column":47}},"type":"binary-expr","locations":[{"start":{"line":42,"column":6},"end":{"line":42,"column":11}},{"start":{"line":42,"column":15},"end":{"line":42,"column":47}}],"line":42}},"s":{"0":1,"1":1,"2":0,"3":0,"4":0,"5":0,"6":0,"7":0},"f":{"0":0,"1":0,"2":0},"b":{"0":[0,0],"1":[0,0]},"_coverageSchema":"1a1c01bbd47fc00a2c39e90264f33305004495a9","hash":"41f6642c808122dec12c0cb0fb1ad81235caed5a"}
,"/Users/enguerran/Sites/betagouv/immersion-facile/shared/src/test.helpers.ts": {"path":"/Users/enguerran/Sites/betagouv/immersion-facile/shared/src/test.helpers.ts","statementMap":{"0":{"start":{"line":6,"column":35},"end":{"line":8,"column":1}},"1":{"start":{"line":7,"column":2},"end":{"line":7,"column":42}},"2":{"start":{"line":10,"column":44},"end":{"line":19,"column":1}},"3":{"start":{"line":14,"column":2},"end":{"line":14,"column":60}},"4":{"start":{"line":15,"column":2},"end":{"line":15,"column":74}},"5":{"start":{"line":16,"column":2},"end":{"line":18,"column":3}},"6":{"start":{"line":17,"column":4},"end":{"line":17,"column":73}},"7":{"start":{"line":21,"column":47},"end":{"line":34,"column":1}},"8":{"start":{"line":25,"column":2},"end":{"line":33,"column":3}},"9":{"start":{"line":26,"column":4},"end":{"line":26,"column":18}},"10":{"start":{"line":27,"column":4},"end":{"line":27,"column":68}},"11":{"start":{"line":29,"column":4},"end":{"line":29,"column":52}},"12":{"start":{"line":30,"column":4},"end":{"line":30,"column":78}},"13":{"start":{"line":30,"column":41},"end":{"line":30,"column":78}},"14":{"start":{"line":31,"column":4},"end":{"line":31,"column":50}},"15":{"start":{"line":32,"column":4},"end":{"line":32,"column":51}},"16":{"start":{"line":36,"column":35},"end":{"line":38,"column":1}},"17":{"start":{"line":37,"column":2},"end":{"line":37,"column":41}},"18":{"start":{"line":40,"column":35},"end":{"line":42,"column":1}},"19":{"start":{"line":41,"column":2},"end":{"line":41,"column":35}},"20":{"start":{"line":44,"column":44},"end":{"line":51,"column":1}},"21":{"start":{"line":45,"column":2},"end":{"line":45,"column":37}},"22":{"start":{"line":46,"column":2},"end":{"line":46,"column":57}},"23":{"start":{"line":47,"column":16},"end":{"line":47,"column":46}},"24":{"start":{"line":48,"column":15},"end":{"line":48,"column":38}},"25":{"start":{"line":49,"column":2},"end":{"line":49,"column":28}},"26":{"start":{"line":50,"column":2},"end":{"line":50,"column":14}},"27":{"start":{"line":53,"column":48},"end":{"line":59,"column":1}},"28":{"start":{"line":57,"column":2},"end":{"line":57,"column":47}},"29":{"start":{"line":58,"column":2},"end":{"line":58,"column":59}},"30":{"start":{"line":61,"column":50},"end":{"line":68,"column":68}},"31":{"start":{"line":68,"column":2},"end":{"line":68,"column":68}},"32":{"start":{"line":68,"column":29},"end":{"line":68,"column":60}},"33":{"start":{"line":70,"column":33},"end":{"line":79,"column":1}},"34":{"start":{"line":77,"column":2},"end":{"line":77,"column":45}},"35":{"start":{"line":78,"column":2},"end":{"line":78,"column":42}},"36":{"start":{"line":81,"column":29},"end":{"line":83,"column":1}},"37":{"start":{"line":82,"column":2},"end":{"line":82,"column":35}},"38":{"start":{"line":85,"column":41},"end":{"line":94,"column":1}},"39":{"start":{"line":91,"column":56},"end":{"line":91,"column":64}},"40":{"start":{"line":92,"column":2},"end":{"line":92,"column":37}},"41":{"start":{"line":93,"column":2},"end":{"line":93,"column":55}},"42":{"start":{"line":96,"column":36},"end":{"line":98,"column":1}},"43":{"start":{"line":97,"column":2},"end":{"line":97,"column":41}},"44":{"start":{"line":100,"column":42},"end":{"line":105,"column":1}},"45":{"start":{"line":104,"column":2},"end":{"line":104,"column":41}},"46":{"start":{"line":107,"column":32},"end":{"line":108,"column":48}},"47":{"start":{"line":108,"column":2},"end":{"line":108,"column":48}}},"fnMap":{"0":{"name":"(anonymous_0)","decl":{"start":{"line":6,"column":35},"end":{"line":6,"column":36}},"loc":{"start":{"line":6,"column":72},"end":{"line":8,"column":1}},"line":6},"1":{"name":"(anonymous_1)","decl":{"start":{"line":10,"column":44},"end":{"line":10,"column":45}},"loc":{"start":{"line":13,"column":5},"end":{"line":19,"column":1}},"line":13},"2":{"name":"(anonymous_2)","decl":{"start":{"line":21,"column":47},"end":{"line":21,"column":48}},"loc":{"start":{"line":24,"column":5},"end":{"line":34,"column":1}},"line":24},"3":{"name":"(anonymous_3)","decl":{"start":{"line":36,"column":35},"end":{"line":36,"column":36}},"loc":{"start":{"line":36,"column":79},"end":{"line":38,"column":1}},"line":36},"4":{"name":"(anonymous_4)","decl":{"start":{"line":40,"column":35},"end":{"line":40,"column":36}},"loc":{"start":{"line":40,"column":70},"end":{"line":42,"column":1}},"line":40},"5":{"name":"(anonymous_5)","decl":{"start":{"line":44,"column":44},"end":{"line":44,"column":45}},"loc":{"start":{"line":44,"column":72},"end":{"line":51,"column":1}},"line":44},"6":{"name":"(anonymous_6)","decl":{"start":{"line":53,"column":48},"end":{"line":53,"column":49}},"loc":{"start":{"line":56,"column":5},"end":{"line":59,"column":1}},"line":56},"7":{"name":"(anonymous_7)","decl":{"start":{"line":61,"column":50},"end":{"line":61,"column":51}},"loc":{"start":{"line":68,"column":2},"end":{"line":68,"column":68}},"line":68},"8":{"name":"(anonymous_8)","decl":{"start":{"line":68,"column":12},"end":{"line":68,"column":13}},"loc":{"start":{"line":68,"column":29},"end":{"line":68,"column":60}},"line":68},"9":{"name":"(anonymous_9)","decl":{"start":{"line":70,"column":33},"end":{"line":70,"column":34}},"loc":{"start":{"line":76,"column":30},"end":{"line":79,"column":1}},"line":76},"10":{"name":"(anonymous_10)","decl":{"start":{"line":81,"column":29},"end":{"line":81,"column":30}},"loc":{"start":{"line":81,"column":60},"end":{"line":83,"column":1}},"line":81},"11":{"name":"(anonymous_11)","decl":{"start":{"line":85,"column":41},"end":{"line":85,"column":42}},"loc":{"start":{"line":90,"column":5},"end":{"line":94,"column":1}},"line":90},"12":{"name":"(anonymous_12)","decl":{"start":{"line":96,"column":36},"end":{"line":96,"column":37}},"loc":{"start":{"line":96,"column":76},"end":{"line":98,"column":1}},"line":96},"13":{"name":"(anonymous_13)","decl":{"start":{"line":100,"column":42},"end":{"line":100,"column":43}},"loc":{"start":{"line":103,"column":5},"end":{"line":105,"column":1}},"line":103},"14":{"name":"(anonymous_14)","decl":{"start":{"line":107,"column":32},"end":{"line":107,"column":33}},"loc":{"start":{"line":108,"column":2},"end":{"line":108,"column":48}},"line":108}},"branchMap":{"0":{"loc":{"start":{"line":16,"column":2},"end":{"line":18,"column":3}},"type":"if","locations":[{"start":{"line":16,"column":2},"end":{"line":18,"column":3}},{"start":{},"end":{}}],"line":16},"1":{"loc":{"start":{"line":30,"column":4},"end":{"line":30,"column":78}},"type":"if","locations":[{"start":{"line":30,"column":4},"end":{"line":30,"column":78}},{"start":{},"end":{}}],"line":30},"2":{"loc":{"start":{"line":93,"column":32},"end":{"line":93,"column":53}},"type":"binary-expr","locations":[{"start":{"line":93,"column":32},"end":{"line":93,"column":47}},{"start":{"line":93,"column":51},"end":{"line":93,"column":53}}],"line":93}},"s":{"0":5,"1":0,"2":5,"3":0,"4":0,"5":0,"6":0,"7":5,"8":0,"9":0,"10":0,"11":0,"12":0,"13":0,"14":0,"15":0,"16":5,"17":0,"18":5,"19":0,"20":5,"21":0,"22":0,"23":0,"24":0,"25":0,"26":0,"27":5,"28":0,"29":0,"30":5,"31":1,"32":18,"33":5,"34":0,"35":0,"36":5,"37":64,"38":5,"39":0,"40":0,"41":0,"42":5,"43":0,"44":5,"45":0,"46":5,"47":0},"f":{"0":0,"1":0,"2":0,"3":0,"4":0,"5":0,"6":0,"7":1,"8":18,"9":0,"10":64,"11":0,"12":0,"13":0,"14":0},"b":{"0":[0,0],"1":[0,0],"2":[0,0]},"_coverageSchema":"1a1c01bbd47fc00a2c39e90264f33305004495a9","hash":"0bbe9282d37185eefef32547d7499bc8a09fa501"}
,"/Users/enguerran/Sites/betagouv/immersion-facile/shared/src/typeFlavors.ts": {"path":"/Users/enguerran/Sites/betagouv/immersion-facile/shared/src/typeFlavors.ts","statementMap":{},"fnMap":{},"branchMap":{},"s":{},"f":{},"b":{},"_coverageSchema":"1a1c01bbd47fc00a2c39e90264f33305004495a9","hash":"b1eecdbaea8efebf0b8d00be50df81efd8f55049"}
,"/Users/enguerran/Sites/betagouv/immersion-facile/shared/src/typeGuard.ts": {"path":"/Users/enguerran/Sites/betagouv/immersion-facile/shared/src/typeGuard.ts","statementMap":{"0":{"start":{"line":2,"column":2},"end":{"line":4,"column":29}},"1":{"start":{"line":3,"column":2},"end":{"line":4,"column":29}},"2":{"start":{"line":4,"column":4},"end":{"line":4,"column":29}},"3":{"start":{"line":6,"column":24},"end":{"line":6,"column":67}},"4":{"start":{"line":6,"column":64},"end":{"line":6,"column":67}}},"fnMap":{"0":{"name":"(anonymous_0)","decl":{"start":{"line":2,"column":2},"end":{"line":2,"column":3}},"loc":{"start":{"line":3,"column":2},"end":{"line":4,"column":29}},"line":3},"1":{"name":"(anonymous_1)","decl":{"start":{"line":3,"column":2},"end":{"line":3,"column":3}},"loc":{"start":{"line":4,"column":4},"end":{"line":4,"column":29}},"line":4},"2":{"name":"(anonymous_2)","decl":{"start":{"line":6,"column":24},"end":{"line":6,"column":25}},"loc":{"start":{"line":6,"column":64},"end":{"line":6,"column":67}},"line":6}},"branchMap":{},"s":{"0":2,"1":2,"2":0,"3":2,"4":8},"f":{"0":2,"1":0,"2":8},"b":{},"_coverageSchema":"1a1c01bbd47fc00a2c39e90264f33305004495a9","hash":"10193f8b3b41e458fe989b8bbda37198fc89d380"}
,"/Users/enguerran/Sites/betagouv/immersion-facile/shared/src/utils.ts": {"path":"/Users/enguerran/Sites/betagouv/immersion-facile/shared/src/utils.ts","statementMap":{"0":{"start":{"line":9,"column":21},"end":{"line":12,"column":4}},"1":{"start":{"line":10,"column":2},"end":{"line":12,"column":4}},"2":{"start":{"line":11,"column":4},"end":{"line":11,"column":28}},"3":{"start":{"line":14,"column":32},"end":{"line":23,"column":1}},"4":{"start":{"line":17,"column":2},"end":{"line":22,"column":4}},"5":{"start":{"line":19,"column":6},"end":{"line":19,"column":40}},"6":{"start":{"line":21,"column":18},"end":{"line":21,"column":39}},"7":{"start":{"line":26,"column":22},"end":{"line":26,"column":78}},"8":{"start":{"line":26,"column":47},"end":{"line":26,"column":78}},"9":{"start":{"line":28,"column":29},"end":{"line":31,"column":1}},"10":{"start":{"line":28,"column":76},"end":{"line":31,"column":1}},"11":{"start":{"line":33,"column":33},"end":{"line":40,"column":1}},"12":{"start":{"line":37,"column":2},"end":{"line":39,"column":3}},"13":{"start":{"line":38,"column":4},"end":{"line":38,"column":22}},"14":{"start":{"line":64,"column":20},"end":{"line":66,"column":33}},"15":{"start":{"line":66,"column":10},"end":{"line":66,"column":33}},"16":{"start":{"line":69,"column":30},"end":{"line":69,"column":68}},"17":{"start":{"line":69,"column":63},"end":{"line":69,"column":68}},"18":{"start":{"line":71,"column":32},"end":{"line":72,"column":65}},"19":{"start":{"line":72,"column":2},"end":{"line":72,"column":65}},"20":{"start":{"line":72,"column":39},"end":{"line":72,"column":63}},"21":{"start":{"line":74,"column":35},"end":{"line":82,"column":1}},"22":{"start":{"line":78,"column":5},"end":{"line":82,"column":1}},"23":{"start":{"line":87,"column":35},"end":{"line":94,"column":1}},"24":{"start":{"line":92,"column":25},"end":{"line":92,"column":54}},"25":{"start":{"line":93,"column":2},"end":{"line":93,"column":66}},"26":{"start":{"line":96,"column":31},"end":{"line":110,"column":1}},"27":{"start":{"line":100,"column":33},"end":{"line":103,"column":4}},"28":{"start":{"line":104,"column":23},"end":{"line":104,"column":103}},"29":{"start":{"line":106,"column":2},"end":{"line":106,"column":30}},"30":{"start":{"line":108,"column":2},"end":{"line":108,"column":60}},"31":{"start":{"line":108,"column":30},"end":{"line":108,"column":60}},"32":{"start":{"line":109,"column":2},"end":{"line":109,"column":23}},"33":{"start":{"line":112,"column":29},"end":{"line":126,"column":14}},"34":{"start":{"line":116,"column":2},"end":{"line":126,"column":14}},"35":{"start":{"line":119,"column":45},"end":{"line":119,"column":48}},"36":{"start":{"line":120,"column":8},"end":{"line":122,"column":47}},"37":{"start":{"line":148,"column":46},"end":{"line":151,"column":1}},"38":{"start":{"line":149,"column":14},"end":{"line":149,"column":24}},"39":{"start":{"line":150,"column":2},"end":{"line":150,"column":50}},"40":{"start":{"line":167,"column":38},"end":{"line":178,"column":1}},"41":{"start":{"line":170,"column":23},"end":{"line":170,"column":52}},"42":{"start":{"line":171,"column":2},"end":{"line":177,"column":4}},"43":{"start":{"line":173,"column":6},"end":{"line":175,"column":25}},"44":{"start":{"line":182,"column":31},"end":{"line":183,"column":42}},"45":{"start":{"line":183,"column":2},"end":{"line":183,"column":42}},"46":{"start":{"line":185,"column":26},"end":{"line":193,"column":1}},"47":{"start":{"line":186,"column":2},"end":{"line":186,"column":25}},"48":{"start":{"line":186,"column":12},"end":{"line":186,"column":25}},"49":{"start":{"line":187,"column":2},"end":{"line":192,"column":3}},"50":{"start":{"line":188,"column":21},"end":{"line":188,"column":33}},"51":{"start":{"line":189,"column":4},"end":{"line":189,"column":75}},"52":{"start":{"line":191,"column":4},"end":{"line":191,"column":17}},"53":{"start":{"line":195,"column":25},"end":{"line":196,"column":67}},"54":{"start":{"line":196,"column":2},"end":{"line":196,"column":67}},"55":{"start":{"line":200,"column":30},"end":{"line":200,"column":79}},"56":{"start":{"line":200,"column":45},"end":{"line":200,"column":79}},"57":{"start":{"line":200,"column":56},"end":{"line":200,"column":79}}},"fnMap":{"0":{"name":"(anonymous_0)","decl":{"start":{"line":9,"column":21},"end":{"line":9,"column":22}},"loc":{"start":{"line":10,"column":2},"end":{"line":12,"column":4}},"line":10},"1":{"name":"(anonymous_1)","decl":{"start":{"line":10,"column":14},"end":{"line":10,"column":15}},"loc":{"start":{"line":10,"column":49},"end":{"line":12,"column":3}},"line":10},"2":{"name":"(anonymous_2)","decl":{"start":{"line":14,"column":32},"end":{"line":14,"column":33}},"loc":{"start":{"line":14,"column":48},"end":{"line":23,"column":1}},"line":14},"3":{"name":"(anonymous_3)","decl":{"start":{"line":18,"column":25},"end":{"line":18,"column":26}},"loc":{"start":{"line":18,"column":60},"end":{"line":20,"column":5}},"line":18},"4":{"name":"(anonymous_4)","decl":{"start":{"line":21,"column":12},"end":{"line":21,"column":13}},"loc":{"start":{"line":21,"column":18},"end":{"line":21,"column":39}},"line":21},"5":{"name":"(anonymous_5)","decl":{"start":{"line":26,"column":22},"end":{"line":26,"column":23}},"loc":{"start":{"line":26,"column":47},"end":{"line":26,"column":78}},"line":26},"6":{"name":"(anonymous_6)","decl":{"start":{"line":28,"column":29},"end":{"line":28,"column":30}},"loc":{"start":{"line":28,"column":76},"end":{"line":31,"column":1}},"line":28},"7":{"name":"(anonymous_7)","decl":{"start":{"line":33,"column":33},"end":{"line":33,"column":34}},"loc":{"start":{"line":36,"column":5},"end":{"line":40,"column":1}},"line":36},"8":{"name":"(anonymous_8)","decl":{"start":{"line":64,"column":20},"end":{"line":64,"column":21}},"loc":{"start":{"line":66,"column":10},"end":{"line":66,"column":33}},"line":66},"9":{"name":"(anonymous_9)","decl":{"start":{"line":69,"column":30},"end":{"line":69,"column":31}},"loc":{"start":{"line":69,"column":63},"end":{"line":69,"column":68}},"line":69},"10":{"name":"(anonymous_10)","decl":{"start":{"line":71,"column":32},"end":{"line":71,"column":33}},"loc":{"start":{"line":72,"column":2},"end":{"line":72,"column":65}},"line":72},"11":{"name":"(anonymous_11)","decl":{"start":{"line":72,"column":25},"end":{"line":72,"column":26}},"loc":{"start":{"line":72,"column":39},"end":{"line":72,"column":63}},"line":72},"12":{"name":"(anonymous_12)","decl":{"start":{"line":74,"column":35},"end":{"line":74,"column":36}},"loc":{"start":{"line":78,"column":5},"end":{"line":82,"column":1}},"line":78},"13":{"name":"(anonymous_13)","decl":{"start":{"line":87,"column":35},"end":{"line":87,"column":36}},"loc":{"start":{"line":91,"column":10},"end":{"line":94,"column":1}},"line":91},"14":{"name":"(anonymous_14)","decl":{"start":{"line":96,"column":31},"end":{"line":96,"column":32}},"loc":{"start":{"line":99,"column":12},"end":{"line":110,"column":1}},"line":99},"15":{"name":"(anonymous_15)","decl":{"start":{"line":112,"column":29},"end":{"line":112,"column":30}},"loc":{"start":{"line":116,"column":2},"end":{"line":126,"column":14}},"line":116},"16":{"name":"(anonymous_16)","decl":{"start":{"line":118,"column":6},"end":{"line":118,"column":7}},"loc":{"start":{"line":118,"column":24},"end":{"line":123,"column":7}},"line":118},"17":{"name":"(anonymous_17)","decl":{"start":{"line":148,"column":46},"end":{"line":148,"column":47}},"loc":{"start":{"line":148,"column":71},"end":{"line":151,"column":1}},"line":148},"18":{"name":"(anonymous_18)","decl":{"start":{"line":167,"column":38},"end":{"line":167,"column":39}},"loc":{"start":{"line":169,"column":18},"end":{"line":178,"column":1}},"line":169},"19":{"name":"(anonymous_19)","decl":{"start":{"line":172,"column":4},"end":{"line":172,"column":5}},"loc":{"start":{"line":173,"column":6},"end":{"line":175,"column":25}},"line":173},"20":{"name":"(anonymous_20)","decl":{"start":{"line":182,"column":31},"end":{"line":182,"column":32}},"loc":{"start":{"line":183,"column":2},"end":{"line":183,"column":42}},"line":183},"21":{"name":"(anonymous_21)","decl":{"start":{"line":185,"column":26},"end":{"line":185,"column":27}},"loc":{"start":{"line":185,"column":55},"end":{"line":193,"column":1}},"line":185},"22":{"name":"(anonymous_22)","decl":{"start":{"line":195,"column":25},"end":{"line":195,"column":26}},"loc":{"start":{"line":196,"column":2},"end":{"line":196,"column":67}},"line":196},"23":{"name":"(anonymous_23)","decl":{"start":{"line":200,"column":30},"end":{"line":200,"column":31}},"loc":{"start":{"line":200,"column":45},"end":{"line":200,"column":79}},"line":200},"24":{"name":"(anonymous_24)","decl":{"start":{"line":200,"column":45},"end":{"line":200,"column":46}},"loc":{"start":{"line":200,"column":56},"end":{"line":200,"column":79}},"line":200}},"branchMap":{"0":{"loc":{"start":{"line":72,"column":39},"end":{"line":72,"column":63}},"type":"cond-expr","locations":[{"start":{"line":72,"column":49},"end":{"line":72,"column":58}},{"start":{"line":72,"column":61},"end":{"line":72,"column":63}}],"line":72},"1":{"loc":{"start":{"line":101,"column":8},"end":{"line":101,"column":74}},"type":"cond-expr","locations":[{"start":{"line":101,"column":31},"end":{"line":101,"column":69}},{"start":{"line":101,"column":72},"end":{"line":101,"column":74}}],"line":101},"2":{"loc":{"start":{"line":108,"column":2},"end":{"line":108,"column":60}},"type":"if","locations":[{"start":{"line":108,"column":2},"end":{"line":108,"column":60}},{"start":{},"end":{}}],"line":108},"3":{"loc":{"start":{"line":119,"column":15},"end":{"line":119,"column":32}},"type":"default-arg","locations":[{"start":{"line":119,"column":30},"end":{"line":119,"column":32}}],"line":119},"4":{"loc":{"start":{"line":120,"column":15},"end":{"line":122,"column":46}},"type":"cond-expr","locations":[{"start":{"line":121,"column":12},"end":{"line":121,"column":49}},{"start":{"line":122,"column":12},"end":{"line":122,"column":46}}],"line":120},"5":{"loc":{"start":{"line":173,"column":6},"end":{"line":175,"column":25}},"type":"cond-expr","locations":[{"start":{"line":174,"column":10},"end":{"line":174,"column":41}},{"start":{"line":175,"column":10},"end":{"line":175,"column":25}}],"line":173},"6":{"loc":{"start":{"line":183,"column":2},"end":{"line":183,"column":42}},"type":"cond-expr","locations":[{"start":{"line":183,"column":10},"end":{"line":183,"column":37}},{"start":{"line":183,"column":40},"end":{"line":183,"column":42}}],"line":183},"7":{"loc":{"start":{"line":186,"column":2},"end":{"line":186,"column":25}},"type":"if","locations":[{"start":{"line":186,"column":2},"end":{"line":186,"column":25}},{"start":{},"end":{}}],"line":186},"8":{"loc":{"start":{"line":189,"column":11},"end":{"line":189,"column":74}},"type":"binary-expr","locations":[{"start":{"line":189,"column":11},"end":{"line":189,"column":40}},{"start":{"line":189,"column":44},"end":{"line":189,"column":74}}],"line":189},"9":{"loc":{"start":{"line":196,"column":2},"end":{"line":196,"column":67}},"type":"cond-expr","locations":[{"start":{"line":196,"column":27},"end":{"line":196,"column":32}},{"start":{"line":196,"column":35},"end":{"line":196,"column":67}}],"line":196}},"s":{"0":3,"1":0,"2":0,"3":3,"4":0,"5":0,"6":0,"7":3,"8":0,"9":3,"10":0,"11":3,"12":0,"13":0,"14":3,"15":0,"16":3,"17":0,"18":3,"19":0,"20":0,"21":3,"22":0,"23":3,"24":0,"25":0,"26":3,"27":0,"28":0,"29":0,"30":0,"31":0,"32":0,"33":3,"34":0,"35":0,"36":0,"37":3,"38":0,"39":0,"40":3,"41":1,"42":1,"43":5,"44":3,"45":327,"46":3,"47":0,"48":0,"49":0,"50":0,"51":0,"52":0,"53":3,"54":0,"55":3,"56":0,"57":0},"f":{"0":0,"1":0,"2":0,"3":0,"4":0,"5":0,"6":0,"7":0,"8":0,"9":0,"10":0,"11":0,"12":0,"13":0,"14":0,"15":0,"16":0,"17":0,"18":1,"19":5,"20":327,"21":0,"22":0,"23":0,"24":0},"b":{"0":[0,0],"1":[0,0],"2":[0,0],"3":[0],"4":[0,0],"5":[4,1],"6":[325,2],"7":[0,0],"8":[0,0],"9":[0,0]},"_coverageSchema":"1a1c01bbd47fc00a2c39e90264f33305004495a9","hash":"94e5d161245a645d252c1b604fe74364e840e915"}
,"/Users/enguerran/Sites/betagouv/immersion-facile/shared/src/zodUtils.ts": {"path":"/Users/enguerran/Sites/betagouv/immersion-facile/shared/src/zodUtils.ts","statementMap":{"0":{"start":{"line":6,"column":0},"end":{"line":31,"column":3}},"1":{"start":{"line":7,"column":2},"end":{"line":10,"column":6}},"2":{"start":{"line":8,"column":4},"end":{"line":10,"column":6}},"3":{"start":{"line":12,"column":2},"end":{"line":15,"column":6}},"4":{"start":{"line":13,"column":4},"end":{"line":15,"column":6}},"5":{"start":{"line":17,"column":2},"end":{"line":22,"column":6}},"6":{"start":{"line":18,"column":4},"end":{"line":22,"column":6}},"7":{"start":{"line":25,"column":2},"end":{"line":28,"column":6}},"8":{"start":{"line":26,"column":4},"end":{"line":28,"column":6}},"9":{"start":{"line":30,"column":2},"end":{"line":30,"column":39}},"10":{"start":{"line":33,"column":28},"end":{"line":62,"column":1}},"11":{"start":{"line":56,"column":34},"end":{"line":56,"column":71}},"12":{"start":{"line":64,"column":28},"end":{"line":67,"column":1}},"13":{"start":{"line":69,"column":31},"end":{"line":72,"column":1}},"14":{"start":{"line":74,"column":33},"end":{"line":77,"column":32}},"15":{"start":{"line":79,"column":33},"end":{"line":79,"column":62}},"16":{"start":{"line":81,"column":43},"end":{"line":82,"column":61}},"17":{"start":{"line":82,"column":2},"end":{"line":82,"column":61}},"18":{"start":{"line":84,"column":37},"end":{"line":85,"column":61}},"19":{"start":{"line":85,"column":2},"end":{"line":85,"column":61}},"20":{"start":{"line":87,"column":38},"end":{"line":87,"column":64}},"21":{"start":{"line":89,"column":27},"end":{"line":91,"column":56}},"22":{"start":{"line":93,"column":34},"end":{"line":96,"column":41}},"23":{"start":{"line":94,"column":2},"end":{"line":96,"column":41}},"24":{"start":{"line":95,"column":22},"end":{"line":95,"column":30}},"25":{"start":{"line":96,"column":19},"end":{"line":96,"column":31}},"26":{"start":{"line":98,"column":24},"end":{"line":98,"column":50}},"27":{"start":{"line":100,"column":26},"end":{"line":104,"column":3}},"28":{"start":{"line":103,"column":4},"end":{"line":103,"column":67}},"29":{"start":{"line":106,"column":25},"end":{"line":106,"column":42}},"30":{"start":{"line":108,"column":25},"end":{"line":108,"column":46}},"31":{"start":{"line":110,"column":66},"end":{"line":112,"column":11}},"32":{"start":{"line":114,"column":40},"end":{"line":114,"column":66}},"33":{"start":{"line":117,"column":2},"end":{"line":117,"column":52}},"34":{"start":{"line":119,"column":31},"end":{"line":126,"column":4}},"35":{"start":{"line":123,"column":2},"end":{"line":126,"column":4}},"36":{"start":{"line":135,"column":2},"end":{"line":137,"column":7}},"37":{"start":{"line":136,"column":2},"end":{"line":137,"column":7}},"38":{"start":{"line":137,"column":4},"end":{"line":137,"column":7}},"39":{"start":{"line":139,"column":23},"end":{"line":139,"column":49}},"40":{"start":{"line":141,"column":32},"end":{"line":165,"column":1}},"41":{"start":{"line":145,"column":17},"end":{"line":162,"column":8}},"42":{"start":{"line":146,"column":24},"end":{"line":146,"column":56}},"43":{"start":{"line":148,"column":4},"end":{"line":156,"column":5}},"44":{"start":{"line":149,"column":28},"end":{"line":154,"column":7}},"45":{"start":{"line":151,"column":10},"end":{"line":151,"column":77}},"46":{"start":{"line":155,"column":6},"end":{"line":155,"column":40}},"47":{"start":{"line":158,"column":16},"end":{"line":158,"column":37}},"48":{"start":{"line":159,"column":20},"end":{"line":159,"column":33}},"49":{"start":{"line":160,"column":24},"end":{"line":160,"column":61}},"50":{"start":{"line":161,"column":4},"end":{"line":161,"column":33}},"51":{"start":{"line":164,"column":2},"end":{"line":164,"column":37}}},"fnMap":{"0":{"name":"(anonymous_0)","decl":{"start":{"line":6,"column":14},"end":{"line":6,"column":15}},"loc":{"start":{"line":6,"column":30},"end":{"line":31,"column":1}},"line":6},"1":{"name":"(anonymous_1)","decl":{"start":{"line":56,"column":17},"end":{"line":56,"column":18}},"loc":{"start":{"line":56,"column":34},"end":{"line":56,"column":71}},"line":56},"2":{"name":"(anonymous_2)","decl":{"start":{"line":81,"column":43},"end":{"line":81,"column":44}},"loc":{"start":{"line":82,"column":2},"end":{"line":82,"column":61}},"line":82},"3":{"name":"(anonymous_3)","decl":{"start":{"line":84,"column":37},"end":{"line":84,"column":38}},"loc":{"start":{"line":85,"column":2},"end":{"line":85,"column":61}},"line":85},"4":{"name":"(anonymous_4)","decl":{"start":{"line":93,"column":34},"end":{"line":93,"column":35}},"loc":{"start":{"line":94,"column":2},"end":{"line":96,"column":41}},"line":94},"5":{"name":"(anonymous_5)","decl":{"start":{"line":95,"column":15},"end":{"line":95,"column":16}},"loc":{"start":{"line":95,"column":22},"end":{"line":95,"column":30}},"line":95},"6":{"name":"(anonymous_6)","decl":{"start":{"line":96,"column":12},"end":{"line":96,"column":13}},"loc":{"start":{"line":96,"column":19},"end":{"line":96,"column":31}},"line":96},"7":{"name":"(anonymous_7)","decl":{"start":{"line":102,"column":13},"end":{"line":102,"column":14}},"loc":{"start":{"line":103,"column":4},"end":{"line":103,"column":67}},"line":103},"8":{"name":"(anonymous_8)","decl":{"start":{"line":119,"column":31},"end":{"line":119,"column":32}},"loc":{"start":{"line":123,"column":2},"end":{"line":126,"column":4}},"line":123},"9":{"name":"(anonymous_9)","decl":{"start":{"line":135,"column":2},"end":{"line":135,"column":3}},"loc":{"start":{"line":136,"column":2},"end":{"line":137,"column":7}},"line":136},"10":{"name":"(anonymous_10)","decl":{"start":{"line":136,"column":2},"end":{"line":136,"column":3}},"loc":{"start":{"line":137,"column":4},"end":{"line":137,"column":7}},"line":137},"11":{"name":"(anonymous_11)","decl":{"start":{"line":141,"column":32},"end":{"line":141,"column":33}},"loc":{"start":{"line":144,"column":15},"end":{"line":165,"column":1}},"line":144},"12":{"name":"(anonymous_12)","decl":{"start":{"line":145,"column":47},"end":{"line":145,"column":48}},"loc":{"start":{"line":145,"column":73},"end":{"line":162,"column":3}},"line":145},"13":{"name":"(anonymous_13)","decl":{"start":{"line":150,"column":8},"end":{"line":150,"column":9}},"loc":{"start":{"line":150,"column":60},"end":{"line":152,"column":9}},"line":150}},"branchMap":{"0":{"loc":{"start":{"line":7,"column":2},"end":{"line":10,"column":6}},"type":"if","locations":[{"start":{"line":7,"column":2},"end":{"line":10,"column":6}},{"start":{},"end":{}}],"line":7},"1":{"loc":{"start":{"line":7,"column":6},"end":{"line":7,"column":72}},"type":"binary-expr","locations":[{"start":{"line":7,"column":6},"end":{"line":7,"column":37}},{"start":{"line":7,"column":41},"end":{"line":7,"column":72}}],"line":7},"2":{"loc":{"start":{"line":12,"column":2},"end":{"line":15,"column":6}},"type":"if","locations":[{"start":{"line":12,"column":2},"end":{"line":15,"column":6}},{"start":{},"end":{}}],"line":12},"3":{"loc":{"start":{"line":17,"column":2},"end":{"line":22,"column":6}},"type":"if","locations":[{"start":{"line":17,"column":2},"end":{"line":22,"column":6}},{"start":{},"end":{}}],"line":17},"4":{"loc":{"start":{"line":17,"column":6},"end":{"line":17,"column":69}},"type":"binary-expr","locations":[{"start":{"line":17,"column":6},"end":{"line":17,"column":37}},{"start":{"line":17,"column":41},"end":{"line":17,"column":69}}],"line":17},"5":{"loc":{"start":{"line":20,"column":8},"end":{"line":20,"column":55}},"type":"cond-expr","locations":[{"start":{"line":20,"column":38},"end":{"line":20,"column":46}},{"start":{"line":20,"column":49},"end":{"line":20,"column":55}}],"line":20},"6":{"loc":{"start":{"line":20,"column":8},"end":{"line":20,"column":35}},"type":"binary-expr","locations":[{"start":{"line":20,"column":8},"end":{"line":20,"column":16}},{"start":{"line":20,"column":20},"end":{"line":20,"column":35}}],"line":20},"7":{"loc":{"start":{"line":25,"column":2},"end":{"line":28,"column":6}},"type":"if","locations":[{"start":{"line":25,"column":2},"end":{"line":28,"column":6}},{"start":{},"end":{}}],"line":25},"8":{"loc":{"start":{"line":25,"column":6},"end":{"line":25,"column":69}},"type":"binary-expr","locations":[{"start":{"line":25,"column":6},"end":{"line":25,"column":37}},{"start":{"line":25,"column":41},"end":{"line":25,"column":69}}],"line":25},"9":{"loc":{"start":{"line":103,"column":28},"end":{"line":103,"column":40}},"type":"binary-expr","locations":[{"start":{"line":103,"column":28},"end":{"line":103,"column":29}},{"start":{"line":103,"column":33},"end":{"line":103,"column":40}}],"line":103},"10":{"loc":{"start":{"line":143,"column":2},"end":{"line":143,"column":32}},"type":"default-arg","locations":[{"start":{"line":143,"column":30},"end":{"line":143,"column":32}}],"line":143},"11":{"loc":{"start":{"line":146,"column":38},"end":{"line":146,"column":54}},"type":"binary-expr","locations":[{"start":{"line":146,"column":38},"end":{"line":146,"column":48}},{"start":{"line":146,"column":52},"end":{"line":146,"column":54}}],"line":146},"12":{"loc":{"start":{"line":148,"column":4},"end":{"line":156,"column":5}},"type":"if","locations":[{"start":{"line":148,"column":4},"end":{"line":156,"column":5}},{"start":{},"end":{}}],"line":148},"13":{"loc":{"start":{"line":148,"column":8},"end":{"line":148,"column":59}},"type":"binary-expr","locations":[{"start":{"line":148,"column":8},"end":{"line":148,"column":38}},{"start":{"line":148,"column":42},"end":{"line":148,"column":59}}],"line":148},"14":{"loc":{"start":{"line":160,"column":24},"end":{"line":160,"column":61}},"type":"cond-expr","locations":[{"start":{"line":160,"column":30},"end":{"line":160,"column":51}},{"start":{"line":160,"column":54},"end":{"line":160,"column":61}}],"line":160}},"s":{"0":10,"1":203,"2":4,"3":199,"4":0,"5":199,"6":0,"7":199,"8":37,"9":162,"10":10,"11":33,"12":10,"13":10,"14":10,"15":10,"16":10,"17":12,"18":10,"19":21,"20":10,"21":10,"22":10,"23":0,"24":0,"25":0,"26":10,"27":10,"28":12,"29":10,"30":10,"31":10,"32":10,"33":10,"34":10,"35":10,"36":10,"37":3,"38":3,"39":10,"40":10,"41":0,"42":0,"43":0,"44":0,"45":0,"46":0,"47":0,"48":0,"49":0,"50":0,"51":0},"f":{"0":203,"1":33,"2":12,"3":21,"4":0,"5":0,"6":0,"7":12,"8":10,"9":3,"10":3,"11":0,"12":0,"13":0},"b":{"0":[4,199],"1":[203,43],"2":[0,199],"3":[0,199],"4":[199,39],"5":[0,0],"6":[0,0],"7":[37,162],"8":[199,39],"9":[12,2],"10":[0],"11":[0,0],"12":[0,0],"13":[0,0],"14":[0,0]},"_coverageSchema":"1a1c01bbd47fc00a2c39e90264f33305004495a9","hash":"2a68da358752081a0e70fe9199ac6b79442e0914"}
,"/Users/enguerran/Sites/betagouv/immersion-facile/shared/src/address/address.dto.ts": {"path":"/Users/enguerran/Sites/betagouv/immersion-facile/shared/src/address/address.dto.ts","statementMap":{"0":{"start":{"line":46,"column":4},"end":{"line":151,"column":1}},"1":{"start":{"line":156,"column":4},"end":{"line":161,"column":1}},"2":{"start":{"line":176,"column":4},"end":{"line":176,"column":20}},"3":{"start":{"line":180,"column":4},"end":{"line":180,"column":59}},"4":{"start":{"line":184,"column":4},"end":{"line":184,"column":53}},"5":{"start":{"line":188,"column":4},"end":{"line":188,"column":21}}},"fnMap":{"0":{"name":"(anonymous_0)","decl":{"start":{"line":164,"column":2},"end":{"line":164,"column":3}},"loc":{"start":{"line":175,"column":4},"end":{"line":177,"column":3}},"line":175},"1":{"name":"(anonymous_1)","decl":{"start":{"line":179,"column":2},"end":{"line":179,"column":3}},"loc":{"start":{"line":179,"column":48},"end":{"line":181,"column":3}},"line":179},"2":{"name":"(anonymous_2)","decl":{"start":{"line":183,"column":2},"end":{"line":183,"column":3}},"loc":{"start":{"line":183,"column":32},"end":{"line":185,"column":3}},"line":183},"3":{"name":"(anonymous_3)","decl":{"start":{"line":187,"column":2},"end":{"line":187,"column":3}},"loc":{"start":{"line":187,"column":27},"end":{"line":189,"column":3}},"line":187}},"branchMap":{"0":{"loc":{"start":{"line":165,"column":4},"end":{"line":174,"column":5}},"type":"default-arg","locations":[{"start":{"line":165,"column":20},"end":{"line":174,"column":5}}],"line":165}},"s":{"0":1,"1":1,"2":0,"3":0,"4":0,"5":0},"f":{"0":0,"1":0,"2":0,"3":0},"b":{"0":[0]},"_coverageSchema":"1a1c01bbd47fc00a2c39e90264f33305004495a9","hash":"f11ae1070897db74d8ae3b18eb51f92f76304a7f"}
,"/Users/enguerran/Sites/betagouv/immersion-facile/shared/src/address/address.response.ts": {"path":"/Users/enguerran/Sites/betagouv/immersion-facile/shared/src/address/address.response.ts","statementMap":{"0":{"start":{"line":9,"column":2},"end":{"line":11,"column":4}}},"fnMap":{},"branchMap":{},"s":{"0":1},"f":{},"b":{},"_coverageSchema":"1a1c01bbd47fc00a2c39e90264f33305004495a9","hash":"d9ab6df4dd84eeb5238589012bb26d5544de3276"}
,"/Users/enguerran/Sites/betagouv/immersion-facile/shared/src/address/address.schema.ts": {"path":"/Users/enguerran/Sites/betagouv/immersion-facile/shared/src/address/address.schema.ts","statementMap":{"0":{"start":{"line":13,"column":62},"end":{"line":13,"column":72}},"1":{"start":{"line":15,"column":51},"end":{"line":20,"column":2}},"2":{"start":{"line":22,"column":70},"end":{"line":25,"column":2}},"3":{"start":{"line":27,"column":70},"end":{"line":30,"column":2}},"4":{"start":{"line":33,"column":2},"end":{"line":33,"column":35}},"5":{"start":{"line":36,"column":2},"end":{"line":36,"column":35}},"6":{"start":{"line":38,"column":49},"end":{"line":38,"column":50}},"7":{"start":{"line":39,"column":53},"end":{"line":39,"column":55}},"8":{"start":{"line":42,"column":2},"end":{"line":42,"column":41}},"9":{"start":{"line":44,"column":2},"end":{"line":60,"column":4}},"10":{"start":{"line":50,"column":36},"end":{"line":53,"column":9}},"11":{"start":{"line":54,"column":8},"end":{"line":54,"column":79}},"12":{"start":{"line":57,"column":17},"end":{"line":57,"column":79}},"13":{"start":{"line":63,"column":2},"end":{"line":65,"column":4}}},"fnMap":{"0":{"name":"(anonymous_0)","decl":{"start":{"line":49,"column":14},"end":{"line":49,"column":15}},"loc":{"start":{"line":49,"column":23},"end":{"line":55,"column":7}},"line":49},"1":{"name":"(anonymous_1)","decl":{"start":{"line":57,"column":8},"end":{"line":57,"column":9}},"loc":{"start":{"line":57,"column":17},"end":{"line":57,"column":79}},"line":57}},"branchMap":{},"s":{"0":2,"1":2,"2":2,"3":2,"4":2,"5":2,"6":2,"7":2,"8":2,"9":2,"10":0,"11":0,"12":0,"13":2},"f":{"0":0,"1":0},"b":{},"_coverageSchema":"1a1c01bbd47fc00a2c39e90264f33305004495a9","hash":"ab23774b24d74472bcb71eb3f068b1f727b50a4d"}
,"/Users/enguerran/Sites/betagouv/immersion-facile/shared/src/admin/admin.dto.ts": {"path":"/Users/enguerran/Sites/betagouv/immersion-facile/shared/src/admin/admin.dto.ts","statementMap":{"0":{"start":{"line":34,"column":32},"end":{"line":36,"column":53}},"1":{"start":{"line":36,"column":31},"end":{"line":36,"column":53}},"2":{"start":{"line":38,"column":30},"end":{"line":40,"column":49}},"3":{"start":{"line":40,"column":29},"end":{"line":40,"column":49}}},"fnMap":{"0":{"name":"(anonymous_0)","decl":{"start":{"line":34,"column":32},"end":{"line":34,"column":33}},"loc":{"start":{"line":36,"column":31},"end":{"line":36,"column":53}},"line":36},"1":{"name":"(anonymous_1)","decl":{"start":{"line":38,"column":30},"end":{"line":38,"column":31}},"loc":{"start":{"line":40,"column":29},"end":{"line":40,"column":49}},"line":40}},"branchMap":{},"s":{"0":1,"1":0,"2":1,"3":0},"f":{"0":0,"1":0},"b":{},"_coverageSchema":"1a1c01bbd47fc00a2c39e90264f33305004495a9","hash":"4c9d422f0f9f01fcc9e31e3b72381a155c8f06c2"}
,"/Users/enguerran/Sites/betagouv/immersion-facile/shared/src/admin/admin.routes.ts": {"path":"/Users/enguerran/Sites/betagouv/immersion-facile/shared/src/admin/admin.routes.ts","statementMap":{"0":{"start":{"line":31,"column":27},"end":{"line":168,"column":2}}},"fnMap":{},"branchMap":{},"s":{"0":1},"f":{},"b":{},"_coverageSchema":"1a1c01bbd47fc00a2c39e90264f33305004495a9","hash":"217413656df82fcb7d592752578279b041d2437e"}
,"/Users/enguerran/Sites/betagouv/immersion-facile/shared/src/admin/admin.schema.ts": {"path":"/Users/enguerran/Sites/betagouv/immersion-facile/shared/src/admin/admin.schema.ts","statementMap":{"0":{"start":{"line":22,"column":2},"end":{"line":25,"column":4}},"1":{"start":{"line":28,"column":2},"end":{"line":34,"column":4}},"2":{"start":{"line":37,"column":2},"end":{"line":41,"column":4}},"3":{"start":{"line":43,"column":64},"end":{"line":51,"column":3}},"4":{"start":{"line":54,"column":2},"end":{"line":56,"column":4}},"5":{"start":{"line":59,"column":2},"end":{"line":61,"column":4}},"6":{"start":{"line":63,"column":64},"end":{"line":65,"column":2}}},"fnMap":{},"branchMap":{},"s":{"0":1,"1":1,"2":1,"3":1,"4":1,"5":1,"6":1},"f":{},"b":{},"_coverageSchema":"1a1c01bbd47fc00a2c39e90264f33305004495a9","hash":"ee93cfda17b981cf3c5884f567caf5fa51cf7374"}
,"/Users/enguerran/Sites/betagouv/immersion-facile/shared/src/admin/adminTabs.ts": {"path":"/Users/enguerran/Sites/betagouv/immersion-facile/shared/src/admin/adminTabs.ts","statementMap":{"0":{"start":{"line":9,"column":25},"end":{"line":42,"column":41}},"1":{"start":{"line":12,"column":21},"end":{"line":12,"column":25}},"2":{"start":{"line":16,"column":21},"end":{"line":16,"column":25}},"3":{"start":{"line":20,"column":21},"end":{"line":20,"column":25}},"4":{"start":{"line":24,"column":21},"end":{"line":24,"column":25}},"5":{"start":{"line":28,"column":21},"end":{"line":28,"column":25}},"6":{"start":{"line":32,"column":37},"end":{"line":32,"column":57}},"7":{"start":{"line":36,"column":21},"end":{"line":36,"column":25}},"8":{"start":{"line":40,"column":21},"end":{"line":40,"column":25}},"9":{"start":{"line":44,"column":34},"end":{"line":44,"column":49}}},"fnMap":{"0":{"name":"(anonymous_0)","decl":{"start":{"line":12,"column":15},"end":{"line":12,"column":16}},"loc":{"start":{"line":12,"column":21},"end":{"line":12,"column":25}},"line":12},"1":{"name":"(anonymous_1)","decl":{"start":{"line":16,"column":15},"end":{"line":16,"column":16}},"loc":{"start":{"line":16,"column":21},"end":{"line":16,"column":25}},"line":16},"2":{"name":"(anonymous_2)","decl":{"start":{"line":20,"column":15},"end":{"line":20,"column":16}},"loc":{"start":{"line":20,"column":21},"end":{"line":20,"column":25}},"line":20},"3":{"name":"(anonymous_3)","decl":{"start":{"line":24,"column":15},"end":{"line":24,"column":16}},"loc":{"start":{"line":24,"column":21},"end":{"line":24,"column":25}},"line":24},"4":{"name":"(anonymous_4)","decl":{"start":{"line":28,"column":15},"end":{"line":28,"column":16}},"loc":{"start":{"line":28,"column":21},"end":{"line":28,"column":25}},"line":28},"5":{"name":"(anonymous_5)","decl":{"start":{"line":32,"column":15},"end":{"line":32,"column":16}},"loc":{"start":{"line":32,"column":37},"end":{"line":32,"column":57}},"line":32},"6":{"name":"(anonymous_6)","decl":{"start":{"line":36,"column":15},"end":{"line":36,"column":16}},"loc":{"start":{"line":36,"column":21},"end":{"line":36,"column":25}},"line":36},"7":{"name":"(anonymous_7)","decl":{"start":{"line":40,"column":15},"end":{"line":40,"column":16}},"loc":{"start":{"line":40,"column":21},"end":{"line":40,"column":25}},"line":40}},"branchMap":{},"s":{"0":1,"1":0,"2":0,"3":0,"4":0,"5":0,"6":0,"7":0,"8":0,"9":1},"f":{"0":0,"1":0,"2":0,"3":0,"4":0,"5":0,"6":0,"7":0},"b":{},"_coverageSchema":"1a1c01bbd47fc00a2c39e90264f33305004495a9","hash":"9ce175196aa64b652d1c68481c4bbe8b87fa8dcd"}
,"/Users/enguerran/Sites/betagouv/immersion-facile/shared/src/agency/AgencyDtoBuilder.ts": {"path":"/Users/enguerran/Sites/betagouv/immersion-facile/shared/src/agency/AgencyDtoBuilder.ts","statementMap":{"0":{"start":{"line":12,"column":35},"end":{"line":17,"column":1}},"1":{"start":{"line":19,"column":37},"end":{"line":19,"column":65}},"2":{"start":{"line":21,"column":31},"end":{"line":41,"column":1}},"3":{"start":{"line":47,"column":4},"end":{"line":47,"column":26}},"4":{"start":{"line":51,"column":4},"end":{"line":54,"column":7}},"5":{"start":{"line":58,"column":4},"end":{"line":58,"column":52}},"6":{"start":{"line":62,"column":4},"end":{"line":62,"column":24}},"7":{"start":{"line":66,"column":4},"end":{"line":75,"column":7}},"8":{"start":{"line":79,"column":4},"end":{"line":82,"column":7}},"9":{"start":{"line":86,"column":4},"end":{"line":89,"column":7}},"10":{"start":{"line":93,"column":4},"end":{"line":96,"column":7}},"11":{"start":{"line":100,"column":4},"end":{"line":103,"column":7}},"12":{"start":{"line":107,"column":4},"end":{"line":110,"column":7}},"13":{"start":{"line":114,"column":4},"end":{"line":117,"column":7}},"14":{"start":{"line":121,"column":4},"end":{"line":124,"column":7}},"15":{"start":{"line":128,"column":4},"end":{"line":134,"column":7}},"16":{"start":{"line":140,"column":4},"end":{"line":145,"column":7}},"17":{"start":{"line":149,"column":4},"end":{"line":152,"column":7}},"18":{"start":{"line":156,"column":4},"end":{"line":159,"column":7}},"19":{"start":{"line":163,"column":4},"end":{"line":166,"column":7}},"20":{"start":{"line":170,"column":4},"end":{"line":173,"column":7}}},"fnMap":{"0":{"name":"(anonymous_0)","decl":{"start":{"line":46,"column":2},"end":{"line":46,"column":3}},"loc":{"start":{"line":46,"column":47},"end":{"line":48,"column":3}},"line":46},"1":{"name":"(anonymous_1)","decl":{"start":{"line":50,"column":2},"end":{"line":50,"column":3}},"loc":{"start":{"line":50,"column":38},"end":{"line":55,"column":3}},"line":50},"2":{"name":"(anonymous_2)","decl":{"start":{"line":57,"column":2},"end":{"line":57,"column":3}},"loc":{"start":{"line":57,"column":24},"end":{"line":59,"column":3}},"line":57},"3":{"name":"(anonymous_3)","decl":{"start":{"line":61,"column":2},"end":{"line":61,"column":3}},"loc":{"start":{"line":61,"column":17},"end":{"line":63,"column":3}},"line":61},"4":{"name":"(anonymous_4)","decl":{"start":{"line":65,"column":2},"end":{"line":65,"column":3}},"loc":{"start":{"line":65,"column":42},"end":{"line":76,"column":3}},"line":65},"5":{"name":"(anonymous_5)","decl":{"start":{"line":78,"column":2},"end":{"line":78,"column":3}},"loc":{"start":{"line":78,"column":63},"end":{"line":83,"column":3}},"line":78},"6":{"name":"(anonymous_6)","decl":{"start":{"line":85,"column":2},"end":{"line":85,"column":3}},"loc":{"start":{"line":85,"column":40},"end":{"line":90,"column":3}},"line":85},"7":{"name":"(anonymous_7)","decl":{"start":{"line":92,"column":2},"end":{"line":92,"column":3}},"loc":{"start":{"line":92,"column":44},"end":{"line":97,"column":3}},"line":92},"8":{"name":"(anonymous_8)","decl":{"start":{"line":99,"column":2},"end":{"line":99,"column":3}},"loc":{"start":{"line":99,"column":30},"end":{"line":104,"column":3}},"line":99},"9":{"name":"(anonymous_9)","decl":{"start":{"line":106,"column":2},"end":{"line":106,"column":3}},"loc":{"start":{"line":106,"column":36},"end":{"line":111,"column":3}},"line":106},"10":{"name":"(anonymous_10)","decl":{"start":{"line":113,"column":2},"end":{"line":113,"column":3}},"loc":{"start":{"line":113,"column":50},"end":{"line":118,"column":3}},"line":113},"11":{"name":"(anonymous_11)","decl":{"start":{"line":120,"column":2},"end":{"line":120,"column":3}},"loc":{"start":{"line":120,"column":32},"end":{"line":125,"column":3}},"line":120},"12":{"name":"(anonymous_12)","decl":{"start":{"line":127,"column":2},"end":{"line":127,"column":3}},"loc":{"start":{"line":127,"column":48},"end":{"line":135,"column":3}},"line":127},"13":{"name":"(anonymous_13)","decl":{"start":{"line":137,"column":2},"end":{"line":137,"column":3}},"loc":{"start":{"line":139,"column":4},"end":{"line":146,"column":3}},"line":139},"14":{"name":"(anonymous_14)","decl":{"start":{"line":148,"column":2},"end":{"line":148,"column":3}},"loc":{"start":{"line":148,"column":75},"end":{"line":153,"column":3}},"line":148},"15":{"name":"(anonymous_15)","decl":{"start":{"line":155,"column":2},"end":{"line":155,"column":3}},"loc":{"start":{"line":155,"column":42},"end":{"line":160,"column":3}},"line":155},"16":{"name":"(anonymous_16)","decl":{"start":{"line":162,"column":2},"end":{"line":162,"column":3}},"loc":{"start":{"line":162,"column":42},"end":{"line":167,"column":3}},"line":162},"17":{"name":"(anonymous_17)","decl":{"start":{"line":169,"column":2},"end":{"line":169,"column":3}},"loc":{"start":{"line":169,"column":52},"end":{"line":174,"column":3}},"line":169}},"branchMap":{"0":{"loc":{"start":{"line":46,"column":14},"end":{"line":46,"column":45}},"type":"default-arg","locations":[{"start":{"line":46,"column":34},"end":{"line":46,"column":45}}],"line":46},"1":{"loc":{"start":{"line":53,"column":10},"end":{"line":53,"column":26}},"type":"cond-expr","locations":[{"start":{"line":53,"column":15},"end":{"line":53,"column":21}},{"start":{"line":53,"column":24},"end":{"line":53,"column":26}}],"line":53},"2":{"loc":{"start":{"line":71,"column":14},"end":{"line":71,"column":68}},"type":"cond-expr","locations":[{"start":{"line":71,"column":39},"end":{"line":71,"column":63}},{"start":{"line":71,"column":66},"end":{"line":71,"column":68}}],"line":71},"3":{"loc":{"start":{"line":142,"column":10},"end":{"line":144,"column":62}},"type":"cond-expr","locations":[{"start":{"line":143,"column":10},"end":{"line":143,"column":16}},{"start":{"line":144,"column":10},"end":{"line":144,"column":62}}],"line":142}},"s":{"0":1,"1":1,"2":1,"3":0,"4":0,"5":0,"6":0,"7":0,"8":0,"9":0,"10":0,"11":0,"12":0,"13":0,"14":0,"15":0,"16":0,"17":0,"18":0,"19":0,"20":0},"f":{"0":0,"1":0,"2":0,"3":0,"4":0,"5":0,"6":0,"7":0,"8":0,"9":0,"10":0,"11":0,"12":0,"13":0,"14":0,"15":0,"16":0,"17":0},"b":{"0":[0],"1":[0,0],"2":[0,0],"3":[0,0]},"_coverageSchema":"1a1c01bbd47fc00a2c39e90264f33305004495a9","hash":"94eb829b54ab199686865f804b35c0c4b1d1b555"}
,"/Users/enguerran/Sites/betagouv/immersion-facile/shared/src/agency/agency.dto.ts": {"path":"/Users/enguerran/Sites/betagouv/immersion-facile/shared/src/agency/agency.dto.ts","statementMap":{"0":{"start":{"line":17,"column":33},"end":{"line":23,"column":10}},"1":{"start":{"line":84,"column":50},"end":{"line":88,"column":1}},"2":{"start":{"line":92,"column":30},"end":{"line":105,"column":10}},"3":{"start":{"line":109,"column":73},"end":{"line":121,"column":1}},"4":{"start":{"line":123,"column":72},"end":{"line":126,"column":1}},"5":{"start":{"line":128,"column":42},"end":{"line":128,"column":65}},"6":{"start":{"line":130,"column":42},"end":{"line":132,"column":1}},"7":{"start":{"line":131,"column":12},"end":{"line":131,"column":61}},"8":{"start":{"line":143,"column":52},"end":{"line":143,"column":77}},"9":{"start":{"line":145,"column":33},"end":{"line":150,"column":10}},"10":{"start":{"line":181,"column":65},"end":{"line":187,"column":1}},"11":{"start":{"line":189,"column":50},"end":{"line":197,"column":2}},"12":{"start":{"line":192,"column":40},"end":{"line":197,"column":1}}},"fnMap":{"0":{"name":"(anonymous_0)","decl":{"start":{"line":131,"column":2},"end":{"line":131,"column":3}},"loc":{"start":{"line":131,"column":12},"end":{"line":131,"column":61}},"line":131},"1":{"name":"(anonymous_1)","decl":{"start":{"line":189,"column":50},"end":{"line":189,"column":51}},"loc":{"start":{"line":192,"column":40},"end":{"line":197,"column":1}},"line":192}},"branchMap":{"0":{"loc":{"start":{"line":193,"column":6},"end":{"line":195,"column":59}},"type":"cond-expr","locations":[{"start":{"line":194,"column":6},"end":{"line":194,"column":35}},{"start":{"line":195,"column":6},"end":{"line":195,"column":59}}],"line":193}},"s":{"0":2,"1":2,"2":2,"3":2,"4":2,"5":2,"6":2,"7":22,"8":2,"9":2,"10":2,"11":2,"12":0},"f":{"0":22,"1":0},"b":{"0":[0,0]},"_coverageSchema":"1a1c01bbd47fc00a2c39e90264f33305004495a9","hash":"5600a67bbf042a1e0eaf12f6ea92cfcc491e72b9"}
,"/Users/enguerran/Sites/betagouv/immersion-facile/shared/src/agency/agency.schema.ts": {"path":"/Users/enguerran/Sites/betagouv/immersion-facile/shared/src/agency/agency.schema.ts","statementMap":{"0":{"start":{"line":38,"column":53},"end":{"line":38,"column":70}},"1":{"start":{"line":39,"column":61},"end":{"line":39,"column":71}},"2":{"start":{"line":40,"column":53},"end":{"line":42,"column":13}},"3":{"start":{"line":44,"column":34},"end":{"line":48,"column":1}},"4":{"start":{"line":51,"column":2},"end":{"line":51,"column":27}},"5":{"start":{"line":53,"column":57},"end":{"line":56,"column":1}},"6":{"start":{"line":57,"column":27},"end":{"line":57,"column":52}},"7":{"start":{"line":59,"column":61},"end":{"line":66,"column":2}},"8":{"start":{"line":69,"column":2},"end":{"line":69,"column":29}},"9":{"start":{"line":72,"column":2},"end":{"line":78,"column":4}},"10":{"start":{"line":80,"column":19},"end":{"line":85,"column":1}},"11":{"start":{"line":82,"column":59},"end":{"line":82,"column":76}},"12":{"start":{"line":87,"column":26},"end":{"line":97,"column":1}},"13":{"start":{"line":99,"column":64},"end":{"line":120,"column":4}},"14":{"start":{"line":109,"column":4},"end":{"line":119,"column":5}},"15":{"start":{"line":113,"column":6},"end":{"line":118,"column":9}},"16":{"start":{"line":122,"column":56},"end":{"line":133,"column":29}},"17":{"start":{"line":135,"column":61},"end":{"line":137,"column":2}},"18":{"start":{"line":140,"column":2},"end":{"line":153,"column":31}},"19":{"start":{"line":155,"column":52},"end":{"line":167,"column":29}},"20":{"start":{"line":169,"column":60},"end":{"line":171,"column":2}},"21":{"start":{"line":174,"column":2},"end":{"line":176,"column":4}},"22":{"start":{"line":179,"column":2},"end":{"line":188,"column":5}},"23":{"start":{"line":191,"column":2},"end":{"line":191,"column":79}},"24":{"start":{"line":193,"column":66},"end":{"line":195,"column":2}}},"fnMap":{"0":{"name":"(anonymous_0)","decl":{"start":{"line":82,"column":47},"end":{"line":82,"column":48}},"loc":{"start":{"line":82,"column":59},"end":{"line":82,"column":76}},"line":82},"1":{"name":"(anonymous_1)","decl":{"start":{"line":108,"column":15},"end":{"line":108,"column":16}},"loc":{"start":{"line":108,"column":42},"end":{"line":120,"column":3}},"line":108}},"branchMap":{"0":{"loc":{"start":{"line":109,"column":4},"end":{"line":119,"column":5}},"type":"if","locations":[{"start":{"line":109,"column":4},"end":{"line":119,"column":5}},{"start":{},"end":{}}],"line":109},"1":{"loc":{"start":{"line":110,"column":6},"end":{"line":111,"column":43}},"type":"binary-expr","locations":[{"start":{"line":110,"column":6},"end":{"line":110,"column":35}},{"start":{"line":111,"column":6},"end":{"line":111,"column":43}}],"line":110}},"s":{"0":2,"1":2,"2":2,"3":2,"4":2,"5":2,"6":2,"7":2,"8":2,"9":2,"10":2,"11":0,"12":2,"13":2,"14":0,"15":0,"16":2,"17":2,"18":2,"19":2,"20":2,"21":2,"22":2,"23":2,"24":2},"f":{"0":0,"1":0},"b":{"0":[0,0],"1":[0,0]},"_coverageSchema":"1a1c01bbd47fc00a2c39e90264f33305004495a9","hash":"59c8c58f0c9c6302a90bbb3a3a3440ef69e880b7"}
,"/Users/enguerran/Sites/betagouv/immersion-facile/shared/src/agency/agency.utils.ts": {"path":"/Users/enguerran/Sites/betagouv/immersion-facile/shared/src/agency/agency.utils.ts","statementMap":{"0":{"start":{"line":7,"column":40},"end":{"line":44,"column":1}},"1":{"start":{"line":11,"column":2},"end":{"line":19,"column":7}},"2":{"start":{"line":16,"column":4},"end":{"line":19,"column":7}},"3":{"start":{"line":21,"column":2},"end":{"line":43,"column":4}},"4":{"start":{"line":46,"column":61},"end":{"line":54,"column":1}},"5":{"start":{"line":49,"column":20},"end":{"line":51,"column":3}},"6":{"start":{"line":50,"column":15},"end":{"line":50,"column":34}},"7":{"start":{"line":53,"column":2},"end":{"line":53,"column":33}},"8":{"start":{"line":56,"column":39},"end":{"line":62,"column":1}},"9":{"start":{"line":57,"column":53},"end":{"line":60,"column":3}},"10":{"start":{"line":58,"column":16},"end":{"line":58,"column":50}},"11":{"start":{"line":61,"column":2},"end":{"line":61,"column":54}}},"fnMap":{"0":{"name":"(anonymous_0)","decl":{"start":{"line":7,"column":40},"end":{"line":7,"column":41}},"loc":{"start":{"line":10,"column":29},"end":{"line":44,"column":1}},"line":10},"1":{"name":"(anonymous_1)","decl":{"start":{"line":46,"column":61},"end":{"line":46,"column":62}},"loc":{"start":{"line":48,"column":5},"end":{"line":54,"column":1}},"line":48},"2":{"name":"(anonymous_2)","decl":{"start":{"line":50,"column":4},"end":{"line":50,"column":5}},"loc":{"start":{"line":50,"column":15},"end":{"line":50,"column":34}},"line":50},"3":{"name":"(anonymous_3)","decl":{"start":{"line":56,"column":39},"end":{"line":56,"column":40}},"loc":{"start":{"line":56,"column":72},"end":{"line":62,"column":1}},"line":56},"4":{"name":"(anonymous_4)","decl":{"start":{"line":58,"column":4},"end":{"line":58,"column":5}},"loc":{"start":{"line":58,"column":16},"end":{"line":58,"column":50}},"line":58}},"branchMap":{"0":{"loc":{"start":{"line":11,"column":2},"end":{"line":19,"column":7}},"type":"if","locations":[{"start":{"line":11,"column":2},"end":{"line":19,"column":7}},{"start":{},"end":{}}],"line":11},"1":{"loc":{"start":{"line":12,"column":4},"end":{"line":14,"column":48}},"type":"binary-expr","locations":[{"start":{"line":12,"column":4},"end":{"line":12,"column":27}},{"start":{"line":13,"column":4},"end":{"line":13,"column":17}},{"start":{"line":14,"column":4},"end":{"line":14,"column":48}}],"line":12},"2":{"loc":{"start":{"line":31,"column":6},"end":{"line":42,"column":14}},"type":"cond-expr","locations":[{"start":{"line":32,"column":10},"end":{"line":41,"column":11}},{"start":{"line":42,"column":10},"end":{"line":42,"column":14}}],"line":31},"3":{"loc":{"start":{"line":31,"column":6},"end":{"line":31,"column":46}},"type":"binary-expr","locations":[{"start":{"line":31,"column":6},"end":{"line":31,"column":29}},{"start":{"line":31,"column":33},"end":{"line":31,"column":46}}],"line":31}},"s":{"0":1,"1":0,"2":0,"3":0,"4":1,"5":0,"6":0,"7":0,"8":1,"9":0,"10":0,"11":0},"f":{"0":0,"1":0,"2":0,"3":0,"4":0},"b":{"0":[0,0],"1":[0,0,0],"2":[0,0],"3":[0,0]},"_coverageSchema":"1a1c01bbd47fc00a2c39e90264f33305004495a9","hash":"b2ef87c18deac42d04e529e1ec505d76c72b03ce"}
,"/Users/enguerran/Sites/betagouv/immersion-facile/shared/src/agency/publicAgency.dto.ts": {"path":"/Users/enguerran/Sites/betagouv/immersion-facile/shared/src/agency/publicAgency.dto.ts","statementMap":{},"fnMap":{},"branchMap":{},"s":{},"f":{},"b":{},"_coverageSchema":"1a1c01bbd47fc00a2c39e90264f33305004495a9","hash":"1f366906705e45ea09895f67fa4d4e88e4c85443"}
,"/Users/enguerran/Sites/betagouv/immersion-facile/shared/src/agency/publicAgency.schema.ts": {"path":"/Users/enguerran/Sites/betagouv/immersion-facile/shared/src/agency/publicAgency.schema.ts","statementMap":{"0":{"start":{"line":16,"column":2},"end":{"line":25,"column":4}},"1":{"start":{"line":28,"column":2},"end":{"line":32,"column":4}},"2":{"start":{"line":35,"column":2},"end":{"line":37,"column":3}}},"fnMap":{},"branchMap":{},"s":{"0":1,"1":1,"2":1},"f":{},"b":{},"_coverageSchema":"1a1c01bbd47fc00a2c39e90264f33305004495a9","hash":"585ef7c8adc06f7399a6f983ac432f990e813319"}
,"/Users/enguerran/Sites/betagouv/immersion-facile/shared/src/agency-group/agencyGroup.ts": {"path":"/Users/enguerran/Sites/betagouv/immersion-facile/shared/src/agency-group/agencyGroup.ts","statementMap":{},"fnMap":{},"branchMap":{},"s":{},"f":{},"b":{},"_coverageSchema":"1a1c01bbd47fc00a2c39e90264f33305004495a9","hash":"c6e022be84e0ddb76f14d148f418e48920eb3379"}
[...]
uerran/Sites/betagouv/immersion-facile/shared/src/utils/date.ts": {"path":"/Users/enguerran/Sites/betagouv/immersion-facile/shared/src/utils/date.ts","statementMap":{"0":{"start":{"line":10,"column":31},"end":{"line":10,"column":34}},"1":{"start":{"line":12,"column":68},"end":{"line":14,"column":13}},"2":{"start":{"line":16,"column":26},"end":{"line":16,"column":74}},"3":{"start":{"line":19,"column":30},"end":{"line":19,"column":67}},"4":{"start":{"line":21,"column":28},"end":{"line":21,"column":78}},"5":{"start":{"line":21,"column":52},"end":{"line":21,"column":78}},"6":{"start":{"line":23,"column":31},"end":{"line":32,"column":4}},"7":{"start":{"line":30,"column":2},"end":{"line":32,"column":4}},"8":{"start":{"line":34,"column":28},"end":{"line":34,"column":73}},"9":{"start":{"line":34,"column":48},"end":{"line":34,"column":73}},"10":{"start":{"line":36,"column":50},"end":{"line":39,"column":1}},"11":{"start":{"line":37,"column":2},"end":{"line":37,"column":48}},"12":{"start":{"line":37,"column":36},"end":{"line":37,"column":48}},"13":{"start":{"line":38,"column":2},"end":{"line":38,"column":55}},"14":{"start":{"line":41,"column":42},"end":{"line":55,"column":1}},"15":{"start":{"line":48,"column":16},"end":{"line":48,"column":38}},"16":{"start":{"line":49,"column":18},"end":{"line":49,"column":55}},"17":{"start":{"line":50,"column":25},"end":{"line":50,"column":77}},"18":{"start":{"line":51,"column":2},"end":{"line":51,"column":73}},"19":{"start":{"line":51,"column":21},"end":{"line":51,"column":73}},"20":{"start":{"line":52,"column":2},"end":{"line":54,"column":5}}},"fnMap":{"0":{"name":"(anonymous_0)","decl":{"start":{"line":21,"column":28},"end":{"line":21,"column":29}},"loc":{"start":{"line":21,"column":52},"end":{"line":21,"column":78}},"line":21},"1":{"name":"(anonymous_1)","decl":{"start":{"line":23,"column":31},"end":{"line":23,"column":32}},"loc":{"start":{"line":30,"column":2},"end":{"line":32,"column":4}},"line":30},"2":{"name":"(anonymous_2)","decl":{"start":{"line":34,"column":28},"end":{"line":34,"column":29}},"loc":{"start":{"line":34,"column":48},"end":{"line":34,"column":73}},"line":34},"3":{"name":"(anonymous_3)","decl":{"start":{"line":36,"column":50},"end":{"line":36,"column":51}},"loc":{"start":{"line":36,"column":72},"end":{"line":39,"column":1}},"line":36},"4":{"name":"(anonymous_4)","decl":{"start":{"line":41,"column":42},"end":{"line":41,"column":43}},"loc":{"start":{"line":47,"column":14},"end":{"line":55,"column":1}},"line":47}},"branchMap":{"0":{"loc":{"start":{"line":25,"column":2},"end":{"line":25,"column":19}},"type":"default-arg","locations":[{"start":{"line":25,"column":14},"end":{"line":25,"column":19}}],"line":25},"1":{"loc":{"start":{"line":30,"column":18},"end":{"line":30,"column":69}},"type":"cond-expr","locations":[{"start":{"line":30,"column":30},"end":{"line":30,"column":54}},{"start":{"line":30,"column":57},"end":{"line":30,"column":69}}],"line":30},"2":{"loc":{"start":{"line":31,"column":4},"end":{"line":31,"column":44}},"type":"cond-expr","locations":[{"start":{"line":31,"column":14},"end":{"line":31,"column":39}},{"start":{"line":31,"column":42},"end":{"line":31,"column":44}}],"line":31},"3":{"loc":{"start":{"line":37,"column":2},"end":{"line":37,"column":48}},"type":"if","locations":[{"start":{"line":37,"column":2},"end":{"line":37,"column":48}},{"start":{},"end":{}}],"line":37},"4":{"loc":{"start":{"line":43,"column":2},"end":{"line":43,"column":20}},"type":"default-arg","locations":[{"start":{"line":43,"column":16},"end":{"line":43,"column":20}}],"line":43},"5":{"loc":{"start":{"line":50,"column":28},"end":{"line":50,"column":75}},"type":"cond-expr","locations":[{"start":{"line":50,"column":56},"end":{"line":50,"column":67}},{"start":{"line":50,"column":70},"end":{"line":50,"column":75}}],"line":50},"6":{"loc":{"start":{"line":50,"column":28},"end":{"line":50,"column":53}},"type":"binary-expr","locations":[{"start":{"line":50,"column":28},"end":{"line":50,"column":38}},{"start":{"line":50,"column":42},"end":{"line":50,"column":53}}],"line":50},"7":{"loc":{"start":{"line":51,"column":2},"end":{"line":51,"column":73}},"type":"if","locations":[{"start":{"line":51,"column":2},"end":{"line":51,"column":73}},{"start":{},"end":{}}],"line":51},"8":{"loc":{"start":{"line":53,"column":4},"end":{"line":53,"column":42}},"type":"cond-expr","locations":[{"start":{"line":53,"column":19},"end":{"line":53,"column":32}},{"start":{"line":53,"column":35},"end":{"line":53,"column":42}}],"line":53}},"s":{"0":11,"1":11,"2":11,"3":11,"4":11,"5":4,"6":11,"7":4,"8":11,"9":0,"10":11,"11":9947,"12":9947,"13":0,"14":11,"15":5,"16":5,"17":5,"18":5,"19":2,"20":3},"f":{"0":4,"1":4,"2":0,"3":9947,"4":5},"b":{"0":[2],"1":[2,2],"2":[1,2],"3":[9947,0],"4":[5],"5":[2,3],"6":[5,2],"7":[2,3],"8":[1,2]},"_coverageSchema":"1a1c01bbd47fc00a2c39e90264f33305004495a9","hash":"e6defa6dc55ffe608c4f94cf1cc1ba6844588611"}
,"/Users/enguerran/Sites/betagouv/immersion-facile/shared/src/utils/establishment.ts": {"path":"/Users/enguerran/Sites/betagouv/immersion-facile/shared/src/utils/establishment.ts","statementMap":{"0":{"start":{"line":1,"column":40},"end":{"line":21,"column":1}}},"fnMap":{},"branchMap":{},"s":{"0":1},"f":{},"b":{},"_coverageSchema":"1a1c01bbd47fc00a2c39e90264f33305004495a9","hash":"c36236bfe3fdcb8a9d849fb9b115e832588071c6"}
,"/Users/enguerran/Sites/betagouv/immersion-facile/shared/src/utils/json.ts": {"path":"/Users/enguerran/Sites/betagouv/immersion-facile/shared/src/utils/json.ts","statementMap":{"0":{"start":{"line":1,"column":32},"end":{"line":8,"column":1}},"1":{"start":{"line":2,"column":2},"end":{"line":7,"column":3}},"2":{"start":{"line":3,"column":4},"end":{"line":3,"column":48}},"3":{"start":{"line":5,"column":4},"end":{"line":5,"column":21}},"4":{"start":{"line":6,"column":4},"end":{"line":6,"column":23}}},"fnMap":{"0":{"name":"(anonymous_0)","decl":{"start":{"line":1,"column":32},"end":{"line":1,"column":33}},"loc":{"start":{"line":1,"column":57},"end":{"line":8,"column":1}},"line":1}},"branchMap":{},"s":{"0":1,"1":0,"2":0,"3":0,"4":0},"f":{"0":0},"b":{},"_coverageSchema":"1a1c01bbd47fc00a2c39e90264f33305004495a9","hash":"1f9af1ca2dfda87527df9636a49989959d8fe636"}
,"/Users/enguerran/Sites/betagouv/immersion-facile/shared/src/utils/mergeObjectsExpectFalsyValues.ts": {"path":"/Users/enguerran/Sites/betagouv/immersion-facile/shared/src/utils/mergeObjectsExpectFalsyValues.ts","statementMap":{"0":{"start":{"line":3,"column":45},"end":{"line":21,"column":1}},"1":{"start":{"line":7,"column":18},"end":{"line":9,"column":25}},"2":{"start":{"line":11,"column":2},"end":{"line":20,"column":9}},"3":{"start":{"line":12,"column":26},"end":{"line":12,"column":42}},"4":{"start":{"line":13,"column":4},"end":{"line":19,"column":6}}},"fnMap":{"0":{"name":"(anonymous_0)","decl":{"start":{"line":3,"column":45},"end":{"line":3,"column":46}},"loc":{"start":{"line":6,"column":17},"end":{"line":21,"column":1}},"line":6},"1":{"name":"(anonymous_1)","decl":{"start":{"line":11,"column":36},"end":{"line":11,"column":37}},"loc":{"start":{"line":11,"column":50},"end":{"line":20,"column":3}},"line":11}},"branchMap":{"0":{"loc":{"start":{"line":16,"column":8},"end":{"line":18,"column":27}},"type":"cond-expr","locations":[{"start":{"line":17,"column":12},"end":{"line":17,"column":25}},{"start":{"line":18,"column":12},"end":{"line":18,"column":27}}],"line":16},"1":{"loc":{"start":{"line":16,"column":8},"end":{"line":16,"column":48}},"type":"binary-expr","locations":[{"start":{"line":16,"column":8},"end":{"line":16,"column":21}},{"start":{"line":16,"column":25},"end":{"line":16,"column":48}}],"line":16}},"s":{"0":1,"1":0,"2":0,"3":0,"4":0},"f":{"0":0,"1":0},"b":{"0":[0,0],"1":[0,0]},"_coverageSchema":"1a1c01bbd47fc00a2c39e90264f33305004495a9","hash":"88cf542101ff6464a222e8a8eac6707eb3932df3"}
,"/Users/enguerran/Sites/betagouv/immersion-facile/shared/src/utils/postalCode.ts": {"path":"/Users/enguerran/Sites/betagouv/immersion-facile/shared/src/utils/postalCode.ts","statementMap":{"0":{"start":{"line":4,"column":24},"end":{"line":4,"column":47}},"1":{"start":{"line":5,"column":43},"end":{"line":8,"column":1}}},"fnMap":{},"branchMap":{},"s":{"0":3,"1":3},"f":{},"b":{},"_coverageSchema":"1a1c01bbd47fc00a2c39e90264f33305004495a9","hash":"60f943713c184cb3e125864c3bb337a7ddf4912a"}
,"/Users/enguerran/Sites/betagouv/immersion-facile/shared/src/utils/queryParams.ts": {"path":"/Users/enguerran/Sites/betagouv/immersion-facile/shared/src/utils/queryParams.ts","statementMap":{"0":{"start":{"line":10,"column":35},"end":{"line":26,"column":3}},"1":{"start":{"line":13,"column":2},"end":{"line":26,"column":3}},"2":{"start":{"line":17,"column":32},"end":{"line":22,"column":7}}},"fnMap":{"0":{"name":"(anonymous_0)","decl":{"start":{"line":10,"column":35},"end":{"line":10,"column":36}},"loc":{"start":{"line":13,"column":2},"end":{"line":26,"column":3}},"line":13},"1":{"name":"(anonymous_1)","decl":{"start":{"line":17,"column":6},"end":{"line":17,"column":7}},"loc":{"start":{"line":17,"column":32},"end":{"line":22,"column":7}},"line":17}},"branchMap":{"0":{"loc":{"start":{"line":19,"column":12},"end":{"line":21,"column":14}},"type":"cond-expr","locations":[{"start":{"line":20,"column":12},"end":{"line":20,"column":79}},{"start":{"line":21,"column":12},"end":{"line":21,"column":14}}],"line":19}},"s":{"0":2,"1":3,"2":3},"f":{"0":3,"1":3},"b":{"0":[3,0]},"_coverageSchema":"1a1c01bbd47fc00a2c39e90264f33305004495a9","hash":"ef243226f31f0044701dc9a9c02db36b4da92d3d"}
,"/Users/enguerran/Sites/betagouv/immersion-facile/shared/src/utils/searchResult.ts": {"path":"/Users/enguerran/Sites/betagouv/immersion-facile/shared/src/utils/searchResult.ts","statementMap":{"0":{"start":{"line":4,"column":45},"end":{"line":5,"column":74}},"1":{"start":{"line":5,"column":2},"end":{"line":5,"column":74}},"2":{"start":{"line":6,"column":42},"end":{"line":9,"column":26}},"3":{"start":{"line":7,"column":2},"end":{"line":9,"column":26}}},"fnMap":{"0":{"name":"(anonymous_0)","decl":{"start":{"line":4,"column":45},"end":{"line":4,"column":46}},"loc":{"start":{"line":5,"column":2},"end":{"line":5,"column":74}},"line":5},"1":{"name":"(anonymous_1)","decl":{"start":{"line":6,"column":42},"end":{"line":6,"column":43}},"loc":{"start":{"line":7,"column":2},"end":{"line":9,"column":26}},"line":7}},"branchMap":{},"s":{"0":1,"1":0,"2":1,"3":0},"f":{"0":0,"1":0},"b":{},"_coverageSchema":"1a1c01bbd47fc00a2c39e90264f33305004495a9","hash":"cae79d471bfa7d26315ce17e6a6b45bbbc8673c4"}
,"/Users/enguerran/Sites/betagouv/immersion-facile/shared/src/utils/string.ts": {"path":"/Users/enguerran/Sites/betagouv/immersion-facile/shared/src/utils/string.ts","statementMap":{"0":{"start":{"line":3,"column":26},"end":{"line":4,"column":37}},"1":{"start":{"line":4,"column":2},"end":{"line":4,"column":37}},"2":{"start":{"line":6,"column":42},"end":{"line":26,"column":1}},"3":{"start":{"line":11,"column":24},"end":{"line":17,"column":29}},"4":{"start":{"line":18,"column":15},"end":{"line":18,"column":28}},"5":{"start":{"line":19,"column":2},"end":{"line":21,"column":3}},"6":{"start":{"line":20,"column":4},"end":{"line":20,"column":42}},"7":{"start":{"line":22,"column":2},"end":{"line":24,"column":3}},"8":{"start":{"line":23,"column":4},"end":{"line":23,"column":27}},"9":{"start":{"line":25,"column":2},"end":{"line":25,"column":36}},"10":{"start":{"line":28,"column":32},"end":{"line":29,"column":53}},"11":{"start":{"line":29,"column":2},"end":{"line":29,"column":53}},"12":{"start":{"line":31,"column":44},"end":{"line":32,"column":37}},"13":{"start":{"line":32,"column":2},"end":{"line":32,"column":37}},"14":{"start":{"line":34,"column":23},"end":{"line":38,"column":24}},"15":{"start":{"line":35,"column":2},"end":{"line":38,"column":24}},"16":{"start":{"line":40,"column":30},"end":{"line":44,"column":1}},"17":{"start":{"line":41,"column":23},"end":{"line":41,"column":42}},"18":{"start":{"line":42,"column":21},"end":{"line":42,"column":31}},"19":{"start":{"line":43,"column":2},"end":{"line":43,"column":39}},"20":{"start":{"line":46,"column":28},"end":{"line":46,"column":67}},"21":{"start":{"line":46,"column":45},"end":{"line":46,"column":67}},"22":{"start":{"line":48,"column":29},"end":{"line":49,"column":39}},"23":{"start":{"line":49,"column":2},"end":{"line":49,"column":39}},"24":{"start":{"line":51,"column":38},"end":{"line":55,"column":1}},"25":{"start":{"line":53,"column":4},"end":{"line":53,"column":118}},"26":{"start":{"line":54,"column":2},"end":{"line":54,"column":44}},"27":{"start":{"line":57,"column":38},"end":{"line":67,"column":1}},"28":{"start":{"line":58,"column":28},"end":{"line":65,"column":3}},"29":{"start":{"line":59,"column":4},"end":{"line":59,"column":29}},"30":{"start":{"line":59,"column":17},"end":{"line":59,"column":29}},"31":{"start":{"line":60,"column":4},"end":{"line":60,"column":72}},"32":{"start":{"line":60,"column":35},"end":{"line":60,"column":72}},"33":{"start":{"line":61,"column":4},"end":{"line":63,"column":5}},"34":{"start":{"line":62,"column":6},"end":{"line":62,"column":60}},"35":{"start":{"line":64,"column":4},"end":{"line":64,"column":17}},"36":{"start":{"line":66,"column":2},"end":{"line":66,"column":54}}},"fnMap":{"0":{"name":"(anonymous_0)","decl":{"start":{"line":3,"column":26},"end":{"line":3,"column":27}},"loc":{"start":{"line":4,"column":2},"end":{"line":4,"column":37}},"line":4},"1":{"name":"(anonymous_1)","decl":{"start":{"line":6,"column":42},"end":{"line":6,"column":43}},"loc":{"start":{"line":10,"column":5},"end":{"line":26,"column":1}},"line":10},"2":{"name":"(anonymous_2)","decl":{"start":{"line":28,"column":32},"end":{"line":28,"column":33}},"loc":{"start":{"line":29,"column":2},"end":{"line":29,"column":53}},"line":29},"3":{"name":"(anonymous_3)","decl":{"start":{"line":31,"column":44},"end":{"line":31,"column":45}},"loc":{"start":{"line":32,"column":2},"end":{"line":32,"column":37}},"line":32},"4":{"name":"(anonymous_4)","decl":{"start":{"line":34,"column":23},"end":{"line":34,"column":24}},"loc":{"start":{"line":35,"column":2},"end":{"line":38,"column":24}},"line":35},"5":{"name":"(anonymous_5)","decl":{"start":{"line":40,"column":30},"end":{"line":40,"column":31}},"loc":{"start":{"line":40,"column":49},"end":{"line":44,"column":1}},"line":40},"6":{"name":"(anonymous_6)","decl":{"start":{"line":46,"column":28},"end":{"line":46,"column":29}},"loc":{"start":{"line":46,"column":45},"end":{"line":46,"column":67}},"line":46},"7":{"name":"(anonymous_7)","decl":{"start":{"line":48,"column":29},"end":{"line":48,"column":30}},"loc":{"start":{"line":49,"column":2},"end":{"line":49,"column":39}},"line":49},"8":{"name":"(anonymous_8)","decl":{"start":{"line":51,"column":38},"end":{"line":51,"column":39}},"loc":{"start":{"line":51,"column":79},"end":{"line":55,"column":1}},"line":51},"9":{"name":"(anonymous_9)","decl":{"start":{"line":57,"column":38},"end":{"line":57,"column":39}},"loc":{"start":{"line":57,"column":64},"end":{"line":67,"column":1}},"line":57},"10":{"name":"(anonymous_10)","decl":{"start":{"line":58,"column":28},"end":{"line":58,"column":29}},"loc":{"start":{"line":58,"column":75},"end":{"line":65,"column":3}},"line":58}},"branchMap":{"0":{"loc":{"start":{"line":8,"column":2},"end":{"line":8,"column":39}},"type":"default-arg","locations":[{"start":{"line":8,"column":35},"end":{"line":8,"column":39}}],"line":8},"1":{"loc":{"start":{"line":9,"column":2},"end":{"line":9,"column":39}},"type":"default-arg","locations":[{"start":{"line":9,"column":35},"end":{"line":9,"column":39}}],"line":9},"2":{"loc":{"start":{"line":19,"column":2},"end":{"line":21,"column":3}},"type":"if","locations":[{"start":{"line":19,"column":2},"end":{"line":21,"column":3}},{"start":{},"end":{}}],"line":19},"3":{"loc":{"start":{"line":22,"column":2},"end":{"line":24,"column":3}},"type":"if","locations":[{"start":{"line":22,"column":2},"end":{"line":24,"column":3}},{"start":{},"end":{}}],"line":22},"4":{"loc":{"start":{"line":49,"column":2},"end":{"line":49,"column":39}},"type":"binary-expr","locations":[{"start":{"line":49,"column":2},"end":{"line":49,"column":12}},{"start":{"line":49,"column":16},"end":{"line":49,"column":39}}],"line":49},"5":{"loc":{"start":{"line":59,"column":4},"end":{"line":59,"column":29}},"type":"if","locations":[{"start":{"line":59,"column":4},"end":{"line":59,"column":29}},{"start":{},"end":{}}],"line":59},"6":{"loc":{"start":{"line":60,"column":4},"end":{"line":60,"column":72}},"type":"if","locations":[{"start":{"line":60,"column":4},"end":{"line":60,"column":72}},{"start":{},"end":{}}],"line":60},"7":{"loc":{"start":{"line":61,"column":4},"end":{"line":63,"column":5}},"type":"if","locations":[{"start":{"line":61,"column":4},"end":{"line":63,"column":5}},{"start":{},"end":{}}],"line":61},"8":{"loc":{"start":{"line":61,"column":8},"end":{"line":61,"column":51}},"type":"binary-expr","locations":[{"start":{"line":61,"column":8},"end":{"line":61,"column":33}},{"start":{"line":61,"column":37},"end":{"line":61,"column":51}}],"line":61}},"s":{"0":5,"1":0,"2":5,"3":5,"4":5,"5":5,"6":3,"7":5,"8":4,"9":5,"10":5,"11":488,"12":5,"13":483,"14":5,"15":5,"16":5,"17":7,"18":7,"19":7,"20":5,"21":129,"22":5,"23":0,"24":5,"25":7,"26":7,"27":5,"28":0,"29":0,"30":0,"31":0,"32":0,"33":0,"34":0,"35":0,"36":0},"f":{"0":0,"1":5,"2":488,"3":483,"4":5,"5":7,"6":129,"7":0,"8":7,"9":0,"10":0},"b":{"0":[0],"1":[0],"2":[3,2],"3":[4,1],"4":[0,0],"5":[0,0],"6":[0,0],"7":[0,0],"8":[0,0]},"_coverageSchema":"1a1c01bbd47fc00a2c39e90264f33305004495a9","hash":"13de45267b49ae6953c557ac3317dad4baff50ee"}
,"/Users/enguerran/Sites/betagouv/immersion-facile/shared/src/utils/toDotNotation.ts": {"path":"/Users/enguerran/Sites/betagouv/immersion-facile/shared/src/utils/toDotNotation.ts","statementMap":{"0":{"start":{"line":1,"column":29},"end":{"line":13,"column":8}},"1":{"start":{"line":2,"column":2},"end":{"line":13,"column":8}},"2":{"start":{"line":3,"column":18},"end":{"line":3,"column":50}},"3":{"start":{"line":4,"column":22},"end":{"line":4,"column":66}},"4":{"start":{"line":6,"column":4},"end":{"line":10,"column":5}},"5":{"start":{"line":7,"column":6},"end":{"line":9,"column":14}},"6":{"start":{"line":12,"column":4},"end":{"line":12,"column":42}}},"fnMap":{"0":{"name":"(anonymous_0)","decl":{"start":{"line":1,"column":29},"end":{"line":1,"column":30}},"loc":{"start":{"line":2,"column":2},"end":{"line":13,"column":8}},"line":2},"1":{"name":"(anonymous_1)","decl":{"start":{"line":2,"column":34},"end":{"line":2,"column":35}},"loc":{"start":{"line":2,"column":56},"end":{"line":13,"column":3}},"line":2}},"branchMap":{"0":{"loc":{"start":{"line":2,"column":14},"end":{"line":2,"column":25}},"type":"binary-expr","locations":[{"start":{"line":2,"column":14},"end":{"line":2,"column":19}},{"start":{"line":2,"column":23},"end":{"line":2,"column":25}}],"line":2},"1":{"loc":{"start":{"line":4,"column":22},"end":{"line":4,"column":66}},"type":"cond-expr","locations":[{"start":{"line":4,"column":34},"end":{"line":4,"column":55}},{"start":{"line":4,"column":58},"end":{"line":4,"column":66}}],"line":4},"2":{"loc":{"start":{"line":6,"column":4},"end":{"line":10,"column":5}},"type":"if","locations":[{"start":{"line":6,"column":4},"end":{"line":10,"column":5}},{"start":{},"end":{}}],"line":6},"3":{"loc":{"start":{"line":6,"column":8},"end":{"line":6,"column":42}},"type":"binary-expr","locations":[{"start":{"line":6,"column":8},"end":{"line":6,"column":13}},{"start":{"line":6,"column":17},"end":{"line":6,"column":42}}],"line":6},"4":{"loc":{"start":{"line":7,"column":13},"end":{"line":9,"column":13}},"type":"cond-expr","locations":[{"start":{"line":8,"column":10},"end":{"line":8,"column":56}},{"start":{"line":9,"column":10},"end":{"line":9,"column":13}}],"line":7}},"s":{"0":2,"1":14,"2":36,"3":36,"4":36,"5":14,"6":22},"f":{"0":14,"1":36},"b":{"0":[14,0],"1":[27,9],"2":[14,22],"3":[36,36],"4":[10,4]},"_coverageSchema":"1a1c01bbd47fc00a2c39e90264f33305004495a9","hash":"f57dfe34926b7e96c5deffd5069686e6f81aa0ff"}
}
