TN:
SF:src/AbsoluteUrl.ts
FN:17,(anonymous_0)
FN:29,(anonymous_1)
FNF:2
FNH:2
FNDA:4,(anonymous_0)
FNDA:8,(anonymous_1)
DA:7,3
DA:16,3
DA:18,4
DA:29,3
DA:30,8
LF:5
LH:5
BRDA:19,0,0,4
BRDA:19,0,1,3
BRDA:19,0,2,2
BRDA:30,1,0,6
BRDA:30,1,1,2
BRF:5
BRH:5
end_of_record
TN:
SF:src/Builder.ts
FNF:0
FNH:0
LF:0
LH:0
BRF:0
BRH:0
end_of_record
TN:
SF:src/ShareLinkByEmailDto.ts
FNF:0
FNH:0
DA:14,1
LF:1
LH:1
BRF:0
BRH:0
end_of_record
TN:
SF:src/acquisition.dto.ts
FNF:0
FNH:0
DA:8,2
LF:1
LH:1
BRF:0
BRH:0
end_of_record
TN:
SF:src/domElementIds.ts
FN:38,(anonymous_0)
FN:39,(anonymous_1)
FN:40,(anonymous_2)
FN:41,(anonymous_3)
FN:215,(anonymous_4)
FN:405,(anonymous_5)
FN:407,(anonymous_6)
FN:450,(anonymous_7)
FN:452,(anonymous_8)
FN:467,(anonymous_9)
FN:469,(anonymous_10)
FN:534,(anonymous_11)
FN:536,(anonymous_12)
FN:566,(anonymous_13)
FN:584,(anonymous_14)
FNF:15
FNH:4
FNDA:21,(anonymous_0)
FNDA:12,(anonymous_1)
FNDA:13,(anonymous_2)
FNDA:23,(anonymous_3)
FNDA:0,(anonymous_4)
FNDA:0,(anonymous_5)
FNDA:0,(anonymous_6)
FNDA:0,(anonymous_7)
FNDA:0,(anonymous_8)
FNDA:0,(anonymous_9)
FNDA:0,(anonymous_10)
FNDA:0,(anonymous_11)
FNDA:0,(anonymous_12)
FNDA:0,(anonymous_13)
FNDA:0,(anonymous_14)
DA:38,21
DA:39,12
DA:40,13
DA:41,23
DA:43,1
DA:216,0
DA:406,0
DA:408,0
DA:451,0
DA:453,0
DA:468,0
DA:470,0
DA:535,0
DA:537,0
DA:567,0
DA:585,0
LF:16
LH:5
BRF:0
BRH:0
end_of_record
TN:
SF:src/envHelpers.ts
FN:11,(anonymous_0)
FN:12,(anonymous_1)
FN:30,(anonymous_2)
FN:30,(anonymous_3)
FN:38,(anonymous_4)
FN:39,(anonymous_5)
FN:58,(anonymous_6)
FN:59,(anonymous_7)
FN:78,(anonymous_8)
FN:79,(anonymous_9)
FNF:10
FNH:0
FNDA:0,(anonymous_0)
FNDA:0,(anonymous_1)
FNDA:0,(anonymous_2)
FNDA:0,(anonymous_3)
FNDA:0,(anonymous_4)
FNDA:0,(anonymous_5)
FNDA:0,(anonymous_6)
FNDA:0,(anonymous_7)
FNDA:0,(anonymous_8)
FNDA:0,(anonymous_9)
DA:11,1
DA:12,0
DA:17,0
DA:19,0
DA:20,0
DA:21,0
DA:26,0
DA:30,1
DA:31,0
DA:32,0
DA:33,0
DA:34,0
DA:38,1
DA:39,0
DA:43,0
DA:44,0
DA:46,0
DA:47,0
DA:48,0
DA:52,0
DA:58,1
DA:59,0
DA:60,0
DA:61,0
DA:62,0
DA:63,0
DA:66,0
DA:78,1
DA:79,0
DA:80,0
DA:81,0
LF:31
LH:5
BRDA:19,0,0,0
BRDA:19,0,1,0
BRDA:20,1,0,0
BRDA:20,1,1,0
BRDA:31,2,0,0
BRDA:31,2,1,0
BRDA:32,3,0,0
BRDA:32,3,1,0
BRDA:43,4,0,0
BRDA:43,4,1,0
BRDA:44,5,0,0
BRDA:44,5,1,0
BRDA:47,6,0,0
BRDA:47,6,1,0
BRDA:61,7,0,0
BRDA:61,7,1,0
BRDA:62,8,0,0
BRDA:62,8,1,0
BRF:18
BRH:0
end_of_record
TN:
SF:src/environment.ts
FNF:0
FNH:0
DA:1,1
LF:1
LH:1
BRF:0
BRH:0
end_of_record
TN:
SF:src/headers.ts
FN:14,(anonymous_0)
FNF:1
FNH:0
FNDA:0,(anonymous_0)
DA:7,1
DA:13,1
DA:15,0
DA:21,1
LF:4
LH:3
BRF:0
BRH:0
end_of_record
TN:
SF:src/index.ts
FNF:0
FNH:0
LF:0
LH:0
BRF:0
BRH:0
end_of_record
TN:
SF:src/npsForms.ts
FNF:0
FNH:0
DA:1,1
LF:1
LH:1
BRF:0
BRH:0
end_of_record
TN:
SF:src/phone.schema.ts
FN:9,(anonymous_0)
FN:10,(anonymous_1)
FN:24,(anonymous_2)
FNF:3
FNH:2
FNDA:432,(anonymous_0)
FNDA:456,(anonymous_1)
FNDA:0,(anonymous_2)
DA:7,3
DA:9,3
DA:10,432
DA:11,456
DA:14,432
DA:15,6
DA:19,6
DA:21,426
DA:24,3
DA:29,0
LF:10
LH:9
BRDA:14,0,0,6
BRDA:14,0,1,426
BRF:2
BRH:2
end_of_record
TN:
SF:src/pipeWithValue.ts
FN:70,pipeWithValue
FNF:1
FNH:1
FNDA:7,pipeWithValue
DA:82,7
DA:84,0
DA:86,0
DA:88,0
DA:90,7
DA:92,0
DA:94,0
DA:96,0
DA:98,0
DA:100,0
DA:102,0
LF:11
LH:2
BRDA:82,0,0,0
BRDA:82,0,1,0
BRDA:82,0,2,0
BRDA:82,0,3,7
BRDA:82,0,4,0
BRDA:82,0,5,0
BRDA:82,0,6,0
BRDA:82,0,7,0
BRDA:82,0,8,0
BRDA:82,0,9,0
BRF:10
BRH:1
end_of_record
TN:
SF:src/rome.ts
FNF:0
FNH:0
DA:4,1
DA:6,1
LF:2
LH:2
BRF:0
BRH:0
end_of_record
TN:
SF:src/tallyForm.ts
FN:37,(anonymous_0)
FN:41,(anonymous_1)
FN:43,(anonymous_2)
FNF:3
FNH:0
FNDA:0,(anonymous_0)
FNDA:0,(anonymous_1)
FNDA:0,(anonymous_2)
DA:5,1
DA:37,1
DA:41,0
DA:42,0
DA:43,0
DA:45,0
LF:6
LH:2
BRDA:42,0,0,0
BRDA:42,0,1,0
BRDA:42,1,0,0
BRDA:42,1,1,0
BRF:4
BRH:0
end_of_record
TN:
SF:src/test.helpers.ts
FN:6,(anonymous_0)
FN:10,(anonymous_1)
FN:21,(anonymous_2)
FN:36,(anonymous_3)
FN:40,(anonymous_4)
FN:44,(anonymous_5)
FN:53,(anonymous_6)
FN:61,(anonymous_7)
FN:68,(anonymous_8)
FN:70,(anonymous_9)
FN:81,(anonymous_10)
FN:85,(anonymous_11)
FN:96,(anonymous_12)
FN:100,(anonymous_13)
FN:107,(anonymous_14)
FNF:15
FNH:3
FNDA:0,(anonymous_0)
FNDA:0,(anonymous_1)
FNDA:0,(anonymous_2)
FNDA:0,(anonymous_3)
FNDA:0,(anonymous_4)
FNDA:0,(anonymous_5)
FNDA:0,(anonymous_6)
FNDA:1,(anonymous_7)
FNDA:18,(anonymous_8)
FNDA:0,(anonymous_9)
FNDA:64,(anonymous_10)
FNDA:0,(anonymous_11)
FNDA:0,(anonymous_12)
FNDA:0,(anonymous_13)
FNDA:0,(anonymous_14)
DA:6,5
DA:7,0
DA:10,5
DA:14,0
DA:15,0
DA:16,0
DA:17,0
DA:21,5
DA:25,0
DA:26,0
DA:27,0
DA:29,0
DA:30,0
DA:31,0
DA:32,0
DA:36,5
DA:37,0
DA:40,5
DA:41,0
DA:44,5
DA:45,0
DA:46,0
DA:47,0
DA:48,0
DA:49,0
DA:50,0
DA:53,5
DA:57,0
DA:58,0
DA:61,5
DA:68,18
DA:70,5
DA:77,0
DA:78,0
DA:81,5
DA:82,64
DA:85,5
DA:91,0
DA:92,0
DA:93,0
DA:96,5
DA:97,0
DA:100,5
DA:104,0
DA:107,5
DA:108,0
LF:46
LH:16
BRDA:16,0,0,0
BRDA:16,0,1,0
BRDA:30,1,0,0
BRDA:30,1,1,0
BRDA:93,2,0,0
BRDA:93,2,1,0
BRF:6
BRH:0
end_of_record
TN:
SF:src/typeFlavors.ts
FNF:0
FNH:0
LF:0
LH:0
BRF:0
BRH:0
end_of_record
TN:
SF:src/typeGuard.ts
FN:2,(anonymous_0)
FN:3,(anonymous_1)
FN:6,(anonymous_2)
FNF:3
FNH:2
FNDA:2,(anonymous_0)
FNDA:0,(anonymous_1)
FNDA:8,(anonymous_2)
DA:2,2
DA:3,2
DA:4,0
DA:6,8
LF:4
LH:3
BRF:0
BRH:0
end_of_record
TN:
SF:src/utils.ts
FN:9,(anonymous_0)
FN:10,(anonymous_1)
FN:14,(anonymous_2)
FN:18,(anonymous_3)
FN:21,(anonymous_4)
FN:26,(anonymous_5)
FN:28,(anonymous_6)
FN:33,(anonymous_7)
FN:64,(anonymous_8)
FN:69,(anonymous_9)
FN:71,(anonymous_10)
FN:72,(anonymous_11)
FN:74,(anonymous_12)
FN:87,(anonymous_13)
FN:96,(anonymous_14)
FN:112,(anonymous_15)
FN:118,(anonymous_16)
FN:148,(anonymous_17)
FN:167,(anonymous_18)
FN:172,(anonymous_19)
FN:182,(anonymous_20)
FN:185,(anonymous_21)
FN:195,(anonymous_22)
FN:200,(anonymous_23)
FN:200,(anonymous_24)
FNF:25
FNH:3
FNDA:0,(anonymous_0)
FNDA:0,(anonymous_1)
FNDA:0,(anonymous_2)
FNDA:0,(anonymous_3)
FNDA:0,(anonymous_4)
FNDA:0,(anonymous_5)
FNDA:0,(anonymous_6)
FNDA:0,(anonymous_7)
FNDA:0,(anonymous_8)
FNDA:0,(anonymous_9)
FNDA:0,(anonymous_10)
FNDA:0,(anonymous_11)
FNDA:0,(anonymous_12)
FNDA:0,(anonymous_13)
FNDA:0,(anonymous_14)
FNDA:0,(anonymous_15)
FNDA:0,(anonymous_16)
FNDA:0,(anonymous_17)
FNDA:1,(anonymous_18)
FNDA:5,(anonymous_19)
FNDA:327,(anonymous_20)
FNDA:0,(anonymous_21)
FNDA:0,(anonymous_22)
FNDA:0,(anonymous_23)
FNDA:0,(anonymous_24)
DA:9,3
DA:10,0
DA:11,0
DA:14,3
DA:17,0
DA:19,0
DA:21,0
DA:26,3
DA:28,3
DA:33,3
DA:37,0
DA:38,0
DA:64,3
DA:66,0
DA:69,3
DA:71,3
DA:72,0
DA:74,3
DA:78,0
DA:87,3
DA:92,0
DA:93,0
DA:96,3
DA:100,0
DA:104,0
DA:106,0
DA:108,0
DA:109,0
DA:112,3
DA:116,0
DA:119,0
DA:120,0
DA:148,3
DA:149,0
DA:150,0
DA:167,3
DA:170,1
DA:171,1
DA:173,5
DA:182,3
DA:183,327
DA:185,3
DA:186,0
DA:187,0
DA:188,0
DA:189,0
DA:191,0
DA:195,3
DA:196,0
DA:200,3
LF:50
LH:22
BRDA:72,0,0,0
BRDA:72,0,1,0
BRDA:101,1,0,0
BRDA:101,1,1,0
BRDA:108,2,0,0
BRDA:108,2,1,0
BRDA:119,3,0,0
BRDA:120,4,0,0
BRDA:120,4,1,0
BRDA:173,5,0,4
BRDA:173,5,1,1
BRDA:183,6,0,325
BRDA:183,6,1,2
BRDA:186,7,0,0
BRDA:186,7,1,0
BRDA:189,8,0,0
BRDA:189,8,1,0
BRDA:196,9,0,0
BRDA:196,9,1,0
BRF:19
BRH:4
end_of_record
TN:
SF:src/zodUtils.ts
FN:6,(anonymous_0)
FN:56,(anonymous_1)
FN:81,(anonymous_2)
FN:84,(anonymous_3)
FN:93,(anonymous_4)
FN:95,(anonymous_5)
FN:96,(anonymous_6)
FN:102,(anonymous_7)
FN:119,(anonymous_8)
FN:135,(anonymous_9)
FN:136,(anonymous_10)
FN:141,(anonymous_11)
FN:145,(anonymous_12)
FN:150,(anonymous_13)
FNF:14
FNH:8
FNDA:203,(anonymous_0)
FNDA:33,(anonymous_1)
FNDA:12,(anonymous_2)
FNDA:21,(anonymous_3)
FNDA:0,(anonymous_4)
FNDA:0,(anonymous_5)
FNDA:0,(anonymous_6)
FNDA:12,(anonymous_7)
FNDA:10,(anonymous_8)
FNDA:3,(anonymous_9)
FNDA:3,(anonymous_10)
FNDA:0,(anonymous_11)
FNDA:0,(anonymous_12)
FNDA:0,(anonymous_13)
DA:6,10
DA:7,203
DA:8,4
DA:12,199
DA:13,0
DA:17,199
DA:18,0
DA:25,199
DA:26,37
DA:30,162
DA:33,10
DA:56,33
DA:64,10
DA:69,10
DA:74,10
DA:79,10
DA:81,10
DA:82,12
DA:84,10
DA:85,21
DA:87,10
DA:89,10
DA:93,10
DA:94,0
DA:95,0
DA:96,0
DA:98,10
DA:100,10
DA:103,12
DA:106,10
DA:108,10
DA:110,10
DA:114,10
DA:117,10
DA:119,10
DA:123,10
DA:135,10
DA:136,3
DA:137,3
DA:139,10
DA:141,10
DA:145,0
DA:146,0
DA:148,0
DA:149,0
DA:151,0
DA:155,0
DA:158,0
DA:159,0
DA:160,0
DA:161,0
DA:164,0
LF:52
LH:36
BRDA:7,0,0,4
BRDA:7,0,1,199
BRDA:7,1,0,203
BRDA:7,1,1,43
BRDA:12,2,0,0
BRDA:12,2,1,199
BRDA:17,3,0,0
BRDA:17,3,1,199
BRDA:17,4,0,199
BRDA:17,4,1,39
BRDA:20,5,0,0
BRDA:20,5,1,0
BRDA:20,6,0,0
BRDA:20,6,1,0
BRDA:25,7,0,37
BRDA:25,7,1,162
BRDA:25,8,0,199
BRDA:25,8,1,39
BRDA:103,9,0,12
BRDA:103,9,1,2
BRDA:143,10,0,0
BRDA:146,11,0,0
BRDA:146,11,1,0
BRDA:148,12,0,0
BRDA:148,12,1,0
BRDA:148,13,0,0
BRDA:148,13,1,0
BRDA:160,14,0,0
BRDA:160,14,1,0
BRF:29
BRH:14
end_of_record
TN:
SF:src/address/address.dto.ts
FN:164,(anonymous_0)
FN:179,(anonymous_1)
FN:183,(anonymous_2)
FN:187,(anonymous_3)
FNF:4
FNH:0
FNDA:0,(anonymous_0)
FNDA:0,(anonymous_1)
FNDA:0,(anonymous_2)
FNDA:0,(anonymous_3)
DA:46,1
DA:156,1
DA:176,0
DA:180,0
DA:184,0
DA:188,0
LF:6
LH:2
BRDA:165,0,0,0
BRF:1
BRH:0
end_of_record
TN:
SF:src/address/address.response.ts
FNF:0
FNH:0
DA:9,1
LF:1
LH:1
BRF:0
BRH:0
end_of_record
TN:
SF:src/address/address.schema.ts
FN:49,(anonymous_0)
FN:57,(anonymous_1)
FNF:2
FNH:0
FNDA:0,(anonymous_0)
FNDA:0,(anonymous_1)
DA:13,2
DA:15,2
DA:22,2
DA:27,2
DA:33,2
DA:36,2
DA:38,2
DA:39,2
DA:42,2
DA:44,2
DA:50,0
DA:54,0
DA:57,0
DA:63,2
LF:14
LH:11
BRF:0
BRH:0
end_of_record
TN:
SF:src/admin/admin.dto.ts
FN:34,(anonymous_0)
FN:38,(anonymous_1)
FNF:2
FNH:0
FNDA:0,(anonymous_0)
FNDA:0,(anonymous_1)
DA:34,1
DA:36,0
DA:38,1
DA:40,0
LF:4
LH:2
BRF:0
BRH:0
end_of_record
TN:
SF:src/admin/admin.routes.ts
FNF:0
FNH:0
DA:31,1
LF:1
LH:1
BRF:0
BRH:0
end_of_record
TN:
SF:src/admin/admin.schema.ts
FNF:0
FNH:0
DA:22,1
DA:28,1
DA:37,1
DA:43,1
DA:54,1
DA:59,1
DA:63,1
LF:7
LH:7
BRF:0
BRH:0
end_of_record
TN:
SF:src/admin/adminTabs.ts
FN:12,(anonymous_0)
FN:16,(anonymous_1)
FN:20,(anonymous_2)
FN:24,(anonymous_3)
FN:28,(anonymous_4)
FN:32,(anonymous_5)
FN:36,(anonymous_6)
FN:40,(anonymous_7)
FNF:8
FNH:0
FNDA:0,(anonymous_0)
FNDA:0,(anonymous_1)
FNDA:0,(anonymous_2)
FNDA:0,(anonymous_3)
FNDA:0,(anonymous_4)
FNDA:0,(anonymous_5)
FNDA:0,(anonymous_6)
FNDA:0,(anonymous_7)
DA:9,1
DA:12,0
DA:16,0
DA:20,0
DA:24,0
DA:28,0
DA:32,0
DA:36,0
DA:40,0
DA:44,1
LF:10
LH:2
BRF:0
BRH:0
end_of_record
TN:
SF:src/agency/AgencyDtoBuilder.ts
FN:46,(anonymous_0)
FN:50,(anonymous_1)
FN:57,(anonymous_2)
FN:61,(anonymous_3)
FN:65,(anonymous_4)
FN:78,(anonymous_5)
FN:85,(anonymous_6)
FN:92,(anonymous_7)
FN:99,(anonymous_8)
FN:106,(anonymous_9)
FN:113,(anonymous_10)
FN:120,(anonymous_11)
FN:127,(anonymous_12)
FN:137,(anonymous_13)
FN:148,(anonymous_14)
FN:155,(anonymous_15)
FN:162,(anonymous_16)
FN:169,(anonymous_17)
FNF:18
FNH:0
FNDA:0,(anonymous_0)
FNDA:0,(anonymous_1)
FNDA:0,(anonymous_2)
FNDA:0,(anonymous_3)
FNDA:0,(anonymous_4)
FNDA:0,(anonymous_5)
FNDA:0,(anonymous_6)
FNDA:0,(anonymous_7)
FNDA:0,(anonymous_8)
FNDA:0,(anonymous_9)
FNDA:0,(anonymous_10)
FNDA:0,(anonymous_11)
FNDA:0,(anonymous_12)
FNDA:0,(anonymous_13)
FNDA:0,(anonymous_14)
FNDA:0,(anonymous_15)
FNDA:0,(anonymous_16)
FNDA:0,(anonymous_17)
DA:12,1
DA:19,1
DA:21,1
DA:47,0
DA:51,0
DA:58,0
DA:62,0
DA:66,0
DA:79,0
DA:86,0
DA:93,0
DA:100,0
DA:107,0
DA:114,0
DA:121,0
DA:128,0
DA:140,0
DA:149,0
DA:156,0
DA:163,0
DA:170,0
LF:21
LH:3
BRDA:46,0,0,0
BRDA:53,1,0,0
BRDA:53,1,1,0
BRDA:71,2,0,0
BRDA:71,2,1,0
BRDA:142,3,0,0
BRDA:142,3,1,0
BRF:7
BRH:0
end_of_record
TN:
SF:src/agency/agency.dto.ts
FN:131,(anonymous_0)
FN:189,(anonymous_1)
FNF:2
FNH:1
FNDA:22,(anonymous_0)
FNDA:0,(anonymous_1)
DA:17,2
DA:84,2
DA:92,2
DA:109,2
DA:123,2
DA:128,2
DA:130,2
DA:131,22
DA:143,2
DA:145,2
DA:181,2
DA:189,2
DA:192,0
LF:13
LH:12
BRDA:193,0,0,0
BRDA:193,0,1,0
BRF:2
BRH:0
end_of_record
TN:
SF:src/agency/agency.schema.ts
FN:82,(anonymous_0)
FN:108,(anonymous_1)
FNF:2
FNH:0
FNDA:0,(anonymous_0)
FNDA:0,(anonymous_1)
DA:38,2
DA:39,2
DA:40,2
DA:44,2
DA:51,2
DA:53,2
DA:57,2
DA:59,2
DA:69,2
DA:72,2
DA:80,2
DA:82,0
DA:87,2
DA:99,2
DA:109,0
DA:113,0
DA:122,2
DA:135,2
DA:140,2
DA:155,2
DA:169,2
DA:174,2
DA:179,2
DA:191,2
DA:193,2
LF:25
LH:22
BRDA:109,0,0,0
BRDA:109,0,1,0
BRDA:110,1,0,0
BRDA:110,1,1,0
BRF:4
BRH:0
end_of_record
TN:
SF:src/agency/agency.utils.ts
FN:7,(anonymous_0)
FN:46,(anonymous_1)
FN:50,(anonymous_2)
FN:56,(anonymous_3)
FN:58,(anonymous_4)
FNF:5
FNH:0
FNDA:0,(anonymous_0)
FNDA:0,(anonymous_1)
FNDA:0,(anonymous_2)
FNDA:0,(anonymous_3)
FNDA:0,(anonymous_4)
DA:7,1
DA:11,0
DA:16,0
DA:21,0
DA:46,1
DA:49,0
DA:50,0
DA:53,0
DA:56,1
DA:57,0
DA:58,0
DA:61,0
LF:12
LH:3
BRDA:11,0,0,0
BRDA:11,0,1,0
BRDA:12,1,0,0
BRDA:12,1,1,0
BRDA:12,1,2,0
BRDA:31,2,0,0
BRDA:31,2,1,0
BRDA:31,3,0,0
BRDA:31,3,1,0
BRF:9
BRH:0
end_of_record
TN:
SF:src/agency/publicAgency.dto.ts
FNF:0
FNH:0
LF:0
LH:0
BRF:0
BRH:0
end_of_record
TN:
SF:src/agency/publicAgency.schema.ts
FNF:0
FNH:0
DA:16,1
DA:28,1
DA:35,1
LF:3
LH:3
BRF:0
BRH:0
end_of_record
TN:
SF:src/agency-group/agencyGroup.ts
FNF:0
FNH:0
LF:0
LH:0
BRF:0
BRH:0
end_of_record
TN:
SF:src/apiConsumer/ApiConsumer.ts
FN:80,(anonymous_0)
FN:104,(anonymous_1)
FN:136,(anonymous_2)
FN:163,(anonymous_3)
FN:167,(anonymous_4)
FN:169,(anonymous_5)
FNF:6
FNH:0
FNDA:0,(anonymous_0)
FNDA:0,(anonymous_1)
FNDA:0,(anonymous_2)
FNDA:0,(anonymous_3)
FNDA:0,(anonymous_4)
FNDA:0,(anonymous_5)
DA:18,1
DA:38,1
DA:57,1
DA:80,1
DA:89,0
DA:91,1
DA:104,1
DA:107,0
DA:110,0
DA:136,1
DA:138,0
DA:163,1
DA:167,0
DA:168,0
DA:169,0
LF:15
LH:8
BRDA:89,0,0,0
BRDA:89,0,1,0
BRF:2
BRH:0
end_of_record
TN:
SF:src/apiConsumer/apiConsumer.schema.ts
FNF:0
FNH:0
DA:30,1
DA:38,1
DA:40,1
DA:46,1
DA:53,1
DA:60,1
DA:65,1
DA:69,1
DA:75,1
DA:77,1
DA:81,1
DA:96,1
DA:102,1
DA:108,1
DA:116,1
DA:122,1
DA:132,1
DA:134,1
DA:141,1
DA:143,1
LF:20
LH:20
BRF:0
BRH:0
end_of_record
TN:
SF:src/assessment/AssessmentDtoBuilder.ts
FN:26,(anonymous_0)
FN:27,(anonymous_1)
FN:30,(anonymous_2)
FN:34,(anonymous_3)
FN:38,(anonymous_4)
FNF:5
FNH:0
FNDA:0,(anonymous_0)
FNDA:0,(anonymous_1)
FNDA:0,(anonymous_2)
FNDA:0,(anonymous_3)
FNDA:0,(anonymous_4)
DA:5,1
DA:13,1
DA:28,0
DA:31,0
DA:32,0
DA:35,0
DA:36,0
DA:39,0
DA:40,0
LF:9
LH:2
BRDA:26,0,0,0
BRF:1
BRH:0
end_of_record
TN:
SF:src/assessment/assessment.dto.ts
FNF:0
FNH:0
DA:5,1
DA:10,1
LF:2
LH:2
BRF:0
BRH:0
end_of_record
TN:
SF:src/assessment/assessment.helpers.ts
FN:7,(anonymous_0)
FN:20,(anonymous_1)
FN:26,(anonymous_2)
FN:37,(anonymous_3)
FN:38,(anonymous_4)
FNF:5
FNH:0
FNDA:0,(anonymous_0)
FNDA:0,(anonymous_1)
FNDA:0,(anonymous_2)
FNDA:0,(anonymous_3)
FNDA:0,(anonymous_4)
DA:7,1
DA:18,0
DA:21,0
DA:27,0
DA:37,0
DA:38,0
LF:6
LH:1
BRDA:32,0,0,0
BRDA:32,0,1,0
BRF:2
BRH:0
end_of_record
TN:
SF:src/assessment/assessment.schema.ts
FN:26,(anonymous_0)
FN:56,(anonymous_1)
FN:77,(anonymous_2)
FNF:3
FNH:0
FNDA:0,(anonymous_0)
FNDA:0,(anonymous_1)
FNDA:0,(anonymous_2)
DA:13,1
DA:27,0
DA:28,0
DA:32,0
DA:38,1
DA:44,1
DA:56,0
DA:59,1
DA:67,1
DA:71,1
DA:77,0
LF:11
LH:6
BRDA:27,0,0,0
BRDA:27,0,1,0
BRDA:32,1,0,0
BRDA:32,1,1,0
BRF:4
BRH:0
end_of_record
TN:
SF:src/contactEstablishmentRequest/contactEstablishmentRequest.dto.ts
FNF:0
FNH:0
LF:0
LH:0
BRF:0
BRH:0
end_of_record
TN:
SF:src/contactEstablishmentRequest/contactEstablishmentRequest.schema.ts
FNF:0
FNH:0
DA:26,1
DA:35,1
DA:36,1
DA:37,1
DA:39,1
DA:45,1
DA:57,1
DA:69,1
DA:75,1
DA:81,1
DA:90,1
LF:11
LH:11
BRF:0
BRH:0
end_of_record
TN:
SF:src/contactEstablishmentRequest/legacyContactEstablishmentRequest.dto.ts
FNF:0
FNH:0
LF:0
LH:0
BRF:0
BRH:0
end_of_record
TN:
SF:src/contactEstablishmentRequest/legacyContactEstablishmentRequest.schema.ts
FNF:0
FNH:0
DA:30,1
DA:39,1
DA:45,1
DA:55,1
DA:61,1
DA:67,1
LF:6
LH:6
BRF:0
BRH:0
end_of_record
TN:
SF:src/convention/ConventionDtoBuilder.ts
FN:116,(anonymous_0)
FN:118,(anonymous_1)
FN:122,(anonymous_2)
FN:180,(anonymous_3)
FN:187,(anonymous_4)
FN:200,(anonymous_5)
FN:207,(anonymous_6)
FN:214,(anonymous_7)
FN:218,(anonymous_8)
FN:225,(anonymous_9)
FN:253,(anonymous_10)
FN:260,(anonymous_11)
FN:291,(anonymous_12)
FN:295,(anonymous_13)
FN:299,(anonymous_14)
FN:308,(anonymous_15)
FN:315,(anonymous_16)
FN:322,(anonymous_17)
FN:326,(anonymous_18)
FN:357,(anonymous_19)
FN:398,(anonymous_20)
FN:409,(anonymous_21)
FN:416,(anonymous_22)
FN:420,(anonymous_23)
FN:426,(anonymous_24)
FN:430,(anonymous_25)
FN:434,(anonymous_26)
FN:438,(anonymous_27)
FN:444,(anonymous_28)
FN:475,(anonymous_29)
FN:482,(anonymous_30)
FN:489,(anonymous_31)
FN:496,(anonymous_32)
FN:503,(anonymous_33)
FN:510,(anonymous_34)
FN:519,(anonymous_35)
FN:523,(anonymous_36)
FN:532,(anonymous_37)
FN:541,(anonymous_38)
FN:545,(anonymous_39)
FN:554,(anonymous_40)
FN:558,(anonymous_41)
FN:565,(anonymous_42)
FN:574,(anonymous_43)
FN:583,(anonymous_44)
FN:592,(anonymous_45)
FN:601,(anonymous_46)
FN:634,(anonymous_47)
FN:638,(anonymous_48)
FN:645,(anonymous_49)
FN:652,(anonymous_50)
FN:659,(anonymous_51)
FN:668,(anonymous_52)
FN:677,(anonymous_53)
FN:696,(anonymous_54)
FN:700,(anonymous_55)
FN:704,(anonymous_56)
FN:711,(anonymous_57)
FN:723,(anonymous_58)
FN:735,(anonymous_59)
FNF:60
FNH:22
FNDA:201,(anonymous_0)
FNDA:60,(anonymous_1)
FNDA:9,(anonymous_2)
FNDA:0,(anonymous_3)
FNDA:0,(anonymous_4)
FNDA:0,(anonymous_5)
FNDA:0,(anonymous_6)
FNDA:0,(anonymous_7)
FNDA:0,(anonymous_8)
FNDA:19,(anonymous_9)
FNDA:2,(anonymous_10)
FNDA:1,(anonymous_11)
FNDA:0,(anonymous_12)
FNDA:5,(anonymous_13)
FNDA:2,(anonymous_14)
FNDA:0,(anonymous_15)
FNDA:0,(anonymous_16)
FNDA:2,(anonymous_17)
FNDA:9,(anonymous_18)
FNDA:0,(anonymous_19)
FNDA:0,(anonymous_20)
FNDA:0,(anonymous_21)
FNDA:0,(anonymous_22)
FNDA:0,(anonymous_23)
FNDA:21,(anonymous_24)
FNDA:21,(anonymous_25)
FNDA:8,(anonymous_26)
FNDA:0,(anonymous_27)
FNDA:2,(anonymous_28)
FNDA:2,(anonymous_29)
FNDA:0,(anonymous_30)
FNDA:0,(anonymous_31)
FNDA:0,(anonymous_32)
FNDA:0,(anonymous_33)
FNDA:5,(anonymous_34)
FNDA:3,(anonymous_35)
FNDA:0,(anonymous_36)
FNDA:0,(anonymous_37)
FNDA:1,(anonymous_38)
FNDA:0,(anonymous_39)
FNDA:1,(anonymous_40)
FNDA:0,(anonymous_41)
FNDA:0,(anonymous_42)
FNDA:0,(anonymous_43)
FNDA:0,(anonymous_44)
FNDA:0,(anonymous_45)
FNDA:13,(anonymous_46)
FNDA:0,(anonymous_47)
FNDA:0,(anonymous_48)
FNDA:0,(anonymous_49)
FNDA:0,(anonymous_50)
FNDA:0,(anonymous_51)
FNDA:0,(anonymous_52)
FNDA:25,(anonymous_53)
FNDA:0,(anonymous_54)
FNDA:9,(anonymous_55)
FNDA:0,(anonymous_56)
FNDA:0,(anonymous_57)
FNDA:0,(anonymous_58)
FNDA:0,(anonymous_59)
DA:32,2
DA:33,2
DA:38,2
DA:39,2
DA:40,2
DA:41,2
DA:43,2
DA:50,2
DA:64,2
DA:73,2
DA:82,2
DA:119,60
DA:123,9
DA:127,9
DA:149,0
DA:153,0
DA:175,0
DA:181,0
DA:189,0
DA:190,0
DA:191,0
DA:195,0
DA:201,0
DA:208,0
DA:215,0
DA:219,0
DA:228,19
DA:229,16
DA:237,3
DA:241,3
DA:248,0
DA:254,2
DA:263,1
DA:267,1
DA:275,0
DA:279,0
DA:286,0
DA:292,0
DA:296,5
DA:302,2
DA:309,0
DA:316,0
DA:323,2
DA:329,9
DA:333,7
DA:341,2
DA:345,2
DA:352,0
DA:360,0
DA:361,0
DA:363,0
DA:367,0
DA:378,0
DA:382,0
DA:393,0
DA:400,0
DA:401,0
DA:402,0
DA:406,0
DA:410,0
DA:417,0
DA:423,0
DA:427,21
DA:431,21
DA:435,8
DA:441,0
DA:447,2
DA:451,2
DA:459,0
DA:463,0
DA:470,0
DA:476,2
DA:483,0
DA:490,0
DA:497,0
DA:504,0
DA:513,5
DA:520,3
DA:526,0
DA:535,0
DA:542,1
DA:548,0
DA:555,1
DA:559,0
DA:568,0
DA:577,0
DA:586,0
DA:595,0
DA:604,13
DA:635,0
DA:639,0
DA:646,0
DA:653,0
DA:662,0
DA:671,0
DA:684,25
DA:697,0
DA:701,9
DA:705,0
DA:714,0
DA:726,0
DA:738,0
DA:745,0
DA:749,11
DA:753,4
DA:757,11
DA:761,9
DA:765,9
LF:108
LH:46
BRDA:116,0,0,53
BRDA:123,1,0,9
BRDA:123,1,1,0
BRDA:124,2,0,9
BRDA:124,2,1,9
BRDA:134,3,0,9
BRDA:134,3,1,0
BRDA:142,4,0,9
BRDA:142,4,1,0
BRDA:149,5,0,0
BRDA:149,5,1,0
BRDA:150,6,0,0
BRDA:150,6,1,0
BRDA:160,7,0,0
BRDA:160,7,1,0
BRDA:168,8,0,0
BRDA:168,8,1,0
BRDA:190,9,0,0
BRDA:190,9,1,0
BRDA:228,10,0,16
BRDA:228,10,1,3
BRDA:228,11,0,19
BRDA:228,11,1,16
BRDA:237,12,0,3
BRDA:237,12,1,0
BRDA:238,13,0,3
BRDA:238,13,1,3
BRDA:263,14,0,1
BRDA:263,14,1,0
BRDA:264,15,0,1
BRDA:264,15,1,1
BRDA:275,16,0,0
BRDA:275,16,1,0
BRDA:276,17,0,0
BRDA:276,17,1,0
BRDA:329,18,0,7
BRDA:329,18,1,2
BRDA:330,19,0,9
BRDA:330,19,1,7
BRDA:341,20,0,2
BRDA:341,20,1,0
BRDA:342,21,0,2
BRDA:342,21,1,2
BRDA:360,22,0,0
BRDA:360,22,1,0
BRDA:363,23,0,0
BRDA:363,23,1,0
BRDA:364,24,0,0
BRDA:364,24,1,0
BRDA:373,25,0,0
BRDA:373,25,1,0
BRDA:378,26,0,0
BRDA:378,26,1,0
BRDA:379,27,0,0
BRDA:379,27,1,0
BRDA:388,28,0,0
BRDA:388,28,1,0
BRDA:401,29,0,0
BRDA:401,29,1,0
BRDA:447,30,0,2
BRDA:447,30,1,0
BRDA:448,31,0,2
BRDA:448,31,1,2
BRDA:459,32,0,0
BRDA:459,32,1,0
BRDA:460,33,0,0
BRDA:460,33,1,0
BRDA:550,34,0,0
BRDA:550,34,1,0
BRDA:604,35,0,6
BRDA:604,35,1,7
BRDA:682,36,0,18
BRF:72
BRH:29
end_of_record
TN:
SF:src/convention/addConventionInput.ts
FNF:0
FNH:0
DA:15,1
LF:1
LH:1
BRF:0
BRH:0
end_of_record
TN:
SF:src/convention/convention.dto.ts
FN:34,(anonymous_0)
FN:39,(anonymous_1)
FN:53,(anonymous_2)
FN:60,(anonymous_3)
FN:215,(anonymous_4)
FN:358,(anonymous_5)
FN:410,(anonymous_6)
FN:424,(anonymous_7)
FN:430,(anonymous_8)
FN:432,(anonymous_9)
FN:435,(anonymous_10)
FNF:11
FNH:3
FNDA:35,(anonymous_0)
FNDA:5,(anonymous_1)
FNDA:0,(anonymous_2)
FNDA:0,(anonymous_3)
FNDA:0,(anonymous_4)
FNDA:0,(anonymous_5)
FNDA:0,(anonymous_6)
FNDA:0,(anonymous_7)
FNDA:0,(anonymous_8)
FNDA:0,(anonymous_9)
FNDA:110,(anonymous_10)
DA:34,2
DA:37,35
DA:39,2
DA:42,5
DA:47,2
DA:53,2
DA:56,0
DA:60,2
DA:64,0
DA:67,0
DA:74,2
DA:80,2
DA:86,2
DA:92,2
DA:97,2
DA:106,2
DA:111,2
DA:113,2
DA:114,2
DA:115,2
DA:116,2
DA:117,2
DA:118,2
DA:119,2
DA:120,2
DA:124,2
DA:128,2
DA:135,2
DA:143,2
DA:215,2
DA:216,0
DA:253,2
DA:358,2
DA:360,0
DA:403,2
DA:410,2
DA:413,0
DA:415,2
DA:424,2
DA:429,0
DA:431,0
DA:432,0
DA:435,2
DA:439,110
LF:44
LH:35
BRDA:68,0,0,0
BRDA:68,0,1,0
BRDA:68,0,2,0
BRDA:429,1,0,0
BRDA:429,1,1,0
BRDA:431,2,0,0
BRDA:431,2,1,0
BRF:7
BRH:0
end_of_record
TN:
SF:src/convention/convention.routes.ts
FNF:0
FNH:0
DA:24,1
DA:131,1
DA:173,1
LF:3
LH:3
BRF:0
BRH:0
end_of_record
TN:
SF:src/convention/convention.schema.ts
FN:298,(anonymous_0)
FN:309,(anonymous_1)
FN:310,(anonymous_2)
FN:472,(anonymous_3)
FN:473,(anonymous_4)
FN:517,(anonymous_5)
FN:520,(anonymous_6)
FN:526,(anonymous_7)
FN:527,(anonymous_8)
FN:531,(anonymous_9)
FN:534,(anonymous_10)
FN:535,(anonymous_11)
FN:544,(anonymous_12)
FN:560,(anonymous_13)
FN:572,(anonymous_14)
FN:584,(anonymous_15)
FN:596,(anonymous_16)
FN:608,(anonymous_17)
FN:625,(anonymous_18)
FNF:19
FNH:17
FNDA:4,(anonymous_0)
FNDA:106,(anonymous_1)
FNDA:49,(anonymous_2)
FNDA:0,(anonymous_3)
FNDA:0,(anonymous_4)
FNDA:228,(anonymous_5)
FNDA:106,(anonymous_6)
FNDA:228,(anonymous_7)
FNDA:192,(anonymous_8)
FNDA:192,(anonymous_9)
FNDA:436,(anonymous_10)
FNDA:240,(anonymous_11)
FNDA:106,(anonymous_12)
FNDA:16,(anonymous_13)
FNDA:4,(anonymous_14)
FNDA:18,(anonymous_15)
FNDA:106,(anonymous_16)
FNDA:106,(anonymous_17)
FNDA:16,(anonymous_18)
DA:107,2
DA:109,2
DA:113,2
DA:115,2
DA:117,2
DA:125,2
DA:132,2
DA:145,2
DA:165,2
DA:173,2
DA:180,2
DA:187,2
DA:198,2
DA:204,2
DA:210,2
DA:215,2
DA:220,2
DA:257,2
DA:259,2
DA:268,2
DA:278,2
DA:289,2
DA:299,4
DA:303,4
DA:310,106
DA:311,49
DA:317,106
DA:322,106
DA:323,106
DA:325,106
DA:326,16
DA:331,16
DA:337,16
DA:344,106
DA:345,90
DA:352,106
DA:359,106
DA:365,106
DA:366,11
DA:379,2
DA:397,2
DA:402,2
DA:406,2
DA:411,2
DA:415,2
DA:418,2
DA:424,2
DA:431,2
DA:443,2
DA:449,2
DA:457,2
DA:464,2
DA:473,0
DA:474,0
DA:481,0
DA:482,0
DA:483,0
DA:488,2
DA:495,2
DA:501,2
DA:507,2
DA:513,2
DA:517,2
DA:518,228
DA:520,2
DA:524,106
DA:525,88
DA:526,228
DA:527,192
DA:531,88
DA:532,192
DA:534,436
DA:535,240
DA:537,20
DA:544,2
DA:548,106
DA:554,6
DA:560,2
DA:565,16
DA:569,16
DA:572,4
DA:575,2
DA:581,16
DA:584,18
DA:589,2
DA:596,2
DA:601,106
DA:602,4
DA:608,2
DA:614,106
DA:615,106
DA:619,2
DA:625,2
DA:631,16
DA:632,10
DA:633,2
DA:641,2
DA:650,2
LF:98
LH:93
BRDA:325,0,0,16
BRDA:325,0,1,90
BRDA:344,1,0,90
BRDA:344,1,1,16
BRDA:365,2,0,11
BRDA:365,2,1,95
BRDA:482,3,0,0
BRDA:482,3,1,0
BRDA:524,4,0,18
BRDA:524,4,1,88
BRDA:532,5,0,20
BRDA:532,5,1,172
BRDA:548,6,0,6
BRDA:548,6,1,100
BRDA:569,7,0,2
BRDA:569,7,1,14
BRDA:570,8,0,16
BRDA:570,8,1,4
BRDA:581,9,0,2
BRDA:581,9,1,14
BRDA:582,10,0,16
BRDA:582,10,1,12
BRDA:582,10,2,4
BRDA:601,11,0,4
BRDA:601,11,1,102
BRDA:615,12,0,2
BRDA:615,12,1,104
BRDA:616,13,0,106
BRDA:616,13,1,4
BRDA:631,14,0,6
BRDA:631,14,1,10
BRDA:632,15,0,2
BRDA:632,15,1,8
BRF:33
BRH:31
end_of_record
TN:
SF:src/convention/convention.ts
FN:20,(anonymous_0)
FN:24,(anonymous_1)
FN:25,(anonymous_2)
FN:27,(anonymous_3)
FN:32,(anonymous_4)
FN:65,(anonymous_5)
FN:78,(anonymous_6)
FN:96,(anonymous_7)
FN:101,(anonymous_8)
FN:103,(anonymous_9)
FN:118,(anonymous_10)
FN:129,(anonymous_11)
FN:145,(anonymous_12)
FN:149,(anonymous_13)
FN:155,(anonymous_14)
FN:163,(anonymous_15)
FN:170,(anonymous_16)
FN:173,(anonymous_17)
FN:177,(anonymous_18)
FN:210,(anonymous_19)
FNF:20
FNH:3
FNDA:0,(anonymous_0)
FNDA:6,(anonymous_1)
FNDA:6,(anonymous_2)
FNDA:0,(anonymous_3)
FNDA:0,(anonymous_4)
FNDA:0,(anonymous_5)
FNDA:0,(anonymous_6)
FNDA:0,(anonymous_7)
FNDA:66,(anonymous_8)
FNDA:0,(anonymous_9)
FNDA:0,(anonymous_10)
FNDA:0,(anonymous_11)
FNDA:0,(anonymous_12)
FNDA:0,(anonymous_13)
FNDA:0,(anonymous_14)
FNDA:0,(anonymous_15)
FNDA:0,(anonymous_16)
FNDA:0,(anonymous_17)
FNDA:0,(anonymous_18)
FNDA:0,(anonymous_19)
DA:20,2
DA:22,0
DA:24,2
DA:25,6
DA:27,2
DA:28,0
DA:29,0
DA:32,2
DA:37,0
DA:39,0
DA:44,0
DA:45,0
DA:48,0
DA:56,0
DA:64,0
DA:65,0
DA:67,0
DA:68,0
DA:78,2
DA:83,0
DA:89,0
DA:96,2
DA:97,0
DA:101,66
DA:103,2
DA:106,0
DA:108,0
DA:110,0
DA:118,2
DA:122,0
DA:126,0
DA:129,2
DA:138,0
DA:145,2
DA:147,0
DA:149,2
DA:151,0
DA:155,0
DA:163,2
DA:166,0
DA:167,0
DA:170,2
DA:171,0
DA:173,2
DA:177,0
DA:185,2
DA:210,2
DA:216,0
LF:48
LH:18
BRDA:25,0,0,6
BRDA:25,0,1,6
BRDA:28,1,0,0
BRDA:28,1,1,0
BRDA:37,2,0,0
BRDA:37,2,1,0
BRDA:37,2,2,0
BRDA:37,2,3,0
BRDA:44,3,0,0
BRDA:44,3,1,0
BRDA:67,4,0,0
BRDA:67,4,1,0
BRDA:111,5,0,0
BRDA:111,5,1,0
BRDA:111,5,2,0
BRDA:111,5,3,0
BRDA:138,6,0,0
BRDA:138,6,1,0
BRDA:138,6,2,0
BRF:19
BRH:2
end_of_record
TN:
SF:src/convention/conventionRefinements.ts
FN:27,(anonymous_0)
FN:32,(anonymous_1)
FN:40,(anonymous_2)
FN:47,(anonymous_3)
FN:59,(anonymous_4)
FN:80,(anonymous_5)
FN:105,(anonymous_6)
FNF:7
FNH:7
FNDA:106,(anonymous_0)
FNDA:106,(anonymous_1)
FNDA:10,(anonymous_2)
FNDA:106,(anonymous_3)
FNDA:106,(anonymous_4)
FNDA:106,(anonymous_5)
FNDA:106,(anonymous_6)
DA:27,2
DA:30,106
DA:32,2
DA:37,106
DA:40,2
DA:42,10
DA:47,2
DA:51,106
DA:56,106
DA:59,2
DA:64,106
DA:69,106
DA:71,106
DA:73,106
DA:80,2
DA:83,106
DA:85,106
DA:86,106
DA:90,94
DA:92,12
DA:96,2
DA:105,2
DA:106,106
LF:23
LH:23
BRDA:74,0,0,106
BRDA:74,0,1,102
BRDA:74,0,2,10
BRDA:86,1,0,94
BRDA:86,1,1,12
BRDA:87,2,0,106
BRDA:87,2,1,16
BRDA:106,3,0,106
BRDA:106,3,1,6
BRF:9
BRH:9
end_of_record
TN:
SF:src/convention/conventionStatusTransitions.ts
FN:46,(anonymous_0)
FN:86,(anonymous_1)
FNF:2
FNH:0
FNDA:0,(anonymous_0)
FNDA:0,(anonymous_1)
DA:13,1
DA:23,1
DA:46,0
DA:87,0
DA:88,0
LF:5
LH:2
BRDA:48,0,0,0
BRDA:48,0,1,0
BRF:2
BRH:0
end_of_record
TN:
SF:src/dashboard/dashboard.dto.ts
FNF:0
FNH:0
DA:15,1
DA:21,1
DA:23,1
DA:30,1
DA:39,1
DA:41,1
LF:6
LH:6
BRF:0
BRH:0
end_of_record
TN:
SF:src/dashboard/dashboard.schema.ts
FNF:0
FNH:0
DA:12,1
DA:23,1
DA:28,1
DA:34,1
LF:4
LH:4
BRF:0
BRH:0
end_of_record
TN:
SF:src/dashboard/establishmentDashboardTabs.ts
FNF:0
FNH:0
DA:1,1
LF:1
LH:1
BRF:0
BRH:0
end_of_record
TN:
SF:src/discussion/discussion.content.ts
FN:9,(anonymous_0)
FN:30,(anonymous_1)
FNF:2
FNH:0
FNDA:0,(anonymous_0)
FNDA:0,(anonymous_1)
DA:9,1
DA:12,0
DA:30,1
DA:33,0
DA:34,0
DA:35,0
DA:36,0
DA:37,0
DA:38,0
LF:9
LH:2
BRDA:33,0,0,0
BRDA:33,0,1,0
BRDA:34,1,0,0
BRDA:34,1,1,0
BRDA:36,2,0,0
BRDA:36,2,1,0
BRF:6
BRH:0
end_of_record
TN:
SF:src/discussion/discussion.dto.ts
FN:184,(anonymous_0)
FN:186,(anonymous_1)
FN:216,(anonymous_2)
FN:220,(anonymous_3)
FN:227,(anonymous_4)
FN:234,(anonymous_5)
FN:241,(anonymous_6)
FN:248,(anonymous_7)
FN:260,(anonymous_8)
FN:267,(anonymous_9)
FN:271,(anonymous_10)
FN:278,(anonymous_11)
FN:290,(anonymous_12)
FN:297,(anonymous_13)
FN:303,(anonymous_14)
FN:319,(anonymous_15)
FN:330,(anonymous_16)
FN:342,(anonymous_17)
FN:355,(anonymous_18)
FN:369,(anonymous_19)
FNF:20
FNH:0
FNDA:0,(anonymous_0)
FNDA:0,(anonymous_1)
FNDA:0,(anonymous_2)
FNDA:0,(anonymous_3)
FNDA:0,(anonymous_4)
FNDA:0,(anonymous_5)
FNDA:0,(anonymous_6)
FNDA:0,(anonymous_7)
FNDA:0,(anonymous_8)
FNDA:0,(anonymous_9)
FNDA:0,(anonymous_10)
FNDA:0,(anonymous_11)
FNDA:0,(anonymous_12)
FNDA:0,(anonymous_13)
FNDA:0,(anonymous_14)
FNDA:0,(anonymous_15)
FNDA:0,(anonymous_16)
FNDA:0,(anonymous_17)
FNDA:0,(anonymous_18)
FNDA:0,(anonymous_19)
DA:21,1
DA:23,1
DA:129,1
DA:131,1
DA:176,1
DA:189,0
DA:190,0
DA:191,0
DA:192,0
DA:217,0
DA:221,0
DA:228,0
DA:235,0
DA:242,0
DA:251,0
DA:261,0
DA:268,0
DA:272,0
DA:281,0
DA:291,0
DA:298,0
DA:308,0
DA:310,0
DA:320,0
DA:331,0
DA:343,0
DA:356,0
DA:370,0
DA:378,0
LF:29
LH:5
BRDA:184,0,0,0
BRDA:187,1,0,0
BRDA:190,2,0,0
BRDA:190,2,1,0
BRDA:360,3,0,0
BRDA:360,3,1,0
BRF:6
BRH:0
end_of_record
TN:
SF:src/discussion/discussion.schema.ts
FNF:0
FNH:0
DA:27,1
DA:29,1
DA:31,1
DA:36,1
DA:46,1
DA:56,1
DA:64,1
DA:68,1
DA:72,1
LF:9
LH:9
BRF:0
BRH:0
end_of_record
TN:
SF:src/email/EmailParamsByEmailType.ts
FNF:0
FNH:0
LF:0
LH:0
BRF:0
BRH:0
end_of_record
TN:
SF:src/email/advices.ts
FNF:0
FNH:0
DA:1,1
LF:1
LH:1
BRF:0
BRH:0
end_of_record
TN:
SF:src/email/defaultConventionFinalLegals.ts
FN:3,(anonymous_0)
FNF:1
FNH:0
FNDA:0,(anonymous_0)
DA:3,1
DA:4,0
LF:2
LH:1
BRDA:4,0,0,0
BRDA:4,0,1,0
BRF:2
BRH:0
end_of_record
TN:
SF:src/email/email.dto.ts
FNF:0
FNH:0
LF:0
LH:0
BRF:0
BRH:0
end_of_record
TN:
SF:src/email/email.schema.ts
FN:21,(anonymous_0)
FN:31,(anonymous_1)
FN:32,(anonymous_2)
FN:37,(anonymous_3)
FNF:4
FNH:2
FNDA:473,(anonymous_0)
FNDA:0,(anonymous_1)
FNDA:0,(anonymous_2)
FNDA:88,(anonymous_3)
DA:7,3
DA:14,3
DA:18,3
DA:19,3
DA:21,473
DA:29,3
DA:31,0
DA:32,0
DA:36,3
DA:37,88
LF:10
LH:8
BRF:0
BRH:0
end_of_record
TN:
SF:src/email/email.ts
FNF:0
FNH:0
LF:0
LH:0
BRF:0
BRH:0
end_of_record
TN:
SF:src/email/emailTemplatesByName.ts
FN:15,(anonymous_0)
FN:33,(anonymous_1)
FN:67,(anonymous_2)
FN:98,(anonymous_3)
FN:134,(anonymous_4)
FN:187,(anonymous_5)
FN:224,(anonymous_6)
FN:257,(anonymous_7)
FN:338,(anonymous_8)
FN:373,(anonymous_9)
FN:408,(anonymous_10)
FN:432,(anonymous_11)
FN:468,(anonymous_12)
FN:490,(anonymous_13)
FN:571,(anonymous_14)
FN:638,(anonymous_15)
FN:701,(anonymous_16)
FN:760,(anonymous_17)
FN:814,(anonymous_18)
FN:867,(anonymous_19)
FN:905,(anonymous_20)
FN:943,(anonymous_21)
FN:983,(anonymous_22)
FN:1014,(anonymous_23)
FN:1078,(anonymous_24)
FN:1121,(anonymous_25)
FN:1167,(anonymous_26)
FN:1209,(anonymous_27)
FN:1262,(anonymous_28)
FN:1311,(anonymous_29)
FN:1341,(anonymous_30)
FN:1361,(anonymous_31)
FN:1386,(anonymous_32)
FN:1416,(anonymous_33)
FN:1462,(anonymous_34)
FN:1489,(anonymous_35)
FN:1501,(anonymous_36)
FN:1531,(anonymous_37)
FN:1546,(anonymous_38)
FN:1564,(anonymous_39)
FN:1583,(anonymous_40)
FN:1621,(anonymous_41)
FN:1636,(anonymous_42)
FN:1709,(anonymous_43)
FN:1731,(anonymous_44)
FN:1789,(anonymous_45)
FN:1817,(anonymous_46)
FN:1848,(anonymous_47)
FN:1858,(anonymous_48)
FN:1897,(anonymous_49)
FN:1926,(anonymous_50)
FN:1947,(anonymous_51)
FN:1956,(anonymous_52)
FN:1957,(anonymous_53)
FNF:54
FNH:0
FNDA:0,(anonymous_0)
FNDA:0,(anonymous_1)
FNDA:0,(anonymous_2)
FNDA:0,(anonymous_3)
FNDA:0,(anonymous_4)
FNDA:0,(anonymous_5)
FNDA:0,(anonymous_6)
FNDA:0,(anonymous_7)
FNDA:0,(anonymous_8)
FNDA:0,(anonymous_9)
FNDA:0,(anonymous_10)
FNDA:0,(anonymous_11)
FNDA:0,(anonymous_12)
FNDA:0,(anonymous_13)
FNDA:0,(anonymous_14)
FNDA:0,(anonymous_15)
FNDA:0,(anonymous_16)
FNDA:0,(anonymous_17)
FNDA:0,(anonymous_18)
FNDA:0,(anonymous_19)
FNDA:0,(anonymous_20)
FNDA:0,(anonymous_21)
FNDA:0,(anonymous_22)
FNDA:0,(anonymous_23)
FNDA:0,(anonymous_24)
FNDA:0,(anonymous_25)
FNDA:0,(anonymous_26)
FNDA:0,(anonymous_27)
FNDA:0,(anonymous_28)
FNDA:0,(anonymous_29)
FNDA:0,(anonymous_30)
FNDA:0,(anonymous_31)
FNDA:0,(anonymous_32)
FNDA:0,(anonymous_33)
FNDA:0,(anonymous_34)
FNDA:0,(anonymous_35)
FNDA:0,(anonymous_36)
FNDA:0,(anonymous_37)
FNDA:0,(anonymous_38)
FNDA:0,(anonymous_39)
FNDA:0,(anonymous_40)
FNDA:0,(anonymous_41)
FNDA:0,(anonymous_42)
FNDA:0,(anonymous_43)
FNDA:0,(anonymous_44)
FNDA:0,(anonymous_45)
FNDA:0,(anonymous_46)
FNDA:0,(anonymous_47)
FNDA:0,(anonymous_48)
FNDA:0,(anonymous_49)
FNDA:0,(anonymous_50)
FNDA:0,(anonymous_51)
FNDA:0,(anonymous_52)
FNDA:0,(anonymous_53)
DA:15,1
DA:16,0
DA:28,1
DA:41,0
DA:75,0
DA:106,0
DA:142,0
DA:193,0
DA:230,0
DA:271,0
DA:274,0
DA:347,0
DA:380,0
DA:408,0
DA:439,0
DA:472,0
DA:503,0
DA:584,0
DA:650,0
DA:708,0
DA:773,0
DA:825,0
DA:876,0
DA:914,0
DA:952,0
DA:989,0
DA:1029,0
DA:1089,0
DA:1132,0
DA:1178,0
DA:1222,0
DA:1272,0
DA:1311,0
DA:1341,0
DA:1367,0
DA:1392,0
DA:1424,0
DA:1467,0
DA:1489,0
DA:1508,0
DA:1531,0
DA:1551,0
DA:1564,0
DA:1587,0
DA:1621,0
DA:1652,0
DA:1709,0
DA:1744,0
DA:1796,0
DA:1824,0
DA:1848,0
DA:1863,0
DA:1901,0
DA:1926,1
DA:1930,0
DA:1934,1
DA:1947,1
DA:1955,0
DA:1956,0
DA:1957,0
DA:1961,0
DA:1963,0
LF:62
LH:5
BRDA:16,0,0,0
BRDA:16,0,1,0
BRDA:111,1,0,0
BRDA:111,1,1,0
BRDA:144,2,0,0
BRDA:144,2,1,0
BRDA:153,3,0,0
BRDA:153,3,1,0
BRDA:161,4,0,0
BRDA:161,4,1,0
BRDA:166,5,0,0
BRDA:166,5,1,0
BRDA:195,6,0,0
BRDA:195,6,1,0
BRDA:199,7,0,0
BRDA:199,7,1,0
BRDA:212,8,0,0
BRDA:212,8,1,0
BRDA:216,9,0,0
BRDA:216,9,1,0
BRDA:232,10,0,0
BRDA:232,10,1,0
BRDA:240,11,0,0
BRDA:240,11,1,0
BRDA:271,12,0,0
BRDA:271,12,1,0
BRDA:273,13,0,0
BRDA:273,13,1,0
BRDA:276,14,0,0
BRDA:276,14,1,0
BRDA:280,15,0,0
BRDA:280,15,1,0
BRDA:285,16,0,0
BRDA:285,16,1,0
BRDA:293,17,0,0
BRDA:293,17,1,0
BRDA:303,18,0,0
BRDA:303,18,1,0
BRDA:305,19,0,0
BRDA:305,19,1,0
BRDA:349,20,0,0
BRDA:349,20,1,0
BRDA:353,21,0,0
BRDA:353,21,1,0
BRDA:358,22,0,0
BRDA:358,22,1,0
BRDA:382,23,0,0
BRDA:382,23,1,0
BRDA:390,24,0,0
BRDA:390,24,1,0
BRDA:443,25,0,0
BRDA:443,25,1,0
BRDA:474,26,0,0
BRDA:474,26,1,0
BRDA:479,27,0,0
BRDA:479,27,1,0
BRDA:505,28,0,0
BRDA:505,28,1,0
BRDA:507,29,0,0
BRDA:507,29,1,0
BRDA:510,30,0,0
BRDA:510,30,1,0
BRDA:514,31,0,0
BRDA:514,31,1,0
BRDA:517,32,0,0
BRDA:517,32,1,0
BRDA:524,33,0,0
BRDA:524,33,1,0
BRDA:528,34,0,0
BRDA:528,34,1,0
BRDA:536,35,0,0
BRDA:536,35,1,0
BRDA:547,36,0,0
BRDA:547,36,1,0
BRDA:551,37,0,0
BRDA:551,37,1,0
BRDA:559,38,0,0
BRDA:559,38,1,0
BRDA:652,39,0,0
BRDA:652,39,1,0
BRDA:658,40,0,0
BRDA:658,40,1,0
BRDA:672,41,0,0
BRDA:672,41,1,0
BRDA:691,42,0,0
BRDA:691,42,1,0
BRDA:710,43,0,0
BRDA:710,43,1,0
BRDA:716,44,0,0
BRDA:716,44,1,0
BRDA:720,45,0,0
BRDA:720,45,1,0
BRDA:733,46,0,0
BRDA:733,46,1,0
BRDA:827,47,0,0
BRDA:827,47,1,0
BRDA:833,48,0,0
BRDA:833,48,1,0
BRDA:834,49,0,0
BRDA:834,49,1,0
BRDA:837,50,0,0
BRDA:837,50,1,0
BRDA:837,51,0,0
BRDA:837,51,1,0
BRDA:856,52,0,0
BRDA:856,52,1,0
BRDA:892,53,0,0
BRDA:892,53,1,0
BRDA:930,54,0,0
BRDA:930,54,1,0
BRDA:1031,55,0,0
BRDA:1031,55,1,0
BRDA:1039,56,0,0
BRDA:1039,56,1,0
BRDA:1043,57,0,0
BRDA:1043,57,1,0
BRDA:1046,58,0,0
BRDA:1046,58,1,0
BRDA:1051,59,0,0
BRDA:1051,59,1,0
BRDA:1062,60,0,0
BRDA:1062,60,1,0
BRDA:1068,61,0,0
BRDA:1068,61,1,0
BRDA:1091,62,0,0
BRDA:1091,62,1,0
BRDA:1096,63,0,0
BRDA:1096,63,1,0
BRDA:1134,64,0,0
BRDA:1134,64,1,0
BRDA:1142,65,0,0
BRDA:1142,65,1,0
BRDA:1180,66,0,0
BRDA:1180,66,1,0
BRDA:1186,67,0,0
BRDA:1186,67,1,0
BRDA:1195,68,0,0
BRDA:1195,68,1,0
BRDA:1224,69,0,0
BRDA:1224,69,1,0
BRDA:1230,70,0,0
BRDA:1230,70,1,0
BRDA:1234,71,0,0
BRDA:1234,71,1,0
BRDA:1238,72,0,0
BRDA:1238,72,1,0
BRDA:1248,73,0,0
BRDA:1248,73,1,0
BRDA:1274,74,0,0
BRDA:1274,74,1,0
BRDA:1280,75,0,0
BRDA:1280,75,1,0
BRDA:1284,76,0,0
BRDA:1284,76,1,0
BRDA:1288,77,0,0
BRDA:1288,77,1,0
BRDA:1295,78,0,0
BRDA:1295,78,1,0
BRDA:1313,79,0,0
BRDA:1313,79,1,0
BRDA:1316,80,0,0
BRDA:1316,80,1,0
BRDA:1321,81,0,0
BRDA:1321,81,1,0
BRDA:1396,82,0,0
BRDA:1396,82,1,0
BRDA:1406,83,0,0
BRDA:1406,83,1,0
BRDA:1411,84,0,0
BRDA:1411,84,1,0
BRDA:1662,85,0,0
BRDA:1662,85,1,0
BRDA:1670,86,0,0
BRDA:1670,86,1,0
BRDA:1675,87,0,0
BRDA:1675,87,1,0
BRDA:1680,88,0,0
BRDA:1680,88,1,0
BRDA:1749,89,0,0
BRDA:1749,89,1,0
BRDA:1762,90,0,0
BRDA:1762,90,1,0
BRDA:1867,91,0,0
BRDA:1867,91,1,0
BRDA:1869,92,0,0
BRDA:1869,92,1,0
BRDA:1875,93,0,0
BRDA:1875,93,1,0
BRDA:1880,94,0,0
BRDA:1880,94,1,0
BRDA:1887,95,0,0
BRDA:1887,95,1,0
BRDA:1932,96,0,0
BRDA:1932,96,1,0
BRDA:1961,97,0,0
BRDA:1961,97,1,0
BRDA:1961,98,0,0
BRDA:1961,98,1,0
BRDA:1967,99,0,0
BRDA:1967,99,1,0
BRF:200
BRH:0
end_of_record
TN:
SF:src/email/knownEmailsAddresses.ts
FNF:0
FNH:0
DA:2,1
DA:5,1
DA:7,1
DA:12,1
DA:15,1
LF:5
LH:5
BRF:0
BRH:0
end_of_record
TN:
SF:src/email/validateEmail.dto.ts
FNF:0
FNH:0
DA:3,1
DA:26,1
LF:2
LH:2
BRF:0
BRH:0
end_of_record
TN:
SF:src/email/validateEmail.schema.ts
FNF:0
FNH:0
DA:9,1
DA:13,1
DA:16,1
LF:3
LH:3
BRF:0
BRH:0
end_of_record
TN:
SF:src/errors/errors.ts
FN:53,(anonymous_0)
FN:60,(anonymous_1)
FN:61,(anonymous_2)
FN:63,(anonymous_3)
FN:64,(anonymous_4)
FN:68,(anonymous_5)
FN:72,(anonymous_6)
FN:76,(anonymous_7)
FN:80,(anonymous_8)
FN:84,(anonymous_9)
FN:90,(anonymous_10)
FN:102,(anonymous_11)
FN:104,(anonymous_12)
FN:110,(anonymous_13)
FN:114,(anonymous_14)
FN:118,(anonymous_15)
FN:120,(anonymous_16)
FN:124,(anonymous_17)
FN:128,(anonymous_18)
FN:132,(anonymous_19)
FN:136,(anonymous_20)
FN:140,(anonymous_21)
FN:152,(anonymous_22)
FN:166,(anonymous_23)
FN:168,(anonymous_24)
FN:178,(anonymous_25)
FN:186,(anonymous_26)
FN:196,(anonymous_27)
FN:200,(anonymous_28)
FN:210,(anonymous_29)
FN:214,(anonymous_30)
FN:215,(anonymous_31)
FN:225,(anonymous_32)
FN:229,(anonymous_33)
FN:235,(anonymous_34)
FN:239,(anonymous_35)
FN:245,(anonymous_36)
FN:248,(anonymous_37)
FN:258,(anonymous_38)
FN:268,(anonymous_39)
FN:280,(anonymous_40)
FN:292,(anonymous_41)
FN:294,(anonymous_42)
FN:298,(anonymous_43)
FN:302,(anonymous_44)
FN:306,(anonymous_45)
FN:310,(anonymous_46)
FN:314,(anonymous_47)
FN:318,(anonymous_48)
FN:322,(anonymous_49)
FN:326,(anonymous_50)
FN:330,(anonymous_51)
FN:345,(anonymous_52)
FN:355,(anonymous_53)
FN:371,(anonymous_54)
FN:381,(anonymous_55)
FN:383,(anonymous_56)
FN:389,(anonymous_57)
FN:395,(anonymous_58)
FN:401,(anonymous_59)
FN:407,(anonymous_60)
FN:424,(anonymous_61)
FN:434,(anonymous_62)
FN:436,(anonymous_63)
FN:440,(anonymous_64)
FN:445,(anonymous_65)
FN:457,(anonymous_66)
FN:461,(anonymous_67)
FN:465,(anonymous_68)
FN:467,(anonymous_69)
FN:471,(anonymous_70)
FN:475,(anonymous_71)
FN:479,(anonymous_72)
FN:481,(anonymous_73)
FN:490,(anonymous_74)
FN:501,(anonymous_75)
FN:507,(anonymous_76)
FN:515,(anonymous_77)
FN:516,(anonymous_78)
FN:518,(anonymous_79)
FN:520,(anonymous_80)
FN:524,(anonymous_81)
FN:526,(anonymous_82)
FN:530,(anonymous_83)
FN:534,(anonymous_84)
FN:544,(anonymous_85)
FN:554,(anonymous_86)
FN:558,(anonymous_87)
FN:562,(anonymous_88)
FN:566,(anonymous_89)
FN:570,(anonymous_90)
FN:574,(anonymous_91)
FN:578,(anonymous_92)
FN:582,(anonymous_93)
FN:586,(anonymous_94)
FN:600,(anonymous_95)
FN:604,(anonymous_96)
FN:617,(anonymous_97)
FN:621,(anonymous_98)
FN:623,(anonymous_99)
FN:631,(anonymous_100)
FN:641,(anonymous_101)
FN:643,(anonymous_102)
FN:653,(anonymous_103)
FN:655,(anonymous_104)
FN:657,(anonymous_105)
FN:661,(anonymous_106)
FN:665,(anonymous_107)
FN:669,(anonymous_108)
FN:670,(anonymous_109)
FN:674,(anonymous_110)
FN:678,(anonymous_111)
FN:682,(anonymous_112)
FN:689,(anonymous_113)
FN:693,(anonymous_114)
FN:697,(anonymous_115)
FN:706,(anonymous_116)
FN:712,(anonymous_117)
FN:716,(anonymous_118)
FN:720,(anonymous_119)
FN:730,(anonymous_120)
FN:736,(anonymous_121)
FN:738,(anonymous_122)
FN:742,(anonymous_123)
FN:746,(anonymous_124)
FN:752,(anonymous_125)
FN:758,(anonymous_126)
FNF:127
FNH:0
FNDA:0,(anonymous_0)
FNDA:0,(anonymous_1)
FNDA:0,(anonymous_2)
FNDA:0,(anonymous_3)
FNDA:0,(anonymous_4)
FNDA:0,(anonymous_5)
FNDA:0,(anonymous_6)
FNDA:0,(anonymous_7)
FNDA:0,(anonymous_8)
FNDA:0,(anonymous_9)
FNDA:0,(anonymous_10)
FNDA:0,(anonymous_11)
FNDA:0,(anonymous_12)
FNDA:0,(anonymous_13)
FNDA:0,(anonymous_14)
FNDA:0,(anonymous_15)
FNDA:0,(anonymous_16)
FNDA:0,(anonymous_17)
FNDA:0,(anonymous_18)
FNDA:0,(anonymous_19)
FNDA:0,(anonymous_20)
FNDA:0,(anonymous_21)
FNDA:0,(anonymous_22)
FNDA:0,(anonymous_23)
FNDA:0,(anonymous_24)
FNDA:0,(anonymous_25)
FNDA:0,(anonymous_26)
FNDA:0,(anonymous_27)
FNDA:0,(anonymous_28)
FNDA:0,(anonymous_29)
FNDA:0,(anonymous_30)
FNDA:0,(anonymous_31)
FNDA:0,(anonymous_32)
FNDA:0,(anonymous_33)
FNDA:0,(anonymous_34)
FNDA:0,(anonymous_35)
FNDA:0,(anonymous_36)
FNDA:0,(anonymous_37)
FNDA:0,(anonymous_38)
FNDA:0,(anonymous_39)
FNDA:0,(anonymous_40)
FNDA:0,(anonymous_41)
FNDA:0,(anonymous_42)
FNDA:0,(anonymous_43)
FNDA:0,(anonymous_44)
FNDA:0,(anonymous_45)
FNDA:0,(anonymous_46)
FNDA:0,(anonymous_47)
FNDA:0,(anonymous_48)
FNDA:0,(anonymous_49)
FNDA:0,(anonymous_50)
FNDA:0,(anonymous_51)
FNDA:0,(anonymous_52)
FNDA:0,(anonymous_53)
FNDA:0,(anonymous_54)
FNDA:0,(anonymous_55)
FNDA:0,(anonymous_56)
FNDA:0,(anonymous_57)
FNDA:0,(anonymous_58)
FNDA:0,(anonymous_59)
FNDA:0,(anonymous_60)
FNDA:0,(anonymous_61)
FNDA:0,(anonymous_62)
FNDA:0,(anonymous_63)
FNDA:0,(anonymous_64)
FNDA:0,(anonymous_65)
FNDA:0,(anonymous_66)
FNDA:0,(anonymous_67)
FNDA:0,(anonymous_68)
FNDA:0,(anonymous_69)
FNDA:0,(anonymous_70)
FNDA:0,(anonymous_71)
FNDA:0,(anonymous_72)
FNDA:0,(anonymous_73)
FNDA:0,(anonymous_74)
FNDA:0,(anonymous_75)
FNDA:0,(anonymous_76)
FNDA:0,(anonymous_77)
FNDA:0,(anonymous_78)
FNDA:0,(anonymous_79)
FNDA:0,(anonymous_80)
FNDA:0,(anonymous_81)
FNDA:0,(anonymous_82)
FNDA:0,(anonymous_83)
FNDA:0,(anonymous_84)
FNDA:0,(anonymous_85)
FNDA:0,(anonymous_86)
FNDA:0,(anonymous_87)
FNDA:0,(anonymous_88)
FNDA:0,(anonymous_89)
FNDA:0,(anonymous_90)
FNDA:0,(anonymous_91)
FNDA:0,(anonymous_92)
FNDA:0,(anonymous_93)
FNDA:0,(anonymous_94)
FNDA:0,(anonymous_95)
FNDA:0,(anonymous_96)
FNDA:0,(anonymous_97)
FNDA:0,(anonymous_98)
FNDA:0,(anonymous_99)
FNDA:0,(anonymous_100)
FNDA:0,(anonymous_101)
FNDA:0,(anonymous_102)
FNDA:0,(anonymous_103)
FNDA:0,(anonymous_104)
FNDA:0,(anonymous_105)
FNDA:0,(anonymous_106)
FNDA:0,(anonymous_107)
FNDA:0,(anonymous_108)
FNDA:0,(anonymous_109)
FNDA:0,(anonymous_110)
FNDA:0,(anonymous_111)
FNDA:0,(anonymous_112)
FNDA:0,(anonymous_113)
FNDA:0,(anonymous_114)
FNDA:0,(anonymous_115)
FNDA:0,(anonymous_116)
FNDA:0,(anonymous_117)
FNDA:0,(anonymous_118)
FNDA:0,(anonymous_119)
FNDA:0,(anonymous_120)
FNDA:0,(anonymous_121)
FNDA:0,(anonymous_122)
FNDA:0,(anonymous_123)
FNDA:0,(anonymous_124)
FNDA:0,(anonymous_125)
FNDA:0,(anonymous_126)
DA:51,1
DA:54,0
DA:60,0
DA:62,0
DA:63,0
DA:65,0
DA:69,0
DA:73,0
DA:77,0
DA:81,0
DA:85,0
DA:97,0
DA:103,0
DA:105,0
DA:111,0
DA:115,0
DA:119,0
DA:121,0
DA:125,0
DA:129,0
DA:133,0
DA:137,0
DA:147,0
DA:161,0
DA:167,0
DA:175,0
DA:183,0
DA:193,0
DA:197,0
DA:207,0
DA:211,0
DA:214,0
DA:222,0
DA:226,0
DA:232,0
DA:236,0
DA:243,0
DA:245,0
DA:255,0
DA:265,0
DA:275,0
DA:289,0
DA:293,0
DA:295,0
DA:299,0
DA:303,0
DA:307,0
DA:311,0
DA:315,0
DA:319,0
DA:323,0
DA:327,0
DA:339,0
DA:352,0
DA:364,0
DA:378,0
DA:382,0
DA:384,0
DA:390,0
DA:396,0
DA:402,0
DA:414,0
DA:431,0
DA:435,0
DA:437,0
DA:441,0
DA:454,0
DA:458,0
DA:462,0
DA:466,0
DA:468,0
DA:472,0
DA:476,0
DA:480,0
DA:486,0
DA:497,0
DA:502,0
DA:508,0
DA:515,0
DA:517,0
DA:519,0
DA:521,0
DA:525,0
DA:527,0
DA:531,0
DA:541,0
DA:551,0
DA:555,0
DA:559,0
DA:563,0
DA:567,0
DA:571,0
DA:575,0
DA:579,0
DA:583,0
DA:593,0
DA:601,0
DA:608,0
DA:618,0
DA:622,0
DA:628,0
DA:638,0
DA:642,0
DA:650,0
DA:654,0
DA:656,0
DA:658,0
DA:662,0
DA:666,0
DA:669,0
DA:671,0
DA:675,0
DA:679,0
DA:683,0
DA:690,0
DA:694,0
DA:703,0
DA:707,0
DA:713,0
DA:717,0
DA:721,0
DA:731,0
DA:737,0
DA:739,0
DA:743,0
DA:747,0
DA:753,0
DA:762,0
LF:128
LH:1
BRDA:97,0,0,0
BRDA:97,0,1,0
BRDA:97,1,0,0
BRDA:97,1,1,0
BRDA:149,2,0,0
BRDA:149,2,1,0
BRDA:364,3,0,0
BRDA:364,3,1,0
BRDA:409,4,0,0
BRDA:419,5,0,0
BRDA:419,5,1,0
BRDA:595,6,0,0
BRDA:595,6,1,0
BRDA:723,7,0,0
BRDA:723,7,1,0
BRF:15
BRH:0
end_of_record
TN:
SF:src/errors/ftConnectErrors.ts
FN:12,(anonymous_0)
FN:18,(anonymous_1)
FN:30,(anonymous_2)
FN:41,(anonymous_3)
FN:52,testRawFTConnectError
FN:56,(anonymous_5)
FN:62,testManagedFTConnectError
FN:67,(anonymous_7)
FNF:8
FNH:0
FNDA:0,(anonymous_0)
FNDA:0,(anonymous_1)
FNDA:0,(anonymous_2)
FNDA:0,(anonymous_3)
FNDA:0,testRawFTConnectError
FNDA:0,(anonymous_5)
FNDA:0,testManagedFTConnectError
FNDA:0,(anonymous_7)
DA:2,1
DA:13,0
DA:22,0
DA:35,0
DA:36,0
DA:41,1
DA:44,0
DA:45,0
DA:46,0
DA:48,0
DA:56,0
DA:57,0
DA:58,0
DA:59,0
DA:67,0
DA:68,0
DA:69,0
DA:70,0
LF:18
LH:2
BRDA:24,0,0,0
BRDA:24,0,1,0
BRF:2
BRH:0
end_of_record
TN:
SF:src/errors/httpErrors.ts
FN:12,(anonymous_0)
FN:24,(anonymous_1)
FN:30,(anonymous_2)
FN:36,(anonymous_3)
FN:45,(anonymous_4)
FN:54,(anonymous_5)
FN:63,(anonymous_6)
FN:72,(anonymous_7)
FN:81,(anonymous_8)
FN:90,(anonymous_9)
FN:99,(anonymous_10)
FN:112,(anonymous_11)
FN:122,(anonymous_12)
FNF:13
FNH:0
FNDA:0,(anonymous_0)
FNDA:0,(anonymous_1)
FNDA:0,(anonymous_2)
FNDA:0,(anonymous_3)
FNDA:0,(anonymous_4)
FNDA:0,(anonymous_5)
FNDA:0,(anonymous_6)
FNDA:0,(anonymous_7)
FNDA:0,(anonymous_8)
FNDA:0,(anonymous_9)
FNDA:0,(anonymous_10)
FNDA:0,(anonymous_11)
FNDA:0,(anonymous_12)
DA:16,0
DA:17,0
DA:22,0
DA:25,0
DA:26,0
DA:30,5
DA:31,0
DA:34,0
DA:37,0
DA:38,0
DA:43,0
DA:46,0
DA:47,0
DA:52,0
DA:55,0
DA:56,0
DA:61,0
DA:64,0
DA:65,0
DA:70,0
DA:73,0
DA:74,0
DA:79,0
DA:82,0
DA:83,0
DA:88,0
DA:91,0
DA:92,0
DA:97,0
DA:103,0
DA:108,0
DA:112,5
DA:113,0
DA:114,0
DA:118,0
DA:119,0
DA:122,5
DA:126,0
DA:127,0
LF:39
LH:3
BRDA:31,0,0,0
BRDA:31,0,1,0
BRDA:105,1,0,0
BRDA:105,1,1,0
BRDA:113,2,0,0
BRDA:113,2,1,0
BRDA:118,3,0,0
BRDA:118,3,1,0
BRDA:126,4,0,0
BRDA:126,4,1,0
BRDA:126,5,0,0
BRDA:126,5,1,0
BRF:12
BRH:0
end_of_record
TN:
SF:src/establishment/superEstablishment.ts
FN:1,(anonymous_0)
FNF:1
FNH:0
FNDA:0,(anonymous_0)
DA:1,1
LF:1
LH:1
BRF:0
BRH:0
end_of_record
TN:
SF:src/featureFlag/featureFlags.dto.ts
FN:18,(anonymous_0)
FN:79,(anonymous_1)
FN:80,(anonymous_2)
FN:104,(anonymous_3)
FNF:4
FNH:2
FNDA:0,(anonymous_0)
FNDA:6,(anonymous_1)
FNDA:3,(anonymous_2)
FNDA:0,(anonymous_3)
DA:5,2
DA:9,2
DA:18,2
DA:20,0
DA:24,2
DA:79,2
DA:80,6
DA:88,3
DA:89,1
DA:90,2
DA:97,2
DA:98,2
DA:102,2
DA:104,2
DA:107,0
LF:15
LH:13
BRDA:88,0,0,1
BRDA:88,0,1,2
BRDA:107,1,0,0
BRDA:107,1,1,0
BRF:4
BRH:2
end_of_record
TN:
SF:src/featureFlag/featureFlags.schema.ts
FNF:0
FNH:0
DA:13,1
DA:20,1
DA:31,1
DA:37,1
DA:44,1
DA:51,1
DA:55,1
DA:60,1
LF:8
LH:8
BRF:0
BRH:0
end_of_record
TN:
SF:src/federatedIdentities/federatedIdentity.dto.ts
FN:55,(anonymous_0)
FNF:1
FNH:0
FNDA:0,(anonymous_0)
DA:9,1
DA:31,1
DA:32,1
DA:55,1
DA:58,0
LF:5
LH:4
BRF:0
BRH:0
end_of_record
TN:
SF:src/federatedIdentities/federatedIdentity.schema.ts
FNF:0
FNH:0
DA:4,2
LF:1
LH:1
BRF:0
BRH:0
end_of_record
TN:
SF:src/file/file.dto.ts
FNF:0
FNH:0
LF:0
LH:0
BRF:0
BRH:0
end_of_record
TN:
SF:src/file/file.validators.ts
FN:72,(anonymous_0)
FN:102,(anonymous_1)
FN:124,(anonymous_2)
FN:126,(anonymous_3)
FNF:4
FNH:0
FNDA:0,(anonymous_0)
FNDA:0,(anonymous_1)
FNDA:0,(anonymous_2)
FNDA:0,(anonymous_3)
DA:1,1
DA:3,1
DA:14,1
DA:25,1
DA:30,1
DA:72,1
DA:77,0
DA:78,0
DA:79,0
DA:88,0
DA:93,0
DA:101,0
DA:103,0
DA:107,0
DA:108,0
DA:115,0
DA:116,0
DA:123,0
DA:125,0
DA:126,0
DA:129,0
DA:130,0
DA:136,0
LF:23
LH:6
BRDA:78,0,0,0
BRDA:78,0,1,0
BRDA:88,1,0,0
BRDA:88,1,1,0
BRDA:103,2,0,0
BRDA:103,2,1,0
BRDA:107,3,0,0
BRDA:107,3,1,0
BRDA:115,4,0,0
BRDA:115,4,1,0
BRDA:125,5,0,0
BRDA:125,5,1,0
BRDA:129,6,0,0
BRDA:129,6,1,0
BRF:14
BRH:0
end_of_record
TN:
SF:src/formEstablishment/FormEstablishment.dto.ts
FNF:0
FNH:0
DA:21,1
DA:23,1
LF:2
LH:2
BRF:0
BRH:0
end_of_record
TN:
SF:src/formEstablishment/FormEstablishment.schema.ts
FN:69,(anonymous_0)
FN:70,(anonymous_1)
FN:75,(anonymous_2)
FN:76,(anonymous_3)
FN:98,(anonymous_4)
FNF:5
FNH:0
FNDA:0,(anonymous_0)
FNDA:0,(anonymous_1)
FNDA:0,(anonymous_2)
FNDA:0,(anonymous_3)
FNDA:0,(anonymous_4)
DA:36,1
DA:37,1
DA:39,1
DA:44,1
DA:50,1
DA:70,0
DA:76,0
DA:81,1
DA:89,1
DA:91,1
DA:98,0
DA:140,1
DA:145,1
DA:152,1
DA:157,1
DA:163,1
DA:166,1
DA:223,1
LF:18
LH:15
BRF:0
BRH:0
end_of_record
TN:
SF:src/formEstablishment/FormEstablishmentDtoBuilder.ts
FN:218,(anonymous_0)
FN:222,(anonymous_1)
FN:226,(anonymous_2)
FN:230,(anonymous_3)
FN:234,(anonymous_4)
FN:238,(anonymous_5)
FN:245,(anonymous_6)
FN:249,(anonymous_7)
FN:253,(anonymous_8)
FN:262,(anonymous_9)
FN:266,(anonymous_10)
FN:273,(anonymous_11)
FN:280,(anonymous_12)
FN:287,(anonymous_13)
FN:294,(anonymous_14)
FN:301,(anonymous_15)
FN:308,(anonymous_16)
FN:315,(anonymous_17)
FN:322,(anonymous_18)
FN:326,(anonymous_19)
FN:330,(anonymous_20)
FN:334,(anonymous_21)
FN:342,(anonymous_22)
FN:369,(anonymous_23)
FNF:24
FNH:0
FNDA:0,(anonymous_0)
FNDA:0,(anonymous_1)
FNDA:0,(anonymous_2)
FNDA:0,(anonymous_3)
FNDA:0,(anonymous_4)
FNDA:0,(anonymous_5)
FNDA:0,(anonymous_6)
FNDA:0,(anonymous_7)
FNDA:0,(anonymous_8)
FNDA:0,(anonymous_9)
FNDA:0,(anonymous_10)
FNDA:0,(anonymous_11)
FNDA:0,(anonymous_12)
FNDA:0,(anonymous_13)
FNDA:0,(anonymous_14)
FNDA:0,(anonymous_15)
FNDA:0,(anonymous_16)
FNDA:0,(anonymous_17)
FNDA:0,(anonymous_18)
FNDA:0,(anonymous_19)
FNDA:0,(anonymous_20)
FNDA:0,(anonymous_21)
FNDA:0,(anonymous_22)
FNDA:0,(anonymous_23)
DA:26,1
DA:45,1
DA:64,1
DA:83,1
DA:140,1
DA:186,1
DA:219,0
DA:223,0
DA:227,0
DA:231,0
DA:235,0
DA:239,0
DA:246,0
DA:250,0
DA:256,0
DA:263,0
DA:267,0
DA:274,0
DA:281,0
DA:288,0
DA:295,0
DA:302,0
DA:309,0
DA:316,0
DA:323,0
DA:327,0
DA:331,0
DA:335,0
DA:342,1
DA:356,0
DA:357,0
DA:358,0
DA:359,0
DA:369,0
LF:34
LH:7
BRDA:357,0,0,0
BRDA:357,0,1,0
BRDA:362,1,0,0
BRDA:362,1,1,0
BRDA:364,2,0,0
BRDA:364,2,1,0
BRDA:366,3,0,0
BRDA:366,3,1,0
BRDA:367,4,0,0
BRDA:367,4,1,0
BRDA:371,5,0,0
BRDA:371,5,1,0
BRDA:373,6,0,0
BRDA:373,6,1,0
BRDA:374,7,0,0
BRDA:374,7,1,0
BRDA:375,8,0,0
BRDA:375,8,1,0
BRDA:376,9,0,0
BRDA:376,9,1,0
BRDA:380,10,0,0
BRDA:380,10,1,0
BRDA:388,11,0,0
BRDA:388,11,1,0
BRDA:397,12,0,0
BRDA:397,12,1,0
BRDA:406,13,0,0
BRDA:406,13,1,0
BRDA:415,14,0,0
BRDA:415,14,1,0
BRDA:424,15,0,0
BRDA:424,15,1,0
BRDA:433,16,0,0
BRDA:433,16,1,0
BRDA:442,17,0,0
BRDA:442,17,1,0
BRDA:451,18,0,0
BRDA:451,18,1,0
BRF:38
BRH:0
end_of_record
TN:
SF:src/geoPosition/geoPosition.dto.ts
FNF:0
FNH:0
LF:0
LH:0
BRF:0
BRH:0
end_of_record
TN:
SF:src/geoPosition/geoPosition.schema.ts
FN:10,(anonymous_0)
FN:18,(anonymous_1)
FNF:2
FNH:0
FNDA:0,(anonymous_0)
FNDA:0,(anonymous_1)
DA:4,2
DA:10,0
DA:18,0
LF:3
LH:1
BRF:0
BRH:0
end_of_record
TN:
SF:src/group/group.dto.ts
FNF:0
FNH:0
LF:0
LH:0
BRF:0
BRH:0
end_of_record
TN:
SF:src/group/group.schema.ts
FNF:0
FNH:0
DA:13,1
DA:15,1
DA:19,1
DA:29,1
DA:35,1
LF:5
LH:5
BRF:0
BRH:0
end_of_record
TN:
SF:src/http/httpStatus.ts
FNF:0
FNH:0
LF:0
LH:0
BRF:0
BRH:0
end_of_record
TN:
SF:src/httpClient/httpErrors.schema.ts
FNF:0
FNH:0
DA:9,1
LF:1
LH:1
BRF:0
BRH:0
end_of_record
TN:
SF:src/inboundEmailParsing/brevoInbound.dto.ts
FNF:0
FNH:0
LF:0
LH:0
BRF:0
BRH:0
end_of_record
TN:
SF:src/inboundEmailParsing/brevoInbound.schema.ts
FNF:0
FNH:0
DA:8,1
DA:13,1
DA:20,1
LF:3
LH:3
BRF:0
BRH:0
end_of_record
TN:
SF:src/inboundEmailParsing/inboundEmailParsing.utils.ts
FN:3,(anonymous_0)
FNF:1
FNH:0
FNDA:0,(anonymous_0)
DA:3,1
DA:8,0
DA:10,0
LF:3
LH:1
BRDA:8,0,0,0
BRDA:8,0,1,0
BRF:2
BRH:0
end_of_record
TN:
SF:src/inclusionConnect/inclusionConnect.dto.ts
FN:38,(anonymous_0)
FN:49,(anonymous_1)
FN:58,(anonymous_2)
FNF:3
FNH:0
FNDA:0,(anonymous_0)
FNDA:0,(anonymous_1)
FNDA:0,(anonymous_2)
DA:38,1
DA:42,0
DA:43,0
DA:44,0
DA:45,0
DA:46,0
DA:47,0
DA:48,0
DA:49,0
DA:52,0
DA:53,0
DA:55,0
DA:58,1
DA:61,0
DA:63,1
LF:15
LH:3
BRDA:43,0,0,0
BRDA:43,0,1,0
BRDA:44,1,0,0
BRDA:44,1,1,0
BRDA:46,2,0,0
BRDA:46,2,1,0
BRDA:52,3,0,0
BRDA:52,3,1,0
BRDA:52,4,0,0
BRDA:52,4,1,0
BRF:10
BRH:0
end_of_record
TN:
SF:src/inclusionConnect/inclusionConnect.routes.ts
FNF:0
FNH:0
DA:12,1
LF:1
LH:1
BRF:0
BRH:0
end_of_record
TN:
SF:src/inclusionConnect/inclusionConnect.schema.ts
FNF:0
FNH:0
DA:5,1
DA:10,1
LF:2
LH:2
BRF:0
BRH:0
end_of_record
TN:
SF:src/inclusionConnectedAllowed/InclusionConnectedUser.builder.ts
FN:37,(anonymous_0)
FN:41,(anonymous_1)
FN:45,(anonymous_2)
FN:49,(anonymous_3)
FN:53,(anonymous_4)
FN:57,(anonymous_5)
FN:61,(anonymous_6)
FN:65,(anonymous_7)
FN:75,(anonymous_8)
FN:79,(anonymous_9)
FN:83,(anonymous_10)
FN:88,(anonymous_11)
FN:92,(anonymous_12)
FN:99,(anonymous_13)
FN:106,(anonymous_14)
FN:110,(anonymous_15)
FN:114,(anonymous_16)
FN:118,(anonymous_17)
FN:121,(anonymous_18)
FN:125,(anonymous_19)
FN:129,(anonymous_20)
FNF:21
FNH:0
FNDA:0,(anonymous_0)
FNDA:0,(anonymous_1)
FNDA:0,(anonymous_2)
FNDA:0,(anonymous_3)
FNDA:0,(anonymous_4)
FNDA:0,(anonymous_5)
FNDA:0,(anonymous_6)
FNDA:0,(anonymous_7)
FNDA:0,(anonymous_8)
FNDA:0,(anonymous_9)
FNDA:0,(anonymous_10)
FNDA:0,(anonymous_11)
FNDA:0,(anonymous_12)
FNDA:0,(anonymous_13)
FNDA:0,(anonymous_14)
FNDA:0,(anonymous_15)
FNDA:0,(anonymous_16)
FNDA:0,(anonymous_17)
FNDA:0,(anonymous_18)
FNDA:0,(anonymous_19)
FNDA:0,(anonymous_20)
DA:12,1
DA:21,1
DA:35,0
DA:38,0
DA:42,0
DA:46,0
DA:50,0
DA:54,0
DA:58,0
DA:62,0
DA:66,0
DA:73,0
DA:76,0
DA:80,0
DA:84,0
DA:85,0
DA:89,0
DA:93,0
DA:100,0
DA:107,0
DA:111,0
DA:115,0
DA:119,0
DA:122,0
DA:126,0
DA:130,0
LF:26
LH:2
BRDA:37,0,0,0
BRDA:75,1,0,0
BRF:2
BRH:0
end_of_record
TN:
SF:src/inclusionConnectedAllowed/inclusionConnectedAllowed.dto.ts
FNF:0
FNH:0
DA:18,1
LF:1
LH:1
BRF:0
BRH:0
end_of_record
TN:
SF:src/inclusionConnectedAllowed/inclusionConnectedAllowed.routes.ts
FNF:0
FNH:0
DA:24,1
LF:1
LH:1
BRF:0
BRH:0
end_of_record
TN:
SF:src/inclusionConnectedAllowed/inclusionConnectedAllowed.schema.ts
FNF:0
FNH:0
DA:28,1
DA:30,1
DA:36,1
DA:40,1
DA:42,1
DA:46,1
DA:63,1
DA:80,1
DA:89,1
DA:96,1
DA:109,1
LF:11
LH:11
BRF:0
BRH:0
end_of_record
TN:
SF:src/naf/naf.dto.ts
FN:67,(anonymous_0)
FNF:1
FNH:0
FNDA:0,(anonymous_0)
DA:3,3
DA:29,3
DA:67,3
DA:68,0
DA:69,0
LF:5
LH:3
BRF:0
BRH:0
end_of_record
TN:
SF:src/naf/naf.routes.ts
FNF:0
FNH:0
DA:10,1
LF:1
LH:1
BRF:0
BRH:0
end_of_record
TN:
SF:src/naf/naf.schema.ts
FN:17,(anonymous_0)
FNF:1
FNH:1
FNDA:66,(anonymous_0)
DA:16,3
DA:17,66
DA:20,3
DA:22,3
DA:24,3
DA:28,3
DA:32,3
DA:37,3
DA:38,3
DA:43,3
DA:48,3
DA:50,3
LF:12
LH:12
BRF:0
BRH:0
end_of_record
TN:
SF:src/notifications/notifications.dto.ts
FN:24,(anonymous_0)
FNF:1
FNH:0
FNDA:0,(anonymous_0)
DA:13,1
DA:24,1
DA:25,0
LF:3
LH:2
BRF:0
BRH:0
end_of_record
TN:
SF:src/notifications/notifications.schema.ts
FNF:0
FNH:0
DA:19,1
DA:23,1
DA:30,1
DA:37,1
DA:45,1
DA:52,1
LF:6
LH:6
BRF:0
BRH:0
end_of_record
TN:
SF:src/pagination/pagination.dto.ts
FNF:0
FNH:0
DA:18,1
DA:19,1
LF:2
LH:2
BRF:0
BRH:0
end_of_record
TN:
SF:src/pagination/pagination.schema.ts
FN:36,(anonymous_0)
FNF:1
FNH:0
FNDA:0,(anonymous_0)
DA:8,1
DA:9,1
DA:17,1
DA:24,1
DA:29,1
DA:36,1
DA:39,0
LF:7
LH:6
BRF:0
BRH:0
end_of_record
TN:
SF:src/ramdaExtensions/notEqual.ts
FN:3,(anonymous_0)
FNF:1
FNH:0
FNDA:0,(anonymous_0)
DA:3,1
LF:1
LH:1
BRF:0
BRH:0
end_of_record
TN:
SF:src/ramdaExtensions/path.ts
FN:21,path
FN:22,(anonymous_1)
FN:26,(anonymous_2)
FN:45,pathEq
FN:50,(anonymous_4)
FN:67,pathNotEq
FN:72,(anonymous_6)
FNF:7
FNH:5
FNDA:11,path
FNDA:11,(anonymous_1)
FNDA:26,(anonymous_2)
FNDA:5,pathEq
FNDA:5,(anonymous_4)
FNDA:0,pathNotEq
FNDA:0,(anonymous_6)
DA:22,11
DA:23,11
DA:26,26
DA:30,11
DA:31,10
DA:50,5
DA:52,5
DA:53,4
DA:72,0
DA:74,0
DA:75,0
LF:11
LH:8
BRDA:30,0,0,1
BRDA:30,0,1,10
BRDA:52,1,0,1
BRDA:52,1,1,4
BRDA:74,2,0,0
BRDA:74,2,1,0
BRF:6
BRH:4
end_of_record
TN:
SF:src/role/role.dto.ts
FN:51,(anonymous_0)
FNF:1
FNH:0
FNDA:0,(anonymous_0)
DA:10,2
DA:24,2
DA:33,2
DA:38,2
DA:40,2
DA:45,2
DA:51,2
DA:52,0
DA:53,0
DA:54,0
DA:55,0
DA:58,2
LF:12
LH:8
BRDA:52,0,0,0
BRDA:52,0,1,0
BRDA:53,1,0,0
BRDA:53,1,1,0
BRDA:54,2,0,0
BRDA:54,2,1,0
BRF:6
BRH:0
end_of_record
TN:
SF:src/role/role.schema.ts
FNF:0
FNH:0
DA:11,2
DA:14,2
DA:17,2
LF:3
LH:3
BRF:0
BRH:0
end_of_record
TN:
SF:src/role/role.utils.ts
FNF:0
FNH:0
DA:4,1
DA:15,1
DA:22,1
LF:3
LH:3
BRF:0
BRH:0
end_of_record
TN:
SF:src/romeAndAppellationDtos/romeAndAppellation.dto.ts
FNF:0
FNH:0
DA:8,1
DA:36,1
LF:2
LH:2
BRF:0
BRH:0
end_of_record
TN:
SF:src/romeAndAppellationDtos/romeAndAppellation.schema.ts
FNF:0
FNH:0
DA:12,3
DA:13,3
DA:17,3
DA:18,3
DA:24,3
DA:26,3
DA:30,3
DA:37,3
DA:52,3
DA:61,3
LF:10
LH:10
BRF:0
BRH:0
end_of_record
TN:
SF:src/routes/addressRoutes.ts
FNF:0
FNH:0
DA:11,1
LF:1
LH:1
BRF:0
BRH:0
end_of_record
TN:
SF:src/routes/agencyRoutes.ts
FNF:0
FNH:0
DA:22,1
LF:1
LH:1
BRF:0
BRH:0
end_of_record
TN:
SF:src/routes/establishementRoutes.ts
FNF:0
FNH:0
DA:9,1
LF:1
LH:1
BRF:0
BRH:0
end_of_record
TN:
SF:src/routes/establishmentLeadRoutes.ts
FNF:0
FNH:0
DA:8,1
LF:1
LH:1
BRF:0
BRH:0
end_of_record
TN:
SF:src/routes/formCompletion.routes.ts
FNF:0
FNH:0
DA:12,1
LF:1
LH:1
BRF:0
BRH:0
end_of_record
TN:
SF:src/routes/routeUtils.ts
FN:4,(anonymous_0)
FN:13,(anonymous_1)
FNF:2
FNH:0
FNDA:0,(anonymous_0)
FNDA:0,(anonymous_1)
DA:4,1
DA:11,0
DA:13,0
LF:3
LH:1
BRF:0
BRH:0
end_of_record
TN:
SF:src/routes/routes.ts
FNF:0
FNH:0
DA:3,1
DA:9,1
DA:45,1
DA:46,1
DA:48,1
LF:5
LH:5
BRF:0
BRH:0
end_of_record
TN:
SF:src/routes/technicalRoutes.ts
FNF:0
FNH:0
DA:23,1
DA:29,1
DA:33,1
LF:3
LH:3
BRF:0
BRH:0
end_of_record
TN:
SF:src/schedule/Schedule.dto.ts
FNF:0
FNH:0
DA:4,2
DA:34,2
LF:2
LH:2
BRF:0
BRH:0
end_of_record
TN:
SF:src/schedule/Schedule.schema.ts
FN:29,(anonymous_0)
FN:31,(anonymous_1)
FNF:2
FNH:2
FNDA:29,(anonymous_0)
FNDA:588,(anonymous_1)
DA:19,2
DA:25,2
DA:29,2
DA:30,29
DA:31,588
DA:35,2
DA:41,2
DA:43,2
DA:53,2
DA:55,2
LF:10
LH:10
BRDA:32,0,0,29
BRDA:32,0,1,21
BRF:2
BRH:2
end_of_record
TN:
SF:src/schedule/ScheduleDtoBuilder.ts
FN:24,(anonymous_0)
FN:29,(anonymous_1)
FN:32,(anonymous_2)
FN:52,(anonymous_3)
FN:54,(anonymous_4)
FN:58,(anonymous_5)
FN:68,(anonymous_6)
FN:72,(anonymous_7)
FN:76,(anonymous_8)
FN:80,(anonymous_9)
FN:101,(anonymous_10)
FN:119,(anonymous_11)
FN:123,(anonymous_12)
FNF:13
FNH:11
FNDA:40,(anonymous_0)
FNDA:641,(anonymous_1)
FNDA:280,(anonymous_2)
FNDA:136,(anonymous_3)
FNDA:51,(anonymous_4)
FNDA:44,(anonymous_5)
FNDA:37,(anonymous_6)
FNDA:2,(anonymous_7)
FNDA:0,(anonymous_8)
FNDA:0,(anonymous_9)
FNDA:40,(anonymous_10)
FNDA:2,(anonymous_11)
FNDA:2,(anonymous_12)
DA:19,2
DA:24,2
DA:28,40
DA:30,641
DA:32,280
DA:39,2
DA:46,2
DA:55,51
DA:61,44
DA:69,37
DA:73,2
DA:79,0
DA:80,0
DA:91,0
DA:104,40
DA:109,40
DA:120,2
DA:124,2
LF:18
LH:15
BRDA:52,0,0,48
BRF:1
BRH:1
end_of_record
TN:
SF:src/schedule/ScheduleUtils.ts
FN:71,(anonymous_0)
FN:84,(anonymous_1)
FN:90,(anonymous_2)
FN:91,(anonymous_3)
FN:94,(anonymous_4)
FN:99,(anonymous_5)
FN:100,(anonymous_6)
FN:112,(anonymous_7)
FN:131,(anonymous_8)
FN:137,(anonymous_9)
FN:154,(anonymous_10)
FN:160,(anonymous_11)
FN:170,(anonymous_12)
FN:172,(anonymous_13)
FN:176,(anonymous_14)
FN:181,(anonymous_15)
FN:187,(anonymous_16)
FN:194,(anonymous_17)
FN:200,(anonymous_18)
FN:215,(anonymous_19)
FN:218,(anonymous_20)
FN:220,(anonymous_21)
FN:222,(anonymous_22)
FN:281,(anonymous_23)
FN:286,(anonymous_24)
FN:291,(anonymous_25)
FN:300,(anonymous_26)
FN:308,(anonymous_27)
FN:324,(anonymous_28)
FN:335,(anonymous_29)
FN:340,(anonymous_30)
FN:341,(anonymous_31)
FN:344,(anonymous_32)
FN:357,(anonymous_33)
FN:358,(anonymous_34)
FN:367,(anonymous_35)
FN:387,(anonymous_36)
FN:395,(anonymous_37)
FN:401,(anonymous_38)
FN:421,(anonymous_39)
FN:426,(anonymous_40)
FN:435,(anonymous_41)
FN:440,(anonymous_42)
FN:459,(anonymous_43)
FN:470,(anonymous_44)
FN:478,(anonymous_45)
FN:479,(anonymous_46)
FN:494,(anonymous_47)
FN:503,(anonymous_48)
FN:506,(anonymous_49)
FN:512,(anonymous_50)
FN:519,(anonymous_51)
FN:524,(anonymous_52)
FN:531,(anonymous_53)
FN:539,(anonymous_54)
FN:541,(anonymous_55)
FN:544,(anonymous_56)
FN:546,(anonymous_57)
FNF:58
FNH:49
FNDA:155,(anonymous_0)
FNDA:11,(anonymous_1)
FNDA:15,(anonymous_2)
FNDA:15,(anonymous_3)
FNDA:0,(anonymous_4)
FNDA:0,(anonymous_5)
FNDA:0,(anonymous_6)
FNDA:0,(anonymous_7)
FNDA:137,(anonymous_8)
FNDA:19,(anonymous_9)
FNDA:2401,(anonymous_10)
FNDA:7402,(anonymous_11)
FNDA:2214,(anonymous_12)
FNDA:4244,(anonymous_13)
FNDA:18688,(anonymous_14)
FNDA:4244,(anonymous_15)
FNDA:1572,(anonymous_16)
FNDA:7056,(anonymous_17)
FNDA:2352,(anonymous_18)
FNDA:0,(anonymous_19)
FNDA:153,(anonymous_20)
FNDA:1295,(anonymous_21)
FNDA:106,(anonymous_22)
FNDA:162,(anonymous_23)
FNDA:0,(anonymous_24)
FNDA:86,(anonymous_25)
FNDA:53,(anonymous_26)
FNDA:155,(anonymous_27)
FNDA:11407,(anonymous_28)
FNDA:22,(anonymous_29)
FNDA:206,(anonymous_30)
FNDA:183,(anonymous_31)
FNDA:118,(anonymous_32)
FNDA:213,(anonymous_33)
FNDA:1491,(anonymous_34)
FNDA:9901,(anonymous_35)
FNDA:105,(anonymous_36)
FNDA:208,(anonymous_37)
FNDA:1440,(anonymous_38)
FNDA:0,(anonymous_39)
FNDA:85,(anonymous_40)
FNDA:0,(anonymous_41)
FNDA:0,(anonymous_42)
FNDA:1141,(anonymous_43)
FNDA:104,(anonymous_44)
FNDA:7,(anonymous_45)
FNDA:49,(anonymous_46)
FNDA:4,(anonymous_47)
FNDA:12,(anonymous_48)
FNDA:46,(anonymous_49)
FNDA:15,(anonymous_50)
FNDA:89,(anonymous_51)
FNDA:86,(anonymous_52)
FNDA:15,(anonymous_53)
FNDA:105,(anonymous_54)
FNDA:119,(anonymous_55)
FNDA:99,(anonymous_56)
FNDA:693,(anonymous_57)
DA:50,2
DA:71,2
DA:74,155
DA:75,155
DA:76,155
DA:77,155
DA:84,2
DA:89,11
DA:90,15
DA:91,15
DA:94,2
DA:98,0
DA:99,0
DA:101,0
DA:102,0
DA:103,0
DA:104,0
DA:105,0
DA:113,0
DA:120,2
DA:131,2
DA:132,137
DA:137,2
DA:142,19
DA:145,19
DA:154,2
DA:157,2401
DA:158,2401
DA:159,2401
DA:160,7402
DA:162,2401
DA:163,0
DA:170,2
DA:171,2214
DA:172,4244
DA:176,2
DA:177,18688
DA:178,18688
DA:181,2
DA:182,4244
DA:183,4244
DA:184,4244
DA:187,2
DA:188,1572
DA:189,1572
DA:190,1572
DA:191,1572
DA:194,2
DA:195,7056
DA:196,7056
DA:200,2
DA:204,2352
DA:205,2352
DA:206,2352
DA:209,2352
DA:215,2
DA:216,0
DA:218,2
DA:220,1295
DA:222,2
DA:228,106
DA:229,88
DA:230,88
DA:235,88
DA:236,168
DA:237,2
DA:243,86
DA:245,86
DA:246,1
DA:248,85
DA:249,85
DA:250,1
DA:252,84
DA:253,790
DA:255,1572
DA:256,0
DA:263,1572
DA:267,3140
DA:271,0
DA:281,162
DA:282,84
DA:283,7
DA:286,2
DA:287,0
DA:291,2
DA:294,86
DA:295,29
DA:297,57
DA:301,53
DA:308,2
DA:315,155
DA:316,155
DA:317,155
DA:318,155
DA:319,155
DA:323,1648
DA:325,11407
DA:330,1648
DA:332,155
DA:335,2
DA:338,22
DA:340,206
DA:341,183
DA:344,2
DA:349,118
DA:352,118
DA:358,213
DA:359,1491
DA:363,1491
DA:367,1491
DA:368,9901
DA:371,9901
DA:377,1491
DA:387,2
DA:391,105
DA:395,2
DA:398,208
DA:402,1440
DA:410,2
DA:421,2
DA:424,0
DA:426,2
DA:428,85
DA:435,2
DA:439,0
DA:441,0
DA:442,0
DA:447,0
DA:450,0
DA:459,2
DA:463,1141
DA:464,1141
DA:470,2
DA:475,104
DA:477,104
DA:479,49
DA:483,104
DA:484,104
DA:488,1131
DA:489,1118
DA:491,104
DA:494,2
DA:497,4
DA:498,4
DA:499,4
DA:500,4
DA:503,2
DA:504,12
DA:505,12
DA:507,46
DA:512,2
DA:516,15
DA:520,89
DA:521,89
DA:525,86
DA:531,2
DA:536,15
DA:537,15
DA:538,15
DA:540,105
DA:541,119
DA:545,99
DA:546,693
DA:548,99
LF:164
LH:145
BRDA:87,0,0,9
BRDA:103,1,0,0
BRDA:103,1,1,0
BRDA:103,2,0,0
BRDA:103,2,1,0
BRDA:133,3,0,137
BRDA:133,3,1,135
BRDA:139,4,0,2
BRDA:140,5,0,19
BRDA:142,6,0,19
BRDA:142,6,1,0
BRDA:162,7,0,2401
BRDA:162,7,1,0
BRDA:209,8,0,784
BRDA:209,8,1,1568
BRDA:228,9,0,18
BRDA:228,9,1,88
BRDA:236,10,0,2
BRDA:236,10,1,166
BRDA:245,11,0,1
BRDA:245,11,1,85
BRDA:249,12,0,1
BRDA:249,12,1,84
BRDA:255,13,0,0
BRDA:255,13,1,1572
BRDA:267,14,0,0
BRDA:267,14,1,3140
BRDA:268,15,0,3140
BRDA:268,15,1,1568
BRDA:282,16,0,7
BRDA:282,16,1,77
BRDA:294,17,0,29
BRDA:294,17,1,57
BRDA:294,18,0,86
BRDA:294,18,1,78
BRDA:301,19,0,1
BRDA:301,19,1,52
BRDA:325,20,0,11407
BRDA:325,20,1,1302
BRDA:325,20,2,1299
BRDA:330,21,0,1299
BRDA:330,21,1,349
BRDA:352,22,0,114
BRDA:352,22,1,4
BRDA:372,23,0,9901
BRDA:372,23,1,939
BRDA:372,23,2,919
BRDA:378,24,0,1491
BRDA:378,24,1,572
BRDA:402,25,0,915
BRDA:402,25,1,525
BRDA:424,26,0,0
BRDA:424,26,1,0
BRDA:424,27,0,0
BRDA:424,27,1,0
BRDA:437,28,0,0
BRDA:441,29,0,0
BRDA:441,29,1,0
BRDA:477,30,0,104
BRDA:477,30,1,85
BRDA:488,31,0,1118
BRDA:488,31,1,13
BRDA:507,32,0,46
BRDA:507,32,1,5
BRDA:520,33,0,89
BRDA:520,33,1,11
BRDA:521,34,0,89
BRDA:521,34,1,87
BRDA:540,35,0,77
BRDA:540,35,1,28
BRDA:548,36,0,73
BRDA:548,36,1,26
BRF:72
BRH:57
end_of_record
TN:
SF:src/search/SearchQueryParams.dto.ts
FNF:0
FNH:0
DA:9,1
LF:1
LH:1
BRF:0
BRH:0
end_of_record
TN:
SF:src/search/SearchQueryParams.schema.ts
FNF:0
FNH:0
DA:10,1
DA:28,1
LF:2
LH:2
BRF:0
BRH:0
end_of_record
TN:
SF:src/search/SearchResult.dto.ts
FNF:0
FNH:0
LF:0
LH:0
BRF:0
BRH:0
end_of_record
TN:
SF:src/search/SearchResult.schema.ts
FNF:0
FNH:0
DA:11,1
DA:47,1
LF:2
LH:2
BRF:0
BRH:0
end_of_record
TN:
SF:src/search/search.routes.ts
FNF:0
FNH:0
DA:14,1
LF:1
LH:1
BRF:0
BRH:0
end_of_record
TN:
SF:src/search/search.utils.ts
FN:3,(anonymous_0)
FNF:1
FNH:0
FNDA:0,(anonymous_0)
DA:3,1
DA:4,0
DA:5,0
DA:6,0
DA:7,0
LF:5
LH:1
BRDA:4,0,0,0
BRDA:4,0,1,0
BRF:2
BRH:0
end_of_record
TN:
SF:src/search/searchText.schema.ts
FN:3,(anonymous_0)
FNF:1
FNH:1
FNDA:6,(anonymous_0)
DA:3,6
DA:5,4
LF:2
LH:2
BRF:0
BRH:0
end_of_record
TN:
SF:src/shortLink/shortLink.dto.ts
FNF:0
FNH:0
LF:0
LH:0
BRF:0
BRH:0
end_of_record
TN:
SF:src/siret/siret.schema.ts
FNF:0
FNH:0
DA:18,3
DA:20,3
DA:24,3
DA:28,3
DA:37,3
DA:41,3
DA:42,3
LF:7
LH:7
BRF:0
BRH:0
end_of_record
TN:
SF:src/siret/siret.ts
FN:66,(anonymous_0)
FN:69,(anonymous_1)
FNF:2
FNH:0
FNDA:0,(anonymous_0)
FNDA:0,(anonymous_1)
DA:5,3
DA:7,3
DA:8,3
DA:9,3
DA:10,3
DA:13,3
DA:14,3
DA:15,3
DA:17,3
DA:18,3
DA:40,3
DA:66,3
DA:67,0
DA:69,3
DA:70,0
LF:15
LH:13
BRF:0
BRH:0
end_of_record
TN:
SF:src/siretAndAppellation/SiretAndAppellation.dto.ts
FNF:0
FNH:0
LF:0
LH:0
BRF:0
BRH:0
end_of_record
TN:
SF:src/siretAndAppellation/SiretAndAppellation.schema.ts
FNF:0
FNH:0
DA:10,1
DA:16,1
DA:18,1
LF:3
LH:3
BRF:0
BRH:0
end_of_record
TN:
SF:src/siretAndRome/SiretAndRome.dto.ts
FNF:0
FNH:0
LF:0
LH:0
BRF:0
BRH:0
end_of_record
TN:
SF:src/siretAndRome/SiretAndRome.schema.ts
FNF:0
FNH:0
DA:6,1
LF:1
LH:1
BRF:0
BRH:0
end_of_record
TN:
SF:src/sms/sms.schema.ts
FN:9,(anonymous_0)
FNF:1
FNH:1
FNDA:2,(anonymous_0)
DA:7,2
DA:10,2
DA:14,1
DA:20,2
LF:4
LH:4
BRDA:10,0,0,1
BRDA:10,0,1,1
BRDA:11,1,0,2
BRDA:11,1,1,2
BRF:4
BRH:4
end_of_record
TN:
SF:src/sms/smsTemplateByName.ts
FN:32,(anonymous_0)
FN:43,(anonymous_1)
FN:47,(anonymous_2)
FN:51,(anonymous_3)
FNF:4
FNH:1
FNDA:1,(anonymous_0)
FNDA:0,(anonymous_1)
FNDA:0,(anonymous_2)
FNDA:0,(anonymous_3)
DA:32,1
DA:38,1
DA:41,1
DA:44,0
DA:48,0
DA:52,0
LF:6
LH:3
BRF:0
BRH:0
end_of_record
TN:
SF:src/tokens/jwt.dto.ts
FNF:0
FNH:0
DA:12,2
DA:22,2
LF:2
LH:2
BRF:0
BRH:0
end_of_record
TN:
SF:src/tokens/jwt.utils.ts
FN:11,(anonymous_0)
FN:14,(anonymous_1)
FN:15,(anonymous_2)
FN:17,(anonymous_3)
FN:27,(anonymous_4)
FN:30,(anonymous_5)
FN:40,(anonymous_6)
FN:46,(anonymous_7)
FN:70,(anonymous_8)
FNF:9
FNH:0
FNDA:0,(anonymous_0)
FNDA:0,(anonymous_1)
FNDA:0,(anonymous_2)
FNDA:0,(anonymous_3)
FNDA:0,(anonymous_4)
FNDA:0,(anonymous_5)
FNDA:0,(anonymous_6)
FNDA:0,(anonymous_7)
FNDA:0,(anonymous_8)
DA:11,1
DA:14,0
DA:15,1
DA:17,1
DA:18,0
DA:19,0
DA:21,0
DA:22,0
DA:27,1
DA:28,0
DA:30,1
DA:31,0
DA:32,0
DA:33,0
DA:35,0
DA:36,0
DA:40,1
DA:44,0
DA:46,1
DA:56,0
DA:57,0
DA:59,0
DA:70,1
DA:83,0
LF:24
LH:8
BRDA:52,0,0,0
BRDA:53,1,0,0
BRDA:57,2,0,0
BRDA:57,2,1,0
BRDA:66,3,0,0
BRDA:66,3,1,0
BRDA:75,4,0,0
BRDA:76,5,0,0
BRF:8
BRH:0
end_of_record
TN:
SF:src/tokens/jwtPayload.dto.ts
FNF:0
FNH:0
LF:0
LH:0
BRF:0
BRH:0
end_of_record
TN:
SF:src/utils/address.ts
FN:11,(anonymous_0)
FN:29,(anonymous_1)
FN:44,(anonymous_2)
FN:51,(anonymous_3)
FN:56,(anonymous_4)
FNF:5
FNH:3
FNDA:3,(anonymous_0)
FNDA:3,(anonymous_1)
FNDA:2,(anonymous_2)
FNDA:0,(anonymous_3)
FNDA:0,(anonymous_4)
DA:11,2
DA:16,3
DA:17,3
DA:18,3
DA:19,3
DA:20,3
DA:22,3
DA:29,3
DA:31,2
DA:44,2
DA:45,2
DA:46,1
DA:48,1
DA:51,2
DA:52,0
DA:56,2
DA:57,0
DA:58,0
LF:18
LH:15
BRDA:23,0,0,3
BRDA:23,0,1,0
BRDA:24,1,0,3
BRDA:24,1,1,0
BRDA:25,2,0,3
BRDA:25,2,1,0
BRDA:45,3,0,1
BRDA:45,3,1,1
BRDA:52,4,0,0
BRDA:52,4,1,0
BRF:10
BRH:5
end_of_record
TN:
SF:src/utils/beneficiary.ts
FN:10,(anonymous_0)
FN:23,(anonymous_1)
FN:29,(anonymous_2)
FNF:3
FNH:3
FNDA:4,(anonymous_0)
FNDA:4,(anonymous_1)
FNDA:4,(anonymous_2)
DA:10,2
DA:19,4
DA:23,4
DA:26,4
DA:29,2
DA:36,4
LF:6
LH:6
BRDA:23,0,0,4
BRDA:23,0,1,0
BRDA:36,1,0,3
BRDA:36,1,1,1
BRF:4
BRH:3
end_of_record
TN:
SF:src/utils/csv.ts
FN:3,(anonymous_0)
FN:9,(anonymous_1)
FN:16,(anonymous_2)
FN:20,(anonymous_3)
FN:28,(anonymous_4)
FNF:5
FNH:0
FNDA:0,(anonymous_0)
FNDA:0,(anonymous_1)
FNDA:0,(anonymous_2)
FNDA:0,(anonymous_3)
FNDA:0,(anonymous_4)
DA:3,1
DA:6,0
DA:9,0
DA:16,1
DA:18,0
DA:20,1
DA:21,0
DA:22,0
DA:25,0
DA:28,1
LF:10
LH:4
BRDA:21,0,0,0
BRDA:21,0,1,0
BRDA:25,1,0,0
BRDA:25,1,1,0
BRF:4
BRH:0
end_of_record
TN:
SF:src/utils/date.ts
FN:21,(anonymous_0)
FN:23,(anonymous_1)
FN:34,(anonymous_2)
FN:36,(anonymous_3)
FN:41,(anonymous_4)
FNF:5
FNH:4
FNDA:4,(anonymous_0)
FNDA:4,(anonymous_1)
FNDA:0,(anonymous_2)
FNDA:9947,(anonymous_3)
FNDA:5,(anonymous_4)
DA:10,11
DA:12,11
DA:16,11
DA:19,11
DA:21,11
DA:23,11
DA:30,4
DA:34,11
DA:36,11
DA:37,9947
DA:38,0
DA:41,11
DA:48,5
DA:49,5
DA:50,5
DA:51,5
DA:52,3
LF:17
LH:16
BRDA:25,0,0,2
BRDA:30,1,0,2
BRDA:30,1,1,2
BRDA:31,2,0,1
BRDA:31,2,1,2
BRDA:37,3,0,9947
BRDA:37,3,1,0
BRDA:43,4,0,5
BRDA:50,5,0,2
BRDA:50,5,1,3
BRDA:50,6,0,5
BRDA:50,6,1,2
BRDA:51,7,0,2
BRDA:51,7,1,3
BRDA:53,8,0,1
BRDA:53,8,1,2
BRF:16
BRH:15
end_of_record
TN:
SF:src/utils/establishment.ts
FNF:0
FNH:0
DA:1,1
LF:1
LH:1
BRF:0
BRH:0
end_of_record
TN:
SF:src/utils/json.ts
FN:1,(anonymous_0)
FNF:1
FNH:0
FNDA:0,(anonymous_0)
DA:1,1
DA:2,0
DA:3,0
DA:5,0
DA:6,0
LF:5
LH:1
BRF:0
BRH:0
end_of_record
TN:
SF:src/utils/mergeObjectsExpectFalsyValues.ts
FN:3,(anonymous_0)
FN:11,(anonymous_1)
FNF:2
FNH:0
FNDA:0,(anonymous_0)
FNDA:0,(anonymous_1)
DA:3,1
DA:7,0
DA:11,0
DA:12,0
DA:13,0
LF:5
LH:1
BRDA:16,0,0,0
BRDA:16,0,1,0
BRDA:16,1,0,0
BRDA:16,1,1,0
BRF:4
BRH:0
end_of_record
TN:
SF:src/utils/postalCode.ts
FNF:0
FNH:0
DA:4,3
DA:5,3
LF:2
LH:2
BRF:0
BRH:0
end_of_record
TN:
SF:src/utils/queryParams.ts
FN:10,(anonymous_0)
FN:17,(anonymous_1)
FNF:2
FNH:2
FNDA:3,(anonymous_0)
FNDA:3,(anonymous_1)
DA:10,2
DA:13,3
DA:17,3
LF:3
LH:3
BRDA:19,0,0,3
BRDA:19,0,1,0
BRF:2
BRH:1
end_of_record
TN:
SF:src/utils/searchResult.ts
FN:4,(anonymous_0)
FN:6,(anonymous_1)
FNF:2
FNH:0
FNDA:0,(anonymous_0)
FNDA:0,(anonymous_1)
DA:4,1
DA:5,0
DA:6,1
DA:7,0
LF:4
LH:2
BRF:0
BRH:0
end_of_record
TN:
SF:src/utils/string.ts
FN:3,(anonymous_0)
FN:6,(anonymous_1)
FN:28,(anonymous_2)
FN:31,(anonymous_3)
FN:34,(anonymous_4)
FN:40,(anonymous_5)
FN:46,(anonymous_6)
FN:48,(anonymous_7)
FN:51,(anonymous_8)
FN:57,(anonymous_9)
FN:58,(anonymous_10)
FNF:11
FNH:7
FNDA:0,(anonymous_0)
FNDA:5,(anonymous_1)
FNDA:488,(anonymous_2)
FNDA:483,(anonymous_3)
FNDA:5,(anonymous_4)
FNDA:7,(anonymous_5)
FNDA:129,(anonymous_6)
FNDA:0,(anonymous_7)
FNDA:7,(anonymous_8)
FNDA:0,(anonymous_9)
FNDA:0,(anonymous_10)
DA:3,5
DA:4,0
DA:6,5
DA:11,5
DA:18,5
DA:19,5
DA:20,3
DA:22,5
DA:23,4
DA:25,5
DA:28,5
DA:29,488
DA:31,5
DA:32,483
DA:34,5
DA:35,5
DA:40,5
DA:41,7
DA:42,7
DA:43,7
DA:46,129
DA:48,5
DA:49,0
DA:51,5
DA:53,7
DA:54,7
DA:57,5
DA:58,0
DA:59,0
DA:60,0
DA:61,0
DA:62,0
DA:64,0
DA:66,0
LF:34
LH:25
BRDA:8,0,0,0
BRDA:9,1,0,0
BRDA:19,2,0,3
BRDA:19,2,1,2
BRDA:22,3,0,4
BRDA:22,3,1,1
BRDA:49,4,0,0
BRDA:49,4,1,0
BRDA:59,5,0,0
BRDA:59,5,1,0
BRDA:60,6,0,0
BRDA:60,6,1,0
BRDA:61,7,0,0
BRDA:61,7,1,0
BRDA:61,8,0,0
BRDA:61,8,1,0
BRF:16
BRH:4
end_of_record
TN:
SF:src/utils/toDotNotation.ts
FN:1,(anonymous_0)
FN:2,(anonymous_1)
FNF:2
FNH:2
FNDA:14,(anonymous_0)
FNDA:36,(anonymous_1)
DA:1,2
DA:2,14
DA:3,36
DA:4,36
DA:6,36
DA:7,14
DA:12,22
LF:7
LH:7
BRDA:2,0,0,14
BRDA:2,0,1,0
BRDA:4,1,0,27
BRDA:4,1,1,9
BRDA:6,2,0,14
BRDA:6,2,1,22
BRDA:6,3,0,36
BRDA:6,3,1,36
BRDA:7,4,0,10
BRDA:7,4,1,4
BRF:10
BRH:9
end_of_record
